2022-08-29 20:57:47.8963|0|DEBUG|Microsoft.EntityFrameworkCore.Infrastructure|An 'IServiceProvider' was created for internal use by Entity Framework. 
2022-08-29 20:57:48.6958|0|DEBUG|Microsoft.EntityFrameworkCore.Model.Validation|The property '_3dModel.categoryId' was created in shadow state because there are no eligible CLR members with a matching name. 
2022-08-29 20:57:48.8823|0|INFO|Microsoft.EntityFrameworkCore.Infrastructure|Entity Framework Core 6.0.8 initialized 'AppDbContext' using provider 'Microsoft.EntityFrameworkCore.SqlServer:6.0.8' with options: None 
2022-08-29 20:57:49.1381|0|DEBUG|Microsoft.EntityFrameworkCore.Query|Compiling query expression: 
'DbSet<Category>()
    .Any()' 
2022-08-29 20:57:49.3893|0|DEBUG|Microsoft.EntityFrameworkCore.Query|Generated query execution expression: 
'queryContext => new SingleQueryingEnumerable<bool>(
    (RelationalQueryContext)queryContext, 
    RelationalCommandCache.SelectExpression(
        Projection Mapping:
            EmptyProjectionMember -> 0
        SELECT EXISTS (
            SELECT 1
            FROM Categories AS c)), 
    Func<QueryContext, DbDataReader, ResultContext, SingleQueryResultCoordinator, bool>, 
    Resource3dModelsApi.Infrastructure.Data.AppDbContext, 
    False, 
    False, 
    True
)
    .Single()' 
2022-08-29 20:57:49.4412|0|DEBUG|Microsoft.EntityFrameworkCore.Database.Command|Creating DbCommand for 'ExecuteReader'. 
2022-08-29 20:57:49.5220|0|DEBUG|Microsoft.EntityFrameworkCore.Database.Command|Created DbCommand for 'ExecuteReader' (80ms). 
2022-08-29 20:57:49.5220|0|DEBUG|Microsoft.EntityFrameworkCore.Database.Connection|Opening connection to database 'ResourceApi_3d' on server '(localdb)\mssqllocaldb'. 
2022-08-29 20:57:57.3372|0|DEBUG|Microsoft.EntityFrameworkCore.Database.Connection|Opened connection to database 'ResourceApi_3d' on server '(localdb)\mssqllocaldb'. 
2022-08-29 20:57:57.3372|0|DEBUG|Microsoft.EntityFrameworkCore.Database.Command|Executing DbCommand [Parameters=[], CommandType='Text', CommandTimeout='30']
SELECT CASE
    WHEN EXISTS (
        SELECT 1
        FROM [Categories] AS [c]) THEN CAST(1 AS bit)
    ELSE CAST(0 AS bit)
END 
2022-08-29 20:57:57.3854|0|INFO|Microsoft.EntityFrameworkCore.Database.Command|Executed DbCommand (40ms) [Parameters=[], CommandType='Text', CommandTimeout='30']
SELECT CASE
    WHEN EXISTS (
        SELECT 1
        FROM [Categories] AS [c]) THEN CAST(1 AS bit)
    ELSE CAST(0 AS bit)
END 
2022-08-29 20:57:57.4034|0|DEBUG|Microsoft.EntityFrameworkCore.Database.Command|A data reader was disposed. 
2022-08-29 20:57:57.4034|0|DEBUG|Microsoft.EntityFrameworkCore.Database.Connection|Closing connection to database 'ResourceApi_3d' on server '(localdb)\mssqllocaldb'. 
2022-08-29 20:57:57.4171|0|DEBUG|Microsoft.EntityFrameworkCore.Database.Connection|Closed connection to database 'ResourceApi_3d' on server '(localdb)\mssqllocaldb'. 
2022-08-29 20:57:57.4171|0|DEBUG|Microsoft.EntityFrameworkCore.Infrastructure|'AppDbContext' disposed. 
2022-08-29 20:57:57.5211|0|DEBUG|Microsoft.AspNetCore.Mvc.ModelBinding.ModelBinderFactory|Registered model binder providers, in the following order: Microsoft.AspNetCore.Mvc.ModelBinding.Binders.BinderTypeModelBinderProvider, Microsoft.AspNetCore.Mvc.ModelBinding.Binders.ServicesModelBinderProvider, Microsoft.AspNetCore.Mvc.ModelBinding.Binders.BodyModelBinderProvider, Microsoft.AspNetCore.Mvc.ModelBinding.Binders.HeaderModelBinderProvider, Microsoft.AspNetCore.Mvc.ModelBinding.Binders.FloatingPointTypeModelBinderProvider, Microsoft.AspNetCore.Mvc.ModelBinding.Binders.EnumTypeModelBinderProvider, Microsoft.AspNetCore.Mvc.ModelBinding.Binders.DateTimeModelBinderProvider, Microsoft.AspNetCore.Mvc.ModelBinding.Binders.SimpleTypeModelBinderProvider, Microsoft.AspNetCore.Mvc.ModelBinding.Binders.CancellationTokenModelBinderProvider, Microsoft.AspNetCore.Mvc.ModelBinding.Binders.ByteArrayModelBinderProvider, Microsoft.AspNetCore.Mvc.ModelBinding.Binders.FormFileModelBinderProvider, Microsoft.AspNetCore.Mvc.ModelBinding.Binders.FormCollectionModelBinderProvider, Microsoft.AspNetCore.Mvc.ModelBinding.Binders.KeyValuePairModelBinderProvider, Microsoft.AspNetCore.Mvc.ModelBinding.Binders.DictionaryModelBinderProvider, Microsoft.AspNetCore.Mvc.ModelBinding.Binders.ArrayModelBinderProvider, Microsoft.AspNetCore.Mvc.ModelBinding.Binders.CollectionModelBinderProvider, Microsoft.AspNetCore.Mvc.ModelBinding.Binders.ComplexObjectModelBinderProvider 
2022-08-29 20:57:57.5696|0|DEBUG|Microsoft.Extensions.Hosting.Internal.Host|Hosting starting 
2022-08-29 20:57:57.6125|0|INFO|Microsoft.AspNetCore.DataProtection.KeyManagement.XmlKeyManager|User profile is available. Using 'C:\Users\USER\AppData\Local\ASP.NET\DataProtection-Keys' as key repository and Windows DPAPI to encrypt keys at rest. 
2022-08-29 20:57:57.6167|0|DEBUG|Microsoft.AspNetCore.DataProtection.Repositories.FileSystemXmlRepository|Reading data from file 'C:\Users\USER\AppData\Local\ASP.NET\DataProtection-Keys\key-30869792-1458-454f-9ab8-6e26e995c870.xml'. 
2022-08-29 20:57:57.6327|0|DEBUG|Microsoft.AspNetCore.DataProtection.Repositories.FileSystemXmlRepository|Reading data from file 'C:\Users\USER\AppData\Local\ASP.NET\DataProtection-Keys\key-6e80eba1-dbb5-464b-bb70-f5327041bead.xml'. 
2022-08-29 20:57:57.6327|0|DEBUG|Microsoft.AspNetCore.DataProtection.Repositories.FileSystemXmlRepository|Reading data from file 'C:\Users\USER\AppData\Local\ASP.NET\DataProtection-Keys\key-7fe47b8f-6cda-4994-97c8-a0c6c0358b19.xml'. 
2022-08-29 20:57:57.6489|0|DEBUG|Microsoft.AspNetCore.DataProtection.Repositories.FileSystemXmlRepository|Reading data from file 'C:\Users\USER\AppData\Local\ASP.NET\DataProtection-Keys\key-f27e53c6-fda9-4b18-a305-1e72ab71cdc6.xml'. 
2022-08-29 20:57:57.6628|0|DEBUG|Microsoft.AspNetCore.DataProtection.KeyManagement.XmlKeyManager|Found key {30869792-1458-454f-9ab8-6e26e995c870}. 
2022-08-29 20:57:57.6628|0|DEBUG|Microsoft.AspNetCore.DataProtection.KeyManagement.XmlKeyManager|Found key {6e80eba1-dbb5-464b-bb70-f5327041bead}. 
2022-08-29 20:57:57.6628|0|DEBUG|Microsoft.AspNetCore.DataProtection.KeyManagement.XmlKeyManager|Found key {7fe47b8f-6cda-4994-97c8-a0c6c0358b19}. 
2022-08-29 20:57:57.6628|0|DEBUG|Microsoft.AspNetCore.DataProtection.KeyManagement.XmlKeyManager|Found key {f27e53c6-fda9-4b18-a305-1e72ab71cdc6}. 
2022-08-29 20:57:57.6628|0|DEBUG|Microsoft.AspNetCore.DataProtection.KeyManagement.DefaultKeyResolver|Considering key {30869792-1458-454f-9ab8-6e26e995c870} with expiration date 2022-09-10 17:38:21Z as default key. 
2022-08-29 20:57:57.6628|0|DEBUG|Microsoft.AspNetCore.DataProtection.TypeForwardingActivator|Forwarded activator type request from Microsoft.AspNetCore.DataProtection.XmlEncryption.DpapiXmlDecryptor, Microsoft.AspNetCore.DataProtection, Version=5.0.0.0, Culture=neutral, PublicKeyToken=adb9793829ddae60 to Microsoft.AspNetCore.DataProtection.XmlEncryption.DpapiXmlDecryptor, Microsoft.AspNetCore.DataProtection, Culture=neutral, PublicKeyToken=adb9793829ddae60 
2022-08-29 20:57:57.6628|0|DEBUG|Microsoft.AspNetCore.DataProtection.XmlEncryption.DpapiXmlDecryptor|Decrypting secret element using Windows DPAPI. 
2022-08-29 20:57:57.6838|0|DEBUG|Microsoft.AspNetCore.DataProtection.TypeForwardingActivator|Forwarded activator type request from Microsoft.AspNetCore.DataProtection.AuthenticatedEncryption.ConfigurationModel.AuthenticatedEncryptorDescriptorDeserializer, Microsoft.AspNetCore.DataProtection, Version=5.0.0.0, Culture=neutral, PublicKeyToken=adb9793829ddae60 to Microsoft.AspNetCore.DataProtection.AuthenticatedEncryption.ConfigurationModel.AuthenticatedEncryptorDescriptorDeserializer, Microsoft.AspNetCore.DataProtection, Culture=neutral, PublicKeyToken=adb9793829ddae60 
2022-08-29 20:57:57.6838|0|DEBUG|Microsoft.AspNetCore.DataProtection.AuthenticatedEncryption.CngCbcAuthenticatedEncryptorFactory|Opening CNG algorithm 'AES' from provider '(null)' with chaining mode CBC. 
2022-08-29 20:57:57.6838|0|DEBUG|Microsoft.AspNetCore.DataProtection.AuthenticatedEncryption.CngCbcAuthenticatedEncryptorFactory|Opening CNG algorithm 'SHA256' from provider '(null)' with HMAC. 
2022-08-29 20:57:57.6838|0|DEBUG|Microsoft.AspNetCore.DataProtection.KeyManagement.KeyRingProvider|Using key {30869792-1458-454f-9ab8-6e26e995c870} as the default key. 
2022-08-29 20:57:57.6838|0|DEBUG|Microsoft.AspNetCore.DataProtection.Internal.DataProtectionHostedService|Key ring with default key {30869792-1458-454f-9ab8-6e26e995c870} was loaded during application startup. 
2022-08-29 20:57:57.9900|0|DEBUG|Microsoft.AspNetCore.Server.Kestrel.Core.KestrelServer|Using development certificate: CN=localhost (Thumbprint: CD1E4DD80EAE0C58233EE354BB28FB32FDD0EEF4) 
2022-08-29 20:57:58.0367|0|INFO|Microsoft.Hosting.Lifetime|Now listening on: https://localhost:7006 
2022-08-29 20:57:58.0367|0|INFO|Microsoft.Hosting.Lifetime|Now listening on: http://localhost:5006 
2022-08-29 20:57:58.0367|0|DEBUG|Microsoft.AspNetCore.Hosting.Diagnostics|Loaded hosting startup assembly Resource3dModelsApi 
2022-08-29 20:57:58.0367|0|DEBUG|Microsoft.AspNetCore.Hosting.Diagnostics|Loaded hosting startup assembly Microsoft.AspNetCore.Watch.BrowserRefresh 
2022-08-29 20:57:58.0367|0|DEBUG|Microsoft.AspNetCore.Hosting.Diagnostics|Loaded hosting startup assembly Microsoft.WebTools.BrowserLink.Net 
2022-08-29 20:57:58.0367|0|INFO|Microsoft.Hosting.Lifetime|Application started. Press Ctrl+C to shut down. 
2022-08-29 20:57:58.0367|0|INFO|Microsoft.Hosting.Lifetime|Hosting environment: Development 
2022-08-29 20:57:58.0367|0|INFO|Microsoft.Hosting.Lifetime|Content root path: C:\Users\USER\Downloads\3d-Viwer\Resource3dModelsApi\Resource3dModelsApi\ 
2022-08-29 20:57:58.0367|0|DEBUG|Microsoft.Extensions.Hosting.Internal.Host|Hosting started 
2022-08-29 20:57:58.1728|0|DEBUG|Microsoft.AspNetCore.Server.Kestrel.Connections|Connection id "0HMK9T00SHH4S" accepted. 
2022-08-29 20:57:58.1728|0|DEBUG|Microsoft.AspNetCore.Server.Kestrel.Connections|Connection id "0HMK9T00SHH4S" started. 
2022-08-29 20:57:58.1901|0|DEBUG|Microsoft.AspNetCore.Server.Kestrel.Transport.Sockets|Connection id "0HMK9T00SHH4S" received FIN. 
2022-08-29 20:57:58.1984|0|DEBUG|Microsoft.AspNetCore.Server.Kestrel.Https.Internal.HttpsConnectionMiddleware|Failed to authenticate HTTPS connection. System.IO.IOException:  Received an unexpected EOF or 0 bytes from the transport stream.
   at System.Net.Security.SslStream.<FillHandshakeBufferAsync>g__InternalFillHandshakeBufferAsync|189_0[TIOAdapter](TIOAdapter adap, ValueTask`1 task, Int32 minSize)
   at System.Net.Security.SslStream.ReceiveBlobAsync[TIOAdapter](TIOAdapter adapter)
   at System.Net.Security.SslStream.ForceAuthenticationAsync[TIOAdapter](TIOAdapter adapter, Boolean receiveFirst, Byte[] reAuthenticationData, Boolean isApm)
   at Microsoft.AspNetCore.Server.Kestrel.Https.Internal.HttpsConnectionMiddleware.OnConnectionAsync(ConnectionContext context)
2022-08-29 20:57:58.2423|0|DEBUG|Microsoft.AspNetCore.Server.Kestrel.Connections|Connection id "0HMK9T00SHH4S" stopped. 
2022-08-29 20:57:58.2423|0|DEBUG|Microsoft.AspNetCore.Server.Kestrel.Transport.Sockets|Connection id "0HMK9T00SHH4S" sending FIN because: "The Socket transport's send loop completed gracefully." 
2022-08-29 20:57:59.0348|0|DEBUG|Microsoft.AspNetCore.Server.Kestrel.Connections|Connection id "0HMK9T00SHH4T" accepted. 
2022-08-29 20:57:59.0348|0|DEBUG|Microsoft.AspNetCore.Server.Kestrel.Connections|Connection id "0HMK9T00SHH4T" started. 
2022-08-29 20:57:59.1311|0|DEBUG|Microsoft.AspNetCore.Server.Kestrel.Https.Internal.HttpsConnectionMiddleware|Connection 0HMK9T00SHH4T established using the following protocol: Tls12 
2022-08-29 20:57:59.1657|0|TRACE|Microsoft.AspNetCore.Server.Kestrel.Http2|Connection id "0HMK9T00SHH4T" sending SETTINGS frame for stream ID 0 with length 18 and flags NONE. 
2022-08-29 20:57:59.1657|0|TRACE|Microsoft.AspNetCore.Server.Kestrel.Http2|Connection id "0HMK9T00SHH4T" sending WINDOW_UPDATE frame for stream ID 0 with length 4 and flags 0x0. 
2022-08-29 20:57:59.1657|0|TRACE|Microsoft.AspNetCore.Server.Kestrel.Http2|Connection id "0HMK9T00SHH4T" received SETTINGS frame for stream ID 0 with length 24 and flags NONE. 
2022-08-29 20:57:59.1657|0|TRACE|Microsoft.AspNetCore.Server.Kestrel.Http2|Connection id "0HMK9T00SHH4T" sending SETTINGS frame for stream ID 0 with length 0 and flags ACK. 
2022-08-29 20:57:59.1657|0|TRACE|Microsoft.AspNetCore.Server.Kestrel.Http2|Connection id "0HMK9T00SHH4T" received WINDOW_UPDATE frame for stream ID 0 with length 4 and flags 0x0. 
2022-08-29 20:57:59.1778|0|TRACE|Microsoft.AspNetCore.Server.Kestrel.Http2|Connection id "0HMK9T00SHH4T" received HEADERS frame for stream ID 1 with length 3836 and flags END_STREAM, END_HEADERS, PRIORITY. 
2022-08-29 20:57:59.2168|0|TRACE|Microsoft.AspNetCore.Server.Kestrel.Http2|Connection id "0HMK9T00SHH4T" received SETTINGS frame for stream ID 0 with length 0 and flags ACK. 
2022-08-29 20:57:59.2321|0|INFO|Microsoft.AspNetCore.Hosting.Diagnostics|Request starting HTTP/2 GET https://localhost:7006/swagger/index.html - - 
2022-08-29 20:57:59.2700|0|DEBUG|Microsoft.AspNetCore.HostFiltering.HostFilteringMiddleware|Wildcard detected, all requests with hosts will be allowed. 
2022-08-29 20:57:59.2700|0|TRACE|Microsoft.AspNetCore.HostFiltering.HostFilteringMiddleware|All hosts are allowed. 
2022-08-29 20:57:59.2937|0|DEBUG|Microsoft.AspNetCore.Routing.Matching.DfaMatcher|No candidates found for the request path '/swagger/index.html' 
2022-08-29 20:57:59.2937|0|DEBUG|Microsoft.AspNetCore.Routing.EndpointRoutingMiddleware|Request did not match any endpoints 
2022-08-29 20:57:59.3903|0|DEBUG|Microsoft.AspNetCore.Watch.BrowserRefresh.BrowserRefreshMiddleware|Response markup is scheduled to include browser refresh script injection. 
2022-08-29 20:57:59.7135|0|TRACE|Microsoft.AspNetCore.Server.Kestrel.Http2|Connection id "0HMK9T00SHH4T" sending HEADERS frame for stream ID 1 with length 66 and flags END_HEADERS. 
2022-08-29 20:57:59.9618|0|TRACE|Microsoft.AspNetCore.Server.Kestrel.Http2|Connection id "0HMK9T00SHH4T" sending DATA frame for stream ID 1 with length 1024 and flags NONE. 
2022-08-29 20:57:59.9618|0|TRACE|Microsoft.AspNetCore.Server.Kestrel.Http2|Connection id "0HMK9T00SHH4T" sending DATA frame for stream ID 1 with length 1024 and flags NONE. 
2022-08-29 20:57:59.9618|0|TRACE|Microsoft.AspNetCore.Server.Kestrel.Http2|Connection id "0HMK9T00SHH4T" sending DATA frame for stream ID 1 with length 1024 and flags NONE. 
2022-08-29 20:57:59.9618|0|TRACE|Microsoft.AspNetCore.Server.Kestrel.Http2|Connection id "0HMK9T00SHH4T" sending DATA frame for stream ID 1 with length 1024 and flags NONE. 
2022-08-29 20:57:59.9618|0|TRACE|Microsoft.AspNetCore.Server.Kestrel.Http2|Connection id "0HMK9T00SHH4T" sending DATA frame for stream ID 1 with length 1000 and flags NONE. 
2022-08-29 20:57:59.9618|0|TRACE|Microsoft.AspNetCore.Server.Kestrel.Http2|Connection id "0HMK9T00SHH4T" sending DATA frame for stream ID 1 with length 65 and flags NONE. 
2022-08-29 20:57:59.9618|0|TRACE|Microsoft.AspNetCore.Server.Kestrel.Http2|Connection id "0HMK9T00SHH4T" sending DATA frame for stream ID 1 with length 16 and flags NONE. 
2022-08-29 20:57:59.9786|0|DEBUG|Microsoft.AspNetCore.Watch.BrowserRefresh.BrowserRefreshMiddleware|Response markup was updated to include browser refresh script injection. 
2022-08-29 20:57:59.9786|0|TRACE|Microsoft.AspNetCore.Server.Kestrel.Http2|Connection id "0HMK9T00SHH4T" sending DATA frame for stream ID 1 with length 0 and flags END_STREAM. 
2022-08-29 20:57:59.9786|0|INFO|Microsoft.AspNetCore.Hosting.Diagnostics|Request finished HTTP/2 GET https://localhost:7006/swagger/index.html - - - 200 - text/html;charset=utf-8 754.3798ms 
2022-08-29 20:58:00.5054|0|TRACE|Microsoft.AspNetCore.Server.Kestrel.Http2|Connection id "0HMK9T00SHH4T" received HEADERS frame for stream ID 3 with length 3733 and flags END_STREAM, END_HEADERS, PRIORITY. 
2022-08-29 20:58:00.5098|0|TRACE|Microsoft.AspNetCore.Server.Kestrel.Http2|Connection id "0HMK9T00SHH4T" received HEADERS frame for stream ID 5 with length 3751 and flags END_STREAM, END_HEADERS, PRIORITY. 
2022-08-29 20:58:00.5098|0|INFO|Microsoft.AspNetCore.Hosting.Diagnostics|Request starting HTTP/2 GET https://localhost:7006/_vs/browserLink - - 
2022-08-29 20:58:00.5098|0|INFO|Microsoft.AspNetCore.Hosting.Diagnostics|Request starting HTTP/2 GET https://localhost:7006/_framework/aspnetcore-browser-refresh.js - - 
2022-08-29 20:58:00.5098|0|TRACE|Microsoft.AspNetCore.Server.Kestrel.Http2|Connection id "0HMK9T00SHH4T" sending HEADERS frame for stream ID 5 with length 90 and flags END_HEADERS. 
2022-08-29 20:58:00.5216|0|TRACE|Microsoft.AspNetCore.Server.Kestrel.Http2|Connection id "0HMK9T00SHH4T" sending DATA frame for stream ID 5 with length 12008 and flags NONE. 
2022-08-29 20:58:00.5216|0|TRACE|Microsoft.AspNetCore.Server.Kestrel.Http2|Connection id "0HMK9T00SHH4T" sending DATA frame for stream ID 5 with length 0 and flags END_STREAM. 
2022-08-29 20:58:00.5216|0|INFO|Microsoft.AspNetCore.Hosting.Diagnostics|Request finished HTTP/2 GET https://localhost:7006/_framework/aspnetcore-browser-refresh.js - - - 200 12008 application/javascript;+charset=utf-8 12.2692ms 
2022-08-29 20:58:00.5750|0|TRACE|Microsoft.AspNetCore.Server.Kestrel.Http2|Connection id "0HMK9T00SHH4T" sending HEADERS frame for stream ID 3 with length 119 and flags END_HEADERS. 
2022-08-29 20:58:00.5750|0|TRACE|Microsoft.AspNetCore.Server.Kestrel.Http2|Connection id "0HMK9T00SHH4T" sending DATA frame for stream ID 3 with length 9986 and flags NONE. 
2022-08-29 20:58:00.5750|0|TRACE|Microsoft.AspNetCore.Server.Kestrel.Http2|Connection id "0HMK9T00SHH4T" sending DATA frame for stream ID 3 with length 10240 and flags NONE. 
2022-08-29 20:58:00.5750|0|TRACE|Microsoft.AspNetCore.Server.Kestrel.Http2|Connection id "0HMK9T00SHH4T" sending DATA frame for stream ID 3 with length 10240 and flags NONE. 
2022-08-29 20:58:00.5750|0|TRACE|Microsoft.AspNetCore.Server.Kestrel.Http2|Connection id "0HMK9T00SHH4T" sending DATA frame for stream ID 3 with length 10240 and flags NONE. 
2022-08-29 20:58:00.5750|0|TRACE|Microsoft.AspNetCore.Server.Kestrel.Http2|Connection id "0HMK9T00SHH4T" sending DATA frame for stream ID 3 with length 10240 and flags NONE. 
2022-08-29 20:58:00.5750|0|TRACE|Microsoft.AspNetCore.Server.Kestrel.Http2|Connection id "0HMK9T00SHH4T" sending DATA frame for stream ID 3 with length 10240 and flags NONE. 
2022-08-29 20:58:00.5750|0|TRACE|Microsoft.AspNetCore.Server.Kestrel.Http2|Connection id "0HMK9T00SHH4T" sending DATA frame for stream ID 3 with length 10240 and flags NONE. 
2022-08-29 20:58:00.5750|0|TRACE|Microsoft.AspNetCore.Server.Kestrel.Http2|Connection id "0HMK9T00SHH4T" sending DATA frame for stream ID 3 with length 10240 and flags NONE. 
2022-08-29 20:58:00.5750|0|TRACE|Microsoft.AspNetCore.Server.Kestrel.Http2|Connection id "0HMK9T00SHH4T" sending DATA frame for stream ID 3 with length 10240 and flags NONE. 
2022-08-29 20:58:00.5750|0|TRACE|Microsoft.AspNetCore.Server.Kestrel.Http2|Connection id "0HMK9T00SHH4T" sending DATA frame for stream ID 3 with length 10240 and flags NONE. 
2022-08-29 20:58:00.5750|0|TRACE|Microsoft.AspNetCore.Server.Kestrel.Http2|Connection id "0HMK9T00SHH4T" sending DATA frame for stream ID 3 with length 10240 and flags NONE. 
2022-08-29 20:58:00.5750|0|TRACE|Microsoft.AspNetCore.Server.Kestrel.Http2|Connection id "0HMK9T00SHH4T" sending DATA frame for stream ID 3 with length 10240 and flags NONE. 
2022-08-29 20:58:00.5750|0|TRACE|Microsoft.AspNetCore.Server.Kestrel.Http2|Connection id "0HMK9T00SHH4T" sending DATA frame for stream ID 3 with length 10240 and flags NONE. 
2022-08-29 20:58:00.5750|0|TRACE|Microsoft.AspNetCore.Server.Kestrel.Http2|Connection id "0HMK9T00SHH4T" sending DATA frame for stream ID 3 with length 10240 and flags NONE. 
2022-08-29 20:58:00.5750|0|TRACE|Microsoft.AspNetCore.Server.Kestrel.Http2|Connection id "0HMK9T00SHH4T" sending DATA frame for stream ID 3 with length 10240 and flags NONE. 
2022-08-29 20:58:00.5750|0|TRACE|Microsoft.AspNetCore.Server.Kestrel.Http2|Connection id "0HMK9T00SHH4T" sending DATA frame for stream ID 3 with length 10240 and flags NONE. 
2022-08-29 20:58:00.5750|0|TRACE|Microsoft.AspNetCore.Server.Kestrel.Http2|Connection id "0HMK9T00SHH4T" sending DATA frame for stream ID 3 with length 10240 and flags NONE. 
2022-08-29 20:58:00.5750|0|TRACE|Microsoft.AspNetCore.Server.Kestrel.Http2|Connection id "0HMK9T00SHH4T" sending DATA frame for stream ID 3 with length 10240 and flags NONE. 
2022-08-29 20:58:00.5750|0|TRACE|Microsoft.AspNetCore.Server.Kestrel.Http2|Connection id "0HMK9T00SHH4T" sending DATA frame for stream ID 3 with length 10240 and flags NONE. 
2022-08-29 20:58:00.5750|0|TRACE|Microsoft.AspNetCore.Server.Kestrel.Http2|Connection id "0HMK9T00SHH4T" sending DATA frame for stream ID 3 with length 10240 and flags NONE. 
2022-08-29 20:58:00.5750|0|TRACE|Microsoft.AspNetCore.Server.Kestrel.Http2|Connection id "0HMK9T00SHH4T" sending DATA frame for stream ID 3 with length 10240 and flags NONE. 
2022-08-29 20:58:00.5750|0|TRACE|Microsoft.AspNetCore.Server.Kestrel.Http2|Connection id "0HMK9T00SHH4T" sending DATA frame for stream ID 3 with length 10240 and flags NONE. 
2022-08-29 20:58:00.5750|0|TRACE|Microsoft.AspNetCore.Server.Kestrel.Http2|Connection id "0HMK9T00SHH4T" sending DATA frame for stream ID 3 with length 10240 and flags NONE. 
2022-08-29 20:58:00.5750|0|TRACE|Microsoft.AspNetCore.Server.Kestrel.Http2|Connection id "0HMK9T00SHH4T" sending DATA frame for stream ID 3 with length 10240 and flags NONE. 
2022-08-29 20:58:00.5750|0|TRACE|Microsoft.AspNetCore.Server.Kestrel.Http2|Connection id "0HMK9T00SHH4T" sending DATA frame for stream ID 3 with length 10240 and flags NONE. 
2022-08-29 20:58:00.5750|0|TRACE|Microsoft.AspNetCore.Server.Kestrel.Http2|Connection id "0HMK9T00SHH4T" sending DATA frame for stream ID 3 with length 10240 and flags NONE. 
2022-08-29 20:58:00.5750|0|TRACE|Microsoft.AspNetCore.Server.Kestrel.Http2|Connection id "0HMK9T00SHH4T" sending DATA frame for stream ID 3 with length 10240 and flags NONE. 
2022-08-29 20:58:00.5750|0|TRACE|Microsoft.AspNetCore.Server.Kestrel.Http2|Connection id "0HMK9T00SHH4T" sending DATA frame for stream ID 3 with length 10240 and flags NONE. 
2022-08-29 20:58:00.5750|0|TRACE|Microsoft.AspNetCore.Server.Kestrel.Http2|Connection id "0HMK9T00SHH4T" sending DATA frame for stream ID 3 with length 10240 and flags NONE. 
2022-08-29 20:58:00.5750|0|TRACE|Microsoft.AspNetCore.Server.Kestrel.Http2|Connection id "0HMK9T00SHH4T" sending DATA frame for stream ID 3 with length 10240 and flags NONE. 
2022-08-29 20:58:00.5750|0|TRACE|Microsoft.AspNetCore.Server.Kestrel.Http2|Connection id "0HMK9T00SHH4T" sending DATA frame for stream ID 3 with length 10240 and flags NONE. 
2022-08-29 20:58:00.5750|0|TRACE|Microsoft.AspNetCore.Server.Kestrel.Http2|Connection id "0HMK9T00SHH4T" sending DATA frame for stream ID 3 with length 10240 and flags NONE. 
2022-08-29 20:58:00.5750|0|TRACE|Microsoft.AspNetCore.Server.Kestrel.Http2|Connection id "0HMK9T00SHH4T" sending DATA frame for stream ID 3 with length 10240 and flags NONE. 
2022-08-29 20:58:00.5750|0|TRACE|Microsoft.AspNetCore.Server.Kestrel.Http2|Connection id "0HMK9T00SHH4T" sending DATA frame for stream ID 3 with length 10240 and flags NONE. 
2022-08-29 20:58:00.5750|0|TRACE|Microsoft.AspNetCore.Server.Kestrel.Http2|Connection id "0HMK9T00SHH4T" sending DATA frame for stream ID 3 with length 10240 and flags NONE. 
2022-08-29 20:58:00.5750|0|TRACE|Microsoft.AspNetCore.Server.Kestrel.Http2|Connection id "0HMK9T00SHH4T" sending DATA frame for stream ID 3 with length 10240 and flags NONE. 
2022-08-29 20:58:00.5750|0|TRACE|Microsoft.AspNetCore.Server.Kestrel.Http2|Connection id "0HMK9T00SHH4T" sending DATA frame for stream ID 3 with length 10240 and flags NONE. 
2022-08-29 20:58:00.5750|0|TRACE|Microsoft.AspNetCore.Server.Kestrel.Http2|Connection id "0HMK9T00SHH4T" sending DATA frame for stream ID 3 with length 10240 and flags NONE. 
2022-08-29 20:58:00.5750|0|TRACE|Microsoft.AspNetCore.Server.Kestrel.Http2|Connection id "0HMK9T00SHH4T" sending DATA frame for stream ID 3 with length 10240 and flags NONE. 
2022-08-29 20:58:00.5750|0|TRACE|Microsoft.AspNetCore.Server.Kestrel.Http2|Connection id "0HMK9T00SHH4T" sending DATA frame for stream ID 3 with length 10240 and flags NONE. 
2022-08-29 20:58:00.5750|0|TRACE|Microsoft.AspNetCore.Server.Kestrel.Http2|Connection id "0HMK9T00SHH4T" sending DATA frame for stream ID 3 with length 10240 and flags NONE. 
2022-08-29 20:58:00.5750|0|TRACE|Microsoft.AspNetCore.Server.Kestrel.Http2|Connection id "0HMK9T00SHH4T" sending DATA frame for stream ID 3 with length 10240 and flags NONE. 
2022-08-29 20:58:00.5750|0|TRACE|Microsoft.AspNetCore.Server.Kestrel.Http2|Connection id "0HMK9T00SHH4T" sending DATA frame for stream ID 3 with length 10240 and flags NONE. 
2022-08-29 20:58:00.5750|0|TRACE|Microsoft.AspNetCore.Server.Kestrel.Http2|Connection id "0HMK9T00SHH4T" sending DATA frame for stream ID 3 with length 10240 and flags NONE. 
2022-08-29 20:58:00.5750|0|TRACE|Microsoft.AspNetCore.Server.Kestrel.Http2|Connection id "0HMK9T00SHH4T" sending DATA frame for stream ID 3 with length 10240 and flags NONE. 
2022-08-29 20:58:00.5750|0|TRACE|Microsoft.AspNetCore.Server.Kestrel.Http2|Connection id "0HMK9T00SHH4T" sending DATA frame for stream ID 3 with length 10240 and flags NONE. 
2022-08-29 20:58:00.5750|0|TRACE|Microsoft.AspNetCore.Server.Kestrel.Http2|Connection id "0HMK9T00SHH4T" sending DATA frame for stream ID 3 with length 10240 and flags NONE. 
2022-08-29 20:58:00.5750|0|TRACE|Microsoft.AspNetCore.Server.Kestrel.Http2|Connection id "0HMK9T00SHH4T" sending DATA frame for stream ID 3 with length 10240 and flags NONE. 
2022-08-29 20:58:00.5750|0|TRACE|Microsoft.AspNetCore.Server.Kestrel.Http2|Connection id "0HMK9T00SHH4T" sending DATA frame for stream ID 3 with length 10240 and flags NONE. 
2022-08-29 20:58:00.5750|0|TRACE|Microsoft.AspNetCore.Server.Kestrel.Http2|Connection id "0HMK9T00SHH4T" sending DATA frame for stream ID 3 with length 10240 and flags NONE. 
2022-08-29 20:58:00.5750|0|TRACE|Microsoft.AspNetCore.Server.Kestrel.Http2|Connection id "0HMK9T00SHH4T" sending DATA frame for stream ID 3 with length 10240 and flags NONE. 
2022-08-29 20:58:00.5750|0|TRACE|Microsoft.AspNetCore.Server.Kestrel.Http2|Connection id "0HMK9T00SHH4T" sending DATA frame for stream ID 3 with length 10240 and flags NONE. 
2022-08-29 20:58:00.5750|0|TRACE|Microsoft.AspNetCore.Server.Kestrel.Http2|Connection id "0HMK9T00SHH4T" sending DATA frame for stream ID 3 with length 10240 and flags NONE. 
2022-08-29 20:58:00.5750|0|TRACE|Microsoft.AspNetCore.Server.Kestrel.Http2|Connection id "0HMK9T00SHH4T" sending DATA frame for stream ID 3 with length 10240 and flags NONE. 
2022-08-29 20:58:00.5750|0|TRACE|Microsoft.AspNetCore.Server.Kestrel.Http2|Connection id "0HMK9T00SHH4T" sending DATA frame for stream ID 3 with length 10240 and flags NONE. 
2022-08-29 20:58:00.5750|0|TRACE|Microsoft.AspNetCore.Server.Kestrel.Http2|Connection id "0HMK9T00SHH4T" sending DATA frame for stream ID 3 with length 10240 and flags NONE. 
2022-08-29 20:58:00.5750|0|TRACE|Microsoft.AspNetCore.Server.Kestrel.Http2|Connection id "0HMK9T00SHH4T" sending DATA frame for stream ID 3 with length 10240 and flags NONE. 
2022-08-29 20:58:00.5750|0|TRACE|Microsoft.AspNetCore.Server.Kestrel.Http2|Connection id "0HMK9T00SHH4T" sending DATA frame for stream ID 3 with length 10240 and flags NONE. 
2022-08-29 20:58:00.5750|0|TRACE|Microsoft.AspNetCore.Server.Kestrel.Http2|Connection id "0HMK9T00SHH4T" sending DATA frame for stream ID 3 with length 10240 and flags NONE. 
2022-08-29 20:58:00.5750|0|TRACE|Microsoft.AspNetCore.Server.Kestrel.Http2|Connection id "0HMK9T00SHH4T" sending DATA frame for stream ID 3 with length 10240 and flags NONE. 
2022-08-29 20:58:00.5750|0|TRACE|Microsoft.AspNetCore.Server.Kestrel.Http2|Connection id "0HMK9T00SHH4T" sending DATA frame for stream ID 3 with length 10240 and flags NONE. 
2022-08-29 20:58:00.5750|0|TRACE|Microsoft.AspNetCore.Server.Kestrel.Http2|Connection id "0HMK9T00SHH4T" sending DATA frame for stream ID 3 with length 10240 and flags NONE. 
2022-08-29 20:58:00.5750|0|TRACE|Microsoft.AspNetCore.Server.Kestrel.Http2|Connection id "0HMK9T00SHH4T" sending DATA frame for stream ID 3 with length 10240 and flags NONE. 
2022-08-29 20:58:00.5750|0|TRACE|Microsoft.AspNetCore.Server.Kestrel.Http2|Connection id "0HMK9T00SHH4T" sending DATA frame for stream ID 3 with length 10240 and flags NONE. 
2022-08-29 20:58:00.5750|0|TRACE|Microsoft.AspNetCore.Server.Kestrel.Http2|Connection id "0HMK9T00SHH4T" sending DATA frame for stream ID 3 with length 10240 and flags NONE. 
2022-08-29 20:58:00.5750|0|TRACE|Microsoft.AspNetCore.Server.Kestrel.Http2|Connection id "0HMK9T00SHH4T" sending DATA frame for stream ID 3 with length 10240 and flags NONE. 
2022-08-29 20:58:00.5750|0|TRACE|Microsoft.AspNetCore.Server.Kestrel.Http2|Connection id "0HMK9T00SHH4T" sending DATA frame for stream ID 3 with length 10240 and flags NONE. 
2022-08-29 20:58:00.5750|0|TRACE|Microsoft.AspNetCore.Server.Kestrel.Http2|Connection id "0HMK9T00SHH4T" sending DATA frame for stream ID 3 with length 10240 and flags NONE. 
2022-08-29 20:58:00.5750|0|TRACE|Microsoft.AspNetCore.Server.Kestrel.Http2|Connection id "0HMK9T00SHH4T" sending DATA frame for stream ID 3 with length 10240 and flags NONE. 
2022-08-29 20:58:00.5750|0|TRACE|Microsoft.AspNetCore.Server.Kestrel.Http2|Connection id "0HMK9T00SHH4T" sending DATA frame for stream ID 3 with length 744 and flags NONE. 
2022-08-29 20:58:00.5750|0|TRACE|Microsoft.AspNetCore.Server.Kestrel.Http2|Connection id "0HMK9T00SHH4T" sending DATA frame for stream ID 3 with length 0 and flags END_STREAM. 
2022-08-29 20:58:00.5750|0|INFO|Microsoft.AspNetCore.Hosting.Diagnostics|Request finished HTTP/2 GET https://localhost:7006/_vs/browserLink - - - 200 - text/javascript;+charset=UTF-8 69.2548ms 
2022-08-29 20:58:00.9925|0|TRACE|Microsoft.AspNetCore.Server.Kestrel.Http2|Connection id "0HMK9T00SHH4T" received HEADERS frame for stream ID 7 with length 3749 and flags END_STREAM, END_HEADERS, PRIORITY. 
2022-08-29 20:58:00.9925|0|INFO|Microsoft.AspNetCore.Hosting.Diagnostics|Request starting HTTP/2 GET https://localhost:7006/swagger/v1/swagger.json - - 
2022-08-29 20:58:00.9925|0|TRACE|Microsoft.AspNetCore.HostFiltering.HostFilteringMiddleware|All hosts are allowed. 
2022-08-29 20:58:00.9925|0|DEBUG|Microsoft.AspNetCore.Routing.Matching.DfaMatcher|No candidates found for the request path '/swagger/v1/swagger.json' 
2022-08-29 20:58:00.9925|0|DEBUG|Microsoft.AspNetCore.Routing.EndpointRoutingMiddleware|Request did not match any endpoints 
2022-08-29 20:58:01.1068|0|TRACE|Microsoft.AspNetCore.Server.Kestrel.Http2|Connection id "0HMK9T00SHH4T" sending HEADERS frame for stream ID 7 with length 65 and flags END_HEADERS. 
2022-08-29 20:58:01.1068|0|TRACE|Microsoft.AspNetCore.Server.Kestrel.Http2|Connection id "0HMK9T00SHH4T" sending DATA frame for stream ID 7 with length 6570 and flags NONE. 
2022-08-29 20:58:01.1068|0|TRACE|Microsoft.AspNetCore.Server.Kestrel.Http2|Connection id "0HMK9T00SHH4T" sending DATA frame for stream ID 7 with length 0 and flags END_STREAM. 
2022-08-29 20:58:01.1068|0|INFO|Microsoft.AspNetCore.Hosting.Diagnostics|Request finished HTTP/2 GET https://localhost:7006/swagger/v1/swagger.json - - - 200 - application/json;charset=utf-8 114.3232ms 
2022-08-29 20:58:09.2406|0|DEBUG|Microsoft.AspNetCore.Server.Kestrel.Transport.Sockets|Connection id "0HMK9T00SHH4T" received FIN. 
2022-08-29 20:58:09.2406|0|DEBUG|Microsoft.AspNetCore.Server.Kestrel.Http2|Connection id "0HMK9T00SHH4T" is closed. The last processed stream ID was 7. 
2022-08-29 20:58:09.2406|0|DEBUG|Microsoft.AspNetCore.Server.Kestrel.Transport.Sockets|Connection id "0HMK9T00SHH4T" sending FIN because: "The client closed the connection." 
2022-08-29 20:58:09.2406|0|DEBUG|Microsoft.AspNetCore.Server.Kestrel.Connections|Connection id "0HMK9T00SHH4T" stopped. 
2022-08-29 20:58:17.1256|0|DEBUG|Microsoft.AspNetCore.Server.Kestrel.Connections|Connection id "0HMK9T00SHH4U" accepted. 
2022-08-29 20:58:17.1256|0|DEBUG|Microsoft.AspNetCore.Server.Kestrel.Connections|Connection id "0HMK9T00SHH4U" started. 
2022-08-29 20:58:17.1256|0|DEBUG|Microsoft.AspNetCore.Server.Kestrel.Https.Internal.HttpsConnectionMiddleware|Connection 0HMK9T00SHH4U established using the following protocol: Tls12 
2022-08-29 20:58:17.1256|0|TRACE|Microsoft.AspNetCore.Server.Kestrel.Http2|Connection id "0HMK9T00SHH4U" sending SETTINGS frame for stream ID 0 with length 18 and flags NONE. 
2022-08-29 20:58:17.1256|0|TRACE|Microsoft.AspNetCore.Server.Kestrel.Http2|Connection id "0HMK9T00SHH4U" sending WINDOW_UPDATE frame for stream ID 0 with length 4 and flags 0x0. 
2022-08-29 20:58:17.1256|0|TRACE|Microsoft.AspNetCore.Server.Kestrel.Http2|Connection id "0HMK9T00SHH4U" received SETTINGS frame for stream ID 0 with length 24 and flags NONE. 
2022-08-29 20:58:17.1256|0|TRACE|Microsoft.AspNetCore.Server.Kestrel.Http2|Connection id "0HMK9T00SHH4U" sending SETTINGS frame for stream ID 0 with length 0 and flags ACK. 
2022-08-29 20:58:17.1256|0|TRACE|Microsoft.AspNetCore.Server.Kestrel.Http2|Connection id "0HMK9T00SHH4U" received WINDOW_UPDATE frame for stream ID 0 with length 4 and flags 0x0. 
2022-08-29 20:58:17.1256|0|TRACE|Microsoft.AspNetCore.Server.Kestrel.Http2|Connection id "0HMK9T00SHH4U" received HEADERS frame for stream ID 1 with length 3726 and flags END_STREAM, END_HEADERS, PRIORITY. 
2022-08-29 20:58:17.1256|0|TRACE|Microsoft.AspNetCore.Server.Kestrel.Http2|Connection id "0HMK9T00SHH4U" received SETTINGS frame for stream ID 0 with length 0 and flags ACK. 
2022-08-29 20:58:17.1256|0|INFO|Microsoft.AspNetCore.Hosting.Diagnostics|Request starting HTTP/2 GET https://localhost:7006/api/Home - - 
2022-08-29 20:58:17.1256|0|TRACE|Microsoft.AspNetCore.HostFiltering.HostFilteringMiddleware|All hosts are allowed. 
2022-08-29 20:58:17.1358|0|DEBUG|Microsoft.AspNetCore.Routing.Matching.DfaMatcher|1 candidate(s) found for the request path '/api/Home' 
2022-08-29 20:58:17.1358|0|DEBUG|Microsoft.AspNetCore.Routing.Matching.DfaMatcher|Endpoint 'Resource3dModelsApi.Controllers.HomeController.GetBaseFiles (Resource3dModelsApi)' with route pattern 'api/Home' is valid for the request path '/api/Home' 
2022-08-29 20:58:17.1358|0|DEBUG|Microsoft.AspNetCore.Routing.EndpointRoutingMiddleware|Request matched endpoint 'Resource3dModelsApi.Controllers.HomeController.GetBaseFiles (Resource3dModelsApi)' 
2022-08-29 20:58:17.1358|0|DEBUG|Microsoft.AspNetCore.StaticFiles.StaticFileMiddleware|Static files was skipped as the request already matched an endpoint. 
2022-08-29 20:58:17.1358|0|DEBUG|Microsoft.AspNetCore.StaticFiles.StaticFileMiddleware|Static files was skipped as the request already matched an endpoint. 
2022-08-29 20:58:17.6364|0|DEBUG|Microsoft.AspNetCore.Authentication.JwtBearer.JwtBearerHandler|AuthenticationScheme: Bearer was not authenticated. 
2022-08-29 20:58:17.6364|0|INFO|Microsoft.AspNetCore.Routing.EndpointMiddleware|Executing endpoint 'Resource3dModelsApi.Controllers.HomeController.GetBaseFiles (Resource3dModelsApi)' 
2022-08-29 20:58:17.6596|0|INFO|Microsoft.AspNetCore.Mvc.Infrastructure.ControllerActionInvoker|Route matched with {action = "GetBaseFiles", controller = "Home"}. Executing controller action with signature System.Threading.Tasks.Task`1[Microsoft.AspNetCore.Mvc.IActionResult] GetBaseFiles() on controller Resource3dModelsApi.Controllers.HomeController (Resource3dModelsApi). 
2022-08-29 20:58:17.6596|0|DEBUG|Microsoft.AspNetCore.Mvc.Infrastructure.ControllerActionInvoker|Execution plan of authorization filters (in the following order): None 
2022-08-29 20:58:17.6614|0|DEBUG|Microsoft.AspNetCore.Mvc.Infrastructure.ControllerActionInvoker|Execution plan of resource filters (in the following order): None 
2022-08-29 20:58:17.6614|0|DEBUG|Microsoft.AspNetCore.Mvc.Infrastructure.ControllerActionInvoker|Execution plan of action filters (in the following order): Microsoft.AspNetCore.Mvc.ModelBinding.UnsupportedContentTypeFilter (Order: -3000), Microsoft.AspNetCore.Mvc.Infrastructure.ModelStateInvalidFilter (Order: -2000), Microsoft.AspNetCore.Mvc.Filters.ResponseCacheFilter 
2022-08-29 20:58:17.6614|0|DEBUG|Microsoft.AspNetCore.Mvc.Infrastructure.ControllerActionInvoker|Execution plan of exception filters (in the following order): None 
2022-08-29 20:58:17.6614|0|DEBUG|Microsoft.AspNetCore.Mvc.Infrastructure.ControllerActionInvoker|Execution plan of result filters (in the following order): Microsoft.AspNetCore.Mvc.Infrastructure.ClientErrorResultFilter (Order: -2000) 
2022-08-29 20:58:17.6614|0|DEBUG|Microsoft.AspNetCore.Mvc.Infrastructure.ControllerActionInvoker|Executing controller factory for controller Resource3dModelsApi.Controllers.HomeController (Resource3dModelsApi) 
2022-08-29 20:58:17.6614|0|DEBUG|Microsoft.AspNetCore.Mvc.Infrastructure.ControllerActionInvoker|Executed controller factory for controller Resource3dModelsApi.Controllers.HomeController (Resource3dModelsApi) 
2022-08-29 20:58:17.6614|0|TRACE|Microsoft.AspNetCore.Mvc.Infrastructure.ControllerActionInvoker|Action Filter: Before executing OnActionExecuting on filter Microsoft.AspNetCore.Mvc.ModelBinding.UnsupportedContentTypeFilter. 
2022-08-29 20:58:17.6614|0|TRACE|Microsoft.AspNetCore.Mvc.Infrastructure.ControllerActionInvoker|Action Filter: After executing OnActionExecuting on filter Microsoft.AspNetCore.Mvc.ModelBinding.UnsupportedContentTypeFilter. 
2022-08-29 20:58:17.6614|0|TRACE|Microsoft.AspNetCore.Mvc.Infrastructure.ControllerActionInvoker|Action Filter: Before executing OnActionExecuting on filter Microsoft.AspNetCore.Mvc.Infrastructure.ModelStateInvalidFilter. 
2022-08-29 20:58:17.6614|0|TRACE|Microsoft.AspNetCore.Mvc.Infrastructure.ControllerActionInvoker|Action Filter: After executing OnActionExecuting on filter Microsoft.AspNetCore.Mvc.Infrastructure.ModelStateInvalidFilter. 
2022-08-29 20:58:17.6614|0|TRACE|Microsoft.AspNetCore.Mvc.Infrastructure.ControllerActionInvoker|Action Filter: Before executing OnActionExecuting on filter Microsoft.AspNetCore.Mvc.Filters.ResponseCacheFilter. 
2022-08-29 20:58:17.6614|0|TRACE|Microsoft.AspNetCore.Mvc.Infrastructure.ControllerActionInvoker|Action Filter: After executing OnActionExecuting on filter Microsoft.AspNetCore.Mvc.Filters.ResponseCacheFilter. 
2022-08-29 20:58:17.6614|0|INFO|Microsoft.AspNetCore.Mvc.Infrastructure.ControllerActionInvoker|Executing action method Resource3dModelsApi.Controllers.HomeController.GetBaseFiles (Resource3dModelsApi) - Validation state: Valid 
2022-08-29 20:58:19.3661|0|INFO|Microsoft.AspNetCore.Mvc.Infrastructure.ControllerActionInvoker|Executed action method Resource3dModelsApi.Controllers.HomeController.GetBaseFiles (Resource3dModelsApi), returned result Microsoft.AspNetCore.Mvc.OkObjectResult in 1690.5162ms. 
2022-08-29 20:58:19.3661|0|TRACE|Microsoft.AspNetCore.Mvc.Infrastructure.ControllerActionInvoker|Action Filter: Before executing OnActionExecuted on filter Microsoft.AspNetCore.Mvc.Filters.ResponseCacheFilter. 
2022-08-29 20:58:19.3661|0|TRACE|Microsoft.AspNetCore.Mvc.Infrastructure.ControllerActionInvoker|Action Filter: After executing OnActionExecuted on filter Microsoft.AspNetCore.Mvc.Filters.ResponseCacheFilter. 
2022-08-29 20:58:19.3661|0|TRACE|Microsoft.AspNetCore.Mvc.Infrastructure.ControllerActionInvoker|Action Filter: Before executing OnActionExecuted on filter Microsoft.AspNetCore.Mvc.Infrastructure.ModelStateInvalidFilter. 
2022-08-29 20:58:19.3661|0|TRACE|Microsoft.AspNetCore.Mvc.Infrastructure.ControllerActionInvoker|Action Filter: After executing OnActionExecuted on filter Microsoft.AspNetCore.Mvc.Infrastructure.ModelStateInvalidFilter. 
2022-08-29 20:58:19.3661|0|TRACE|Microsoft.AspNetCore.Mvc.Infrastructure.ControllerActionInvoker|Action Filter: Before executing OnActionExecuted on filter Microsoft.AspNetCore.Mvc.ModelBinding.UnsupportedContentTypeFilter. 
2022-08-29 20:58:19.3661|0|TRACE|Microsoft.AspNetCore.Mvc.Infrastructure.ControllerActionInvoker|Action Filter: After executing OnActionExecuted on filter Microsoft.AspNetCore.Mvc.ModelBinding.UnsupportedContentTypeFilter. 
2022-08-29 20:58:19.3661|0|TRACE|Microsoft.AspNetCore.Mvc.Infrastructure.ControllerActionInvoker|Result Filter: Before executing OnResultExecuting on filter Microsoft.AspNetCore.Mvc.Infrastructure.ClientErrorResultFilter. 
2022-08-29 20:58:19.3661|0|TRACE|Microsoft.AspNetCore.Mvc.Infrastructure.ControllerActionInvoker|Result Filter: After executing OnResultExecuting on filter Microsoft.AspNetCore.Mvc.Infrastructure.ClientErrorResultFilter. 
2022-08-29 20:58:19.3661|0|TRACE|Microsoft.AspNetCore.Mvc.Infrastructure.ControllerActionInvoker|Before executing action result Microsoft.AspNetCore.Mvc.OkObjectResult. 
2022-08-29 20:58:19.3661|0|DEBUG|Microsoft.AspNetCore.Mvc.Infrastructure.DefaultOutputFormatterSelector|List of registered output formatters, in the following order: Microsoft.AspNetCore.Mvc.Formatters.HttpNoContentOutputFormatter, Microsoft.AspNetCore.Mvc.Formatters.StringOutputFormatter, Microsoft.AspNetCore.Mvc.Formatters.StreamOutputFormatter, Microsoft.AspNetCore.Mvc.Formatters.SystemTextJsonOutputFormatter 
2022-08-29 20:58:19.3661|0|DEBUG|Microsoft.AspNetCore.Mvc.Infrastructure.DefaultOutputFormatterSelector|No information found on request to perform content negotiation. 
2022-08-29 20:58:19.3661|0|DEBUG|Microsoft.AspNetCore.Mvc.Infrastructure.DefaultOutputFormatterSelector|Attempting to select an output formatter without using a content type as no explicit content types were specified for the response. 
2022-08-29 20:58:19.3661|0|DEBUG|Microsoft.AspNetCore.Mvc.Infrastructure.DefaultOutputFormatterSelector|Attempting to select the first formatter in the output formatters list which can write the result. 
2022-08-29 20:58:19.3661|0|DEBUG|Microsoft.AspNetCore.Mvc.Infrastructure.DefaultOutputFormatterSelector|Selected output formatter 'Microsoft.AspNetCore.Mvc.Formatters.SystemTextJsonOutputFormatter' and content type 'application/json' to write the response. 
2022-08-29 20:58:19.3661|0|INFO|Microsoft.AspNetCore.Mvc.Infrastructure.ObjectResultExecutor|Executing OkObjectResult, writing value of type 'System.Collections.Generic.List`1[[System.String, System.Private.CoreLib, Version=6.0.0.0, Culture=neutral, PublicKeyToken=7cec85d7bea7798e]]'. 
2022-08-29 20:58:19.3661|0|TRACE|Microsoft.AspNetCore.Server.Kestrel.Http2|Connection id "0HMK9T00SHH4U" sending HEADERS frame for stream ID 1 with length 95 and flags END_HEADERS. 
2022-08-29 20:58:19.3661|0|TRACE|Microsoft.AspNetCore.Server.Kestrel.Http2|Connection id "0HMK9T00SHH4U" sending DATA frame for stream ID 1 with length 455 and flags NONE. 
2022-08-29 20:58:19.3661|0|TRACE|Microsoft.AspNetCore.Mvc.Infrastructure.ControllerActionInvoker|After executing action result Microsoft.AspNetCore.Mvc.OkObjectResult. 
2022-08-29 20:58:19.3661|0|TRACE|Microsoft.AspNetCore.Mvc.Infrastructure.ControllerActionInvoker|Result Filter: Before executing OnResultExecuted on filter Microsoft.AspNetCore.Mvc.Infrastructure.ClientErrorResultFilter. 
2022-08-29 20:58:19.3661|0|TRACE|Microsoft.AspNetCore.Mvc.Infrastructure.ControllerActionInvoker|Result Filter: After executing OnResultExecuted on filter Microsoft.AspNetCore.Mvc.Infrastructure.ClientErrorResultFilter. 
2022-08-29 20:58:19.3661|0|INFO|Microsoft.AspNetCore.Mvc.Infrastructure.ControllerActionInvoker|Executed action Resource3dModelsApi.Controllers.HomeController.GetBaseFiles (Resource3dModelsApi) in 1713.1306ms 
2022-08-29 20:58:19.3661|0|INFO|Microsoft.AspNetCore.Routing.EndpointMiddleware|Executed endpoint 'Resource3dModelsApi.Controllers.HomeController.GetBaseFiles (Resource3dModelsApi)' 
2022-08-29 20:58:19.3823|0|TRACE|Microsoft.AspNetCore.Server.Kestrel.Http2|Connection id "0HMK9T00SHH4U" sending DATA frame for stream ID 1 with length 0 and flags END_STREAM. 
2022-08-29 20:58:19.3823|0|INFO|Microsoft.AspNetCore.Hosting.Diagnostics|Request finished HTTP/2 GET https://localhost:7006/api/Home - - - 200 - application/json;+charset=utf-8 2252.6821ms 
