2022-08-30 09:47:37.3731|0|INFO|Microsoft.Hosting.Lifetime|Now listening on: https://localhost:7006 |url: |action: |Microsoft.AspNetCore.Hosting.GenericWebHostService.StartAsync
2022-08-30 09:47:37.3822|0|INFO|Microsoft.Hosting.Lifetime|Now listening on: http://localhost:5006 |url: |action: |Microsoft.AspNetCore.Hosting.GenericWebHostService.StartAsync
2022-08-30 09:47:37.3822|0|INFO|Microsoft.Hosting.Lifetime|Application started. Press Ctrl+C to shut down. |url: |action: |Microsoft.Extensions.Hosting.Internal.ConsoleLifetime.OnApplicationStarted
2022-08-30 09:47:37.3822|0|INFO|Microsoft.Hosting.Lifetime|Hosting environment: Development |url: |action: |Microsoft.Extensions.Hosting.Internal.ConsoleLifetime.OnApplicationStarted
2022-08-30 09:47:37.3822|0|INFO|Microsoft.Hosting.Lifetime|Content root path: C:\Users\USER\Downloads\3d-Viwer\Resource3dModelsApi\Resource3dModelsApi\ |url: |action: |Microsoft.Extensions.Hosting.Internal.ConsoleLifetime.OnApplicationStarted
2022-08-30 09:49:17.7878|0|ERROR|Microsoft.AspNetCore.Diagnostics.DeveloperExceptionPageMiddleware|An unhandled exception has occurred while executing the request. System.InvalidOperationException: An exception was thrown while attempting to evaluate a LINQ query parameter expression. See the inner exception for more information. To show additional information call 'DbContextOptionsBuilder.EnableSensitiveDataLogging'.
 ---> System.NullReferenceException: Object reference not set to an instance of an object.
   at lambda_method17(Closure )
   at Microsoft.EntityFrameworkCore.Query.Internal.ParameterExtractingExpressionVisitor.GetValue(Expression expression, String& parameterName)
   --- End of inner exception stack trace ---
   at Microsoft.EntityFrameworkCore.Query.Internal.ParameterExtractingExpressionVisitor.GetValue(Expression expression, String& parameterName)
   at Microsoft.EntityFrameworkCore.Query.Internal.ParameterExtractingExpressionVisitor.Evaluate(Expression expression, Boolean generateParameter)
   at Microsoft.EntityFrameworkCore.Query.Internal.ParameterExtractingExpressionVisitor.Visit(Expression expression)
   at System.Dynamic.Utils.ExpressionVisitorUtils.VisitArguments(ExpressionVisitor visitor, IArgumentProvider nodes)
   at System.Linq.Expressions.ExpressionVisitor.VisitMethodCall(MethodCallExpression node)
   at System.Linq.Expressions.MethodCallExpression.Accept(ExpressionVisitor visitor)
   at Microsoft.EntityFrameworkCore.Query.Internal.ParameterExtractingExpressionVisitor.Visit(Expression expression)
   at System.Linq.Expressions.ExpressionVisitor.VisitLambda[T](Expression`1 node)
   at System.Linq.Expressions.Expression`1.Accept(ExpressionVisitor visitor)
   at Microsoft.EntityFrameworkCore.Query.Internal.ParameterExtractingExpressionVisitor.Visit(Expression expression)
   at System.Linq.Expressions.ExpressionVisitor.VisitUnary(UnaryExpression node)
   at System.Linq.Expressions.UnaryExpression.Accept(ExpressionVisitor visitor)
   at Microsoft.EntityFrameworkCore.Query.Internal.ParameterExtractingExpressionVisitor.Visit(Expression expression)
   at System.Dynamic.Utils.ExpressionVisitorUtils.VisitArguments(ExpressionVisitor visitor, IArgumentProvider nodes)
   at System.Linq.Expressions.ExpressionVisitor.VisitMethodCall(MethodCallExpression node)
   at System.Linq.Expressions.MethodCallExpression.Accept(ExpressionVisitor visitor)
   at Microsoft.EntityFrameworkCore.Query.Internal.ParameterExtractingExpressionVisitor.Visit(Expression expression)
   at System.Dynamic.Utils.ExpressionVisitorUtils.VisitArguments(ExpressionVisitor visitor, IArgumentProvider nodes)
   at System.Linq.Expressions.ExpressionVisitor.VisitMethodCall(MethodCallExpression node)
   at System.Linq.Expressions.MethodCallExpression.Accept(ExpressionVisitor visitor)
   at Microsoft.EntityFrameworkCore.Query.Internal.ParameterExtractingExpressionVisitor.Visit(Expression expression)
   at Microsoft.EntityFrameworkCore.Query.Internal.ParameterExtractingExpressionVisitor.ExtractParameters(Expression expression, Boolean clearEvaluatedValues)
   at Microsoft.EntityFrameworkCore.Query.Internal.QueryCompiler.ExecuteAsync[TResult](Expression query, CancellationToken cancellationToken)
   at Microsoft.EntityFrameworkCore.Query.Internal.EntityQueryProvider.ExecuteAsync[TResult](Expression expression, CancellationToken cancellationToken)
   at Microsoft.EntityFrameworkCore.Query.Internal.EntityQueryable`1.GetAsyncEnumerator(CancellationToken cancellationToken)
   at System.Text.Json.Serialization.Converters.IAsyncEnumerableOfTConverter`2.OnWriteResume(Utf8JsonWriter writer, TAsyncEnumerable value, JsonSerializerOptions options, WriteStack& state)
   at System.Text.Json.Serialization.JsonCollectionConverter`2.OnTryWrite(Utf8JsonWriter writer, TCollection value, JsonSerializerOptions options, WriteStack& state)
   at System.Text.Json.Serialization.Converters.IAsyncEnumerableOfTConverter`2.OnTryWrite(Utf8JsonWriter writer, TAsyncEnumerable value, JsonSerializerOptions options, WriteStack& state)
   at System.Text.Json.Serialization.JsonConverter`1.TryWrite(Utf8JsonWriter writer, T& value, JsonSerializerOptions options, WriteStack& state)
   at System.Text.Json.Serialization.JsonConverter`1.WriteCore(Utf8JsonWriter writer, T& value, JsonSerializerOptions options, WriteStack& state)
   at System.Text.Json.Serialization.JsonConverter`1.WriteCoreAsObject(Utf8JsonWriter writer, Object value, JsonSerializerOptions options, WriteStack& state)
   at System.Text.Json.JsonSerializer.WriteCore[TValue](JsonConverter jsonConverter, Utf8JsonWriter writer, TValue& value, JsonSerializerOptions options, WriteStack& state)
   at System.Text.Json.JsonSerializer.WriteStreamAsync[TValue](Stream utf8Json, TValue value, JsonTypeInfo jsonTypeInfo, CancellationToken cancellationToken)
   at System.Text.Json.JsonSerializer.WriteStreamAsync[TValue](Stream utf8Json, TValue value, JsonTypeInfo jsonTypeInfo, CancellationToken cancellationToken)
   at System.Text.Json.JsonSerializer.WriteStreamAsync[TValue](Stream utf8Json, TValue value, JsonTypeInfo jsonTypeInfo, CancellationToken cancellationToken)
   at Microsoft.AspNetCore.Mvc.Formatters.SystemTextJsonOutputFormatter.WriteResponseBodyAsync(OutputFormatterWriteContext context, Encoding selectedEncoding)
   at Microsoft.AspNetCore.Mvc.Infrastructure.ResourceInvoker.<InvokeResultAsync>g__Logged|22_0(ResourceInvoker invoker, IActionResult result)
   at Microsoft.AspNetCore.Mvc.Infrastructure.ResourceInvoker.<InvokeNextResultFilterAsync>g__Awaited|30_0[TFilter,TFilterAsync](ResourceInvoker invoker, Task lastTask, State next, Scope scope, Object state, Boolean isCompleted)
   at Microsoft.AspNetCore.Mvc.Infrastructure.ResourceInvoker.Rethrow(ResultExecutedContextSealed context)
   at Microsoft.AspNetCore.Mvc.Infrastructure.ResourceInvoker.ResultNext[TFilter,TFilterAsync](State& next, Scope& scope, Object& state, Boolean& isCompleted)
   at Microsoft.AspNetCore.Mvc.Infrastructure.ResourceInvoker.InvokeResultFilters()
--- End of stack trace from previous location ---
   at Microsoft.AspNetCore.Mvc.Infrastructure.ResourceInvoker.<InvokeFilterPipelineAsync>g__Awaited|20_0(ResourceInvoker invoker, Task lastTask, State next, Scope scope, Object state, Boolean isCompleted)
   at Microsoft.AspNetCore.Mvc.Infrastructure.ResourceInvoker.<InvokeAsync>g__Logged|17_1(ResourceInvoker invoker)
   at Microsoft.AspNetCore.Mvc.Infrastructure.ResourceInvoker.<InvokeAsync>g__Logged|17_1(ResourceInvoker invoker)
   at Microsoft.AspNetCore.Routing.EndpointMiddleware.<Invoke>g__AwaitRequestTask|6_0(Endpoint endpoint, Task requestTask, ILogger logger)
   at Microsoft.AspNetCore.Authorization.AuthorizationMiddleware.Invoke(HttpContext context)
   at Microsoft.AspNetCore.Authentication.AuthenticationMiddleware.Invoke(HttpContext context)
   at Swashbuckle.AspNetCore.SwaggerUI.SwaggerUIMiddleware.Invoke(HttpContext httpContext)
   at Swashbuckle.AspNetCore.Swagger.SwaggerMiddleware.Invoke(HttpContext httpContext, ISwaggerProvider swaggerProvider)
   at Microsoft.AspNetCore.Diagnostics.DeveloperExceptionPageMiddleware.Invoke(HttpContext context)|url: https://localhost/1|action: GetTagsHints|Microsoft.AspNetCore.Diagnostics.DiagnosticsLoggerExtensions.UnhandledException
2022-08-30 09:51:32.2483|0|ERROR|Microsoft.AspNetCore.Diagnostics.DeveloperExceptionPageMiddleware|An unhandled exception has occurred while executing the request. System.InvalidOperationException: An exception was thrown while attempting to evaluate a LINQ query parameter expression. See the inner exception for more information. To show additional information call 'DbContextOptionsBuilder.EnableSensitiveDataLogging'.
 ---> System.NullReferenceException: Object reference not set to an instance of an object.
   at lambda_method18(Closure )
   at Microsoft.EntityFrameworkCore.Query.Internal.ParameterExtractingExpressionVisitor.GetValue(Expression expression, String& parameterName)
   --- End of inner exception stack trace ---
   at Microsoft.EntityFrameworkCore.Query.Internal.ParameterExtractingExpressionVisitor.GetValue(Expression expression, String& parameterName)
   at Microsoft.EntityFrameworkCore.Query.Internal.ParameterExtractingExpressionVisitor.Evaluate(Expression expression, Boolean generateParameter)
   at Microsoft.EntityFrameworkCore.Query.Internal.ParameterExtractingExpressionVisitor.Visit(Expression expression)
   at System.Dynamic.Utils.ExpressionVisitorUtils.VisitArguments(ExpressionVisitor visitor, IArgumentProvider nodes)
   at System.Linq.Expressions.ExpressionVisitor.VisitMethodCall(MethodCallExpression node)
   at System.Linq.Expressions.MethodCallExpression.Accept(ExpressionVisitor visitor)
   at Microsoft.EntityFrameworkCore.Query.Internal.ParameterExtractingExpressionVisitor.Visit(Expression expression)
   at System.Linq.Expressions.ExpressionVisitor.VisitLambda[T](Expression`1 node)
   at System.Linq.Expressions.Expression`1.Accept(ExpressionVisitor visitor)
   at Microsoft.EntityFrameworkCore.Query.Internal.ParameterExtractingExpressionVisitor.Visit(Expression expression)
   at System.Linq.Expressions.ExpressionVisitor.VisitUnary(UnaryExpression node)
   at System.Linq.Expressions.UnaryExpression.Accept(ExpressionVisitor visitor)
   at Microsoft.EntityFrameworkCore.Query.Internal.ParameterExtractingExpressionVisitor.Visit(Expression expression)
   at System.Dynamic.Utils.ExpressionVisitorUtils.VisitArguments(ExpressionVisitor visitor, IArgumentProvider nodes)
   at System.Linq.Expressions.ExpressionVisitor.VisitMethodCall(MethodCallExpression node)
   at System.Linq.Expressions.MethodCallExpression.Accept(ExpressionVisitor visitor)
   at Microsoft.EntityFrameworkCore.Query.Internal.ParameterExtractingExpressionVisitor.Visit(Expression expression)
   at System.Dynamic.Utils.ExpressionVisitorUtils.VisitArguments(ExpressionVisitor visitor, IArgumentProvider nodes)
   at System.Linq.Expressions.ExpressionVisitor.VisitMethodCall(MethodCallExpression node)
   at System.Linq.Expressions.MethodCallExpression.Accept(ExpressionVisitor visitor)
   at Microsoft.EntityFrameworkCore.Query.Internal.ParameterExtractingExpressionVisitor.Visit(Expression expression)
   at Microsoft.EntityFrameworkCore.Query.Internal.ParameterExtractingExpressionVisitor.ExtractParameters(Expression expression, Boolean clearEvaluatedValues)
   at Microsoft.EntityFrameworkCore.Query.Internal.QueryCompiler.ExecuteAsync[TResult](Expression query, CancellationToken cancellationToken)
   at Microsoft.EntityFrameworkCore.Query.Internal.EntityQueryProvider.ExecuteAsync[TResult](Expression expression, CancellationToken cancellationToken)
   at Microsoft.EntityFrameworkCore.Query.Internal.EntityQueryable`1.GetAsyncEnumerator(CancellationToken cancellationToken)
   at System.Text.Json.Serialization.Converters.IAsyncEnumerableOfTConverter`2.OnWriteResume(Utf8JsonWriter writer, TAsyncEnumerable value, JsonSerializerOptions options, WriteStack& state)
   at System.Text.Json.Serialization.JsonCollectionConverter`2.OnTryWrite(Utf8JsonWriter writer, TCollection value, JsonSerializerOptions options, WriteStack& state)
   at System.Text.Json.Serialization.Converters.IAsyncEnumerableOfTConverter`2.OnTryWrite(Utf8JsonWriter writer, TAsyncEnumerable value, JsonSerializerOptions options, WriteStack& state)
   at System.Text.Json.Serialization.JsonConverter`1.TryWrite(Utf8JsonWriter writer, T& value, JsonSerializerOptions options, WriteStack& state)
   at System.Text.Json.Serialization.JsonConverter`1.WriteCore(Utf8JsonWriter writer, T& value, JsonSerializerOptions options, WriteStack& state)
   at System.Text.Json.Serialization.JsonConverter`1.WriteCoreAsObject(Utf8JsonWriter writer, Object value, JsonSerializerOptions options, WriteStack& state)
   at System.Text.Json.JsonSerializer.WriteCore[TValue](JsonConverter jsonConverter, Utf8JsonWriter writer, TValue& value, JsonSerializerOptions options, WriteStack& state)
   at System.Text.Json.JsonSerializer.WriteStreamAsync[TValue](Stream utf8Json, TValue value, JsonTypeInfo jsonTypeInfo, CancellationToken cancellationToken)
   at System.Text.Json.JsonSerializer.WriteStreamAsync[TValue](Stream utf8Json, TValue value, JsonTypeInfo jsonTypeInfo, CancellationToken cancellationToken)
   at System.Text.Json.JsonSerializer.WriteStreamAsync[TValue](Stream utf8Json, TValue value, JsonTypeInfo jsonTypeInfo, CancellationToken cancellationToken)
   at Microsoft.AspNetCore.Mvc.Formatters.SystemTextJsonOutputFormatter.WriteResponseBodyAsync(OutputFormatterWriteContext context, Encoding selectedEncoding)
   at Microsoft.AspNetCore.Mvc.Infrastructure.ResourceInvoker.<InvokeResultAsync>g__Logged|22_0(ResourceInvoker invoker, IActionResult result)
   at Microsoft.AspNetCore.Mvc.Infrastructure.ResourceInvoker.<InvokeNextResultFilterAsync>g__Awaited|30_0[TFilter,TFilterAsync](ResourceInvoker invoker, Task lastTask, State next, Scope scope, Object state, Boolean isCompleted)
   at Microsoft.AspNetCore.Mvc.Infrastructure.ResourceInvoker.Rethrow(ResultExecutedContextSealed context)
   at Microsoft.AspNetCore.Mvc.Infrastructure.ResourceInvoker.ResultNext[TFilter,TFilterAsync](State& next, Scope& scope, Object& state, Boolean& isCompleted)
   at Microsoft.AspNetCore.Mvc.Infrastructure.ResourceInvoker.InvokeResultFilters()
--- End of stack trace from previous location ---
   at Microsoft.AspNetCore.Mvc.Infrastructure.ResourceInvoker.<InvokeFilterPipelineAsync>g__Awaited|20_0(ResourceInvoker invoker, Task lastTask, State next, Scope scope, Object state, Boolean isCompleted)
   at Microsoft.AspNetCore.Mvc.Infrastructure.ResourceInvoker.<InvokeAsync>g__Logged|17_1(ResourceInvoker invoker)
   at Microsoft.AspNetCore.Mvc.Infrastructure.ResourceInvoker.<InvokeAsync>g__Logged|17_1(ResourceInvoker invoker)
   at Microsoft.AspNetCore.Routing.EndpointMiddleware.<Invoke>g__AwaitRequestTask|6_0(Endpoint endpoint, Task requestTask, ILogger logger)
   at Microsoft.AspNetCore.Authorization.AuthorizationMiddleware.Invoke(HttpContext context)
   at Microsoft.AspNetCore.Authentication.AuthenticationMiddleware.Invoke(HttpContext context)
   at Swashbuckle.AspNetCore.SwaggerUI.SwaggerUIMiddleware.Invoke(HttpContext httpContext)
   at Swashbuckle.AspNetCore.Swagger.SwaggerMiddleware.Invoke(HttpContext httpContext, ISwaggerProvider swaggerProvider)
   at Microsoft.AspNetCore.Diagnostics.DeveloperExceptionPageMiddleware.Invoke(HttpContext context)|url: https://localhost/1222|action: GetTagsHints|Microsoft.AspNetCore.Diagnostics.DiagnosticsLoggerExtensions.UnhandledException
2022-08-30 09:56:32.0565|0|INFO|Microsoft.Hosting.Lifetime|Now listening on: https://localhost:7006 |url: |action: |Microsoft.AspNetCore.Hosting.GenericWebHostService.StartAsync
2022-08-30 09:56:32.0781|0|INFO|Microsoft.Hosting.Lifetime|Now listening on: http://localhost:5006 |url: |action: |Microsoft.AspNetCore.Hosting.GenericWebHostService.StartAsync
2022-08-30 09:56:32.0781|0|INFO|Microsoft.Hosting.Lifetime|Application started. Press Ctrl+C to shut down. |url: |action: |Microsoft.Extensions.Hosting.Internal.ConsoleLifetime.OnApplicationStarted
2022-08-30 09:56:32.0781|0|INFO|Microsoft.Hosting.Lifetime|Hosting environment: Development |url: |action: |Microsoft.Extensions.Hosting.Internal.ConsoleLifetime.OnApplicationStarted
2022-08-30 09:56:32.0781|0|INFO|Microsoft.Hosting.Lifetime|Content root path: C:\Users\USER\Downloads\3d-Viwer\Resource3dModelsApi\Resource3dModelsApi\ |url: |action: |Microsoft.Extensions.Hosting.Internal.ConsoleLifetime.OnApplicationStarted
2022-08-30 09:57:09.6783|0|ERROR|Microsoft.AspNetCore.Diagnostics.DeveloperExceptionPageMiddleware|An unhandled exception has occurred while executing the request. System.Exception: Incorrect category
   at Resource3dModelsApi.Infrastructure._Commands._3DModelCommands.Create_3dModel.Create_3dModelCommandHandler.Handle(Create_3dModelCommand request, CancellationToken cancellationToken) in C:\Users\USER\Downloads\3d-Viwer\Resource3dModelsApi\Resource3dModelsApi.Infrastructure\_Commands\_3DModelCommands\Create_3dModel\Create_3dModelCommandHandler.cs:line 51
   at MediatR.Pipeline.RequestExceptionProcessorBehavior`2.Handle(TRequest request, CancellationToken cancellationToken, RequestHandlerDelegate`1 next)
   at MediatR.Pipeline.RequestExceptionProcessorBehavior`2.Handle(TRequest request, CancellationToken cancellationToken, RequestHandlerDelegate`1 next)
   at MediatR.Pipeline.RequestExceptionActionProcessorBehavior`2.Handle(TRequest request, CancellationToken cancellationToken, RequestHandlerDelegate`1 next)
   at MediatR.Pipeline.RequestExceptionActionProcessorBehavior`2.Handle(TRequest request, CancellationToken cancellationToken, RequestHandlerDelegate`1 next)
   at MediatR.Pipeline.RequestPostProcessorBehavior`2.Handle(TRequest request, CancellationToken cancellationToken, RequestHandlerDelegate`1 next)
   at MediatR.Pipeline.RequestPreProcessorBehavior`2.Handle(TRequest request, CancellationToken cancellationToken, RequestHandlerDelegate`1 next)
   at Resource3dModelsApi.Infrastructure.ValidationPipeline.ValidationBehavior`2.Handle(TRequest request, CancellationToken cancellationToken, RequestHandlerDelegate`1 next) in C:\Users\USER\Downloads\3d-Viwer\Resource3dModelsApi\Resource3dModelsApi.Infrastructure\ValidationPipeline\ValidationBehavior.cs:line 37
   at Resource3dModelsApi.Controllers._3dModelController.Post(Create_3dModelCommand create_3DModelCommand) in C:\Users\USER\Downloads\3d-Viwer\Resource3dModelsApi\Resource3dModelsApi\Controllers\_3dModelController.cs:line 79
   at Microsoft.AspNetCore.Mvc.Infrastructure.ActionMethodExecutor.TaskOfIActionResultExecutor.Execute(IActionResultTypeMapper mapper, ObjectMethodExecutor executor, Object controller, Object[] arguments)
   at Microsoft.AspNetCore.Mvc.Infrastructure.ControllerActionInvoker.<InvokeActionMethodAsync>g__Logged|12_1(ControllerActionInvoker invoker)
   at Microsoft.AspNetCore.Mvc.Infrastructure.ControllerActionInvoker.<InvokeNextActionFilterAsync>g__Awaited|10_0(ControllerActionInvoker invoker, Task lastTask, State next, Scope scope, Object state, Boolean isCompleted)
   at Microsoft.AspNetCore.Mvc.Infrastructure.ControllerActionInvoker.Rethrow(ActionExecutedContextSealed context)
   at Microsoft.AspNetCore.Mvc.Infrastructure.ControllerActionInvoker.Next(State& next, Scope& scope, Object& state, Boolean& isCompleted)
   at Microsoft.AspNetCore.Mvc.Infrastructure.ControllerActionInvoker.<InvokeInnerFilterAsync>g__Awaited|13_0(ControllerActionInvoker invoker, Task lastTask, State next, Scope scope, Object state, Boolean isCompleted)
   at Microsoft.AspNetCore.Mvc.Infrastructure.ResourceInvoker.<InvokeFilterPipelineAsync>g__Awaited|20_0(ResourceInvoker invoker, Task lastTask, State next, Scope scope, Object state, Boolean isCompleted)
   at Microsoft.AspNetCore.Mvc.Infrastructure.ResourceInvoker.<InvokeAsync>g__Logged|17_1(ResourceInvoker invoker)
   at Microsoft.AspNetCore.Mvc.Infrastructure.ResourceInvoker.<InvokeAsync>g__Logged|17_1(ResourceInvoker invoker)
   at Microsoft.AspNetCore.Routing.EndpointMiddleware.<Invoke>g__AwaitRequestTask|6_0(Endpoint endpoint, Task requestTask, ILogger logger)
   at Microsoft.AspNetCore.Authorization.Policy.AuthorizationMiddlewareResultHandler.HandleAsync(RequestDelegate next, HttpContext context, AuthorizationPolicy policy, PolicyAuthorizationResult authorizeResult)
   at Microsoft.AspNetCore.Authorization.AuthorizationMiddleware.Invoke(HttpContext context)
   at Microsoft.AspNetCore.Authentication.AuthenticationMiddleware.Invoke(HttpContext context)
   at Swashbuckle.AspNetCore.SwaggerUI.SwaggerUIMiddleware.Invoke(HttpContext httpContext)
   at Swashbuckle.AspNetCore.Swagger.SwaggerMiddleware.Invoke(HttpContext httpContext, ISwaggerProvider swaggerProvider)
   at Microsoft.AspNetCore.Diagnostics.DeveloperExceptionPageMiddleware.Invoke(HttpContext context)|url: https://localhost/api/_3dModel|action: Post|Microsoft.AspNetCore.Diagnostics.DiagnosticsLoggerExtensions.UnhandledException
2022-08-30 09:57:18.1171|0|ERROR|Microsoft.AspNetCore.Diagnostics.DeveloperExceptionPageMiddleware|An unhandled exception has occurred while executing the request. System.Exception: Incorrect category
   at Resource3dModelsApi.Infrastructure._Commands._3DModelCommands.Create_3dModel.Create_3dModelCommandHandler.Handle(Create_3dModelCommand request, CancellationToken cancellationToken) in C:\Users\USER\Downloads\3d-Viwer\Resource3dModelsApi\Resource3dModelsApi.Infrastructure\_Commands\_3DModelCommands\Create_3dModel\Create_3dModelCommandHandler.cs:line 51
   at MediatR.Pipeline.RequestExceptionProcessorBehavior`2.Handle(TRequest request, CancellationToken cancellationToken, RequestHandlerDelegate`1 next)
   at MediatR.Pipeline.RequestExceptionProcessorBehavior`2.Handle(TRequest request, CancellationToken cancellationToken, RequestHandlerDelegate`1 next)
   at MediatR.Pipeline.RequestExceptionActionProcessorBehavior`2.Handle(TRequest request, CancellationToken cancellationToken, RequestHandlerDelegate`1 next)
   at MediatR.Pipeline.RequestExceptionActionProcessorBehavior`2.Handle(TRequest request, CancellationToken cancellationToken, RequestHandlerDelegate`1 next)
   at MediatR.Pipeline.RequestPostProcessorBehavior`2.Handle(TRequest request, CancellationToken cancellationToken, RequestHandlerDelegate`1 next)
   at MediatR.Pipeline.RequestPreProcessorBehavior`2.Handle(TRequest request, CancellationToken cancellationToken, RequestHandlerDelegate`1 next)
   at Resource3dModelsApi.Infrastructure.ValidationPipeline.ValidationBehavior`2.Handle(TRequest request, CancellationToken cancellationToken, RequestHandlerDelegate`1 next) in C:\Users\USER\Downloads\3d-Viwer\Resource3dModelsApi\Resource3dModelsApi.Infrastructure\ValidationPipeline\ValidationBehavior.cs:line 37
   at Resource3dModelsApi.Controllers._3dModelController.Post(Create_3dModelCommand create_3DModelCommand) in C:\Users\USER\Downloads\3d-Viwer\Resource3dModelsApi\Resource3dModelsApi\Controllers\_3dModelController.cs:line 79
   at Microsoft.AspNetCore.Mvc.Infrastructure.ActionMethodExecutor.TaskOfIActionResultExecutor.Execute(IActionResultTypeMapper mapper, ObjectMethodExecutor executor, Object controller, Object[] arguments)
   at Microsoft.AspNetCore.Mvc.Infrastructure.ControllerActionInvoker.<InvokeActionMethodAsync>g__Logged|12_1(ControllerActionInvoker invoker)
   at Microsoft.AspNetCore.Mvc.Infrastructure.ControllerActionInvoker.<InvokeNextActionFilterAsync>g__Awaited|10_0(ControllerActionInvoker invoker, Task lastTask, State next, Scope scope, Object state, Boolean isCompleted)
   at Microsoft.AspNetCore.Mvc.Infrastructure.ControllerActionInvoker.Rethrow(ActionExecutedContextSealed context)
   at Microsoft.AspNetCore.Mvc.Infrastructure.ControllerActionInvoker.Next(State& next, Scope& scope, Object& state, Boolean& isCompleted)
   at Microsoft.AspNetCore.Mvc.Infrastructure.ControllerActionInvoker.<InvokeInnerFilterAsync>g__Awaited|13_0(ControllerActionInvoker invoker, Task lastTask, State next, Scope scope, Object state, Boolean isCompleted)
   at Microsoft.AspNetCore.Mvc.Infrastructure.ResourceInvoker.<InvokeFilterPipelineAsync>g__Awaited|20_0(ResourceInvoker invoker, Task lastTask, State next, Scope scope, Object state, Boolean isCompleted)
   at Microsoft.AspNetCore.Mvc.Infrastructure.ResourceInvoker.<InvokeAsync>g__Logged|17_1(ResourceInvoker invoker)
   at Microsoft.AspNetCore.Mvc.Infrastructure.ResourceInvoker.<InvokeAsync>g__Logged|17_1(ResourceInvoker invoker)
   at Microsoft.AspNetCore.Routing.EndpointMiddleware.<Invoke>g__AwaitRequestTask|6_0(Endpoint endpoint, Task requestTask, ILogger logger)
   at Microsoft.AspNetCore.Authorization.Policy.AuthorizationMiddlewareResultHandler.HandleAsync(RequestDelegate next, HttpContext context, AuthorizationPolicy policy, PolicyAuthorizationResult authorizeResult)
   at Microsoft.AspNetCore.Authorization.AuthorizationMiddleware.Invoke(HttpContext context)
   at Microsoft.AspNetCore.Authentication.AuthenticationMiddleware.Invoke(HttpContext context)
   at Swashbuckle.AspNetCore.SwaggerUI.SwaggerUIMiddleware.Invoke(HttpContext httpContext)
   at Swashbuckle.AspNetCore.Swagger.SwaggerMiddleware.Invoke(HttpContext httpContext, ISwaggerProvider swaggerProvider)
   at Microsoft.AspNetCore.Diagnostics.DeveloperExceptionPageMiddleware.Invoke(HttpContext context)|url: https://localhost/api/_3dModel|action: Post|Microsoft.AspNetCore.Diagnostics.DiagnosticsLoggerExtensions.UnhandledException
2022-08-30 10:00:08.2236|0|INFO|Microsoft.Hosting.Lifetime|Now listening on: https://localhost:7006 |url: |action: |Microsoft.AspNetCore.Hosting.GenericWebHostService.StartAsync
2022-08-30 10:00:08.2314|0|INFO|Microsoft.Hosting.Lifetime|Now listening on: http://localhost:5006 |url: |action: |Microsoft.AspNetCore.Hosting.GenericWebHostService.StartAsync
2022-08-30 10:00:08.2314|0|INFO|Microsoft.Hosting.Lifetime|Application started. Press Ctrl+C to shut down. |url: |action: |Microsoft.Extensions.Hosting.Internal.ConsoleLifetime.OnApplicationStarted
2022-08-30 10:00:08.2314|0|INFO|Microsoft.Hosting.Lifetime|Hosting environment: Development |url: |action: |Microsoft.Extensions.Hosting.Internal.ConsoleLifetime.OnApplicationStarted
2022-08-30 10:00:08.2314|0|INFO|Microsoft.Hosting.Lifetime|Content root path: C:\Users\USER\Downloads\3d-Viwer\Resource3dModelsApi\Resource3dModelsApi\ |url: |action: |Microsoft.Extensions.Hosting.Internal.ConsoleLifetime.OnApplicationStarted
2022-08-30 10:00:20.9279|0|ERROR|Microsoft.AspNetCore.Diagnostics.DeveloperExceptionPageMiddleware|An unhandled exception has occurred while executing the request. System.InvalidOperationException: An exception was thrown while attempting to evaluate a LINQ query parameter expression. See the inner exception for more information. To show additional information call 'DbContextOptionsBuilder.EnableSensitiveDataLogging'.
 ---> System.NullReferenceException: Object reference not set to an instance of an object.
   at lambda_method17(Closure )
   at Microsoft.EntityFrameworkCore.Query.Internal.ParameterExtractingExpressionVisitor.GetValue(Expression expression, String& parameterName)
   --- End of inner exception stack trace ---
   at Microsoft.EntityFrameworkCore.Query.Internal.ParameterExtractingExpressionVisitor.GetValue(Expression expression, String& parameterName)
   at Microsoft.EntityFrameworkCore.Query.Internal.ParameterExtractingExpressionVisitor.Evaluate(Expression expression, Boolean generateParameter)
   at Microsoft.EntityFrameworkCore.Query.Internal.ParameterExtractingExpressionVisitor.Visit(Expression expression)
   at System.Dynamic.Utils.ExpressionVisitorUtils.VisitArguments(ExpressionVisitor visitor, IArgumentProvider nodes)
   at System.Linq.Expressions.ExpressionVisitor.VisitMethodCall(MethodCallExpression node)
   at System.Linq.Expressions.MethodCallExpression.Accept(ExpressionVisitor visitor)
   at Microsoft.EntityFrameworkCore.Query.Internal.ParameterExtractingExpressionVisitor.Visit(Expression expression)
   at System.Linq.Expressions.ExpressionVisitor.VisitLambda[T](Expression`1 node)
   at System.Linq.Expressions.Expression`1.Accept(ExpressionVisitor visitor)
   at Microsoft.EntityFrameworkCore.Query.Internal.ParameterExtractingExpressionVisitor.Visit(Expression expression)
   at System.Linq.Expressions.ExpressionVisitor.VisitUnary(UnaryExpression node)
   at System.Linq.Expressions.UnaryExpression.Accept(ExpressionVisitor visitor)
   at Microsoft.EntityFrameworkCore.Query.Internal.ParameterExtractingExpressionVisitor.Visit(Expression expression)
   at System.Dynamic.Utils.ExpressionVisitorUtils.VisitArguments(ExpressionVisitor visitor, IArgumentProvider nodes)
   at System.Linq.Expressions.ExpressionVisitor.VisitMethodCall(MethodCallExpression node)
   at System.Linq.Expressions.MethodCallExpression.Accept(ExpressionVisitor visitor)
   at Microsoft.EntityFrameworkCore.Query.Internal.ParameterExtractingExpressionVisitor.Visit(Expression expression)
   at System.Dynamic.Utils.ExpressionVisitorUtils.VisitArguments(ExpressionVisitor visitor, IArgumentProvider nodes)
   at System.Linq.Expressions.ExpressionVisitor.VisitMethodCall(MethodCallExpression node)
   at System.Linq.Expressions.MethodCallExpression.Accept(ExpressionVisitor visitor)
   at Microsoft.EntityFrameworkCore.Query.Internal.ParameterExtractingExpressionVisitor.Visit(Expression expression)
   at Microsoft.EntityFrameworkCore.Query.Internal.ParameterExtractingExpressionVisitor.ExtractParameters(Expression expression, Boolean clearEvaluatedValues)
   at Microsoft.EntityFrameworkCore.Query.Internal.QueryCompiler.ExecuteAsync[TResult](Expression query, CancellationToken cancellationToken)
   at Microsoft.EntityFrameworkCore.Query.Internal.EntityQueryProvider.ExecuteAsync[TResult](Expression expression, CancellationToken cancellationToken)
   at Microsoft.EntityFrameworkCore.Query.Internal.EntityQueryable`1.GetAsyncEnumerator(CancellationToken cancellationToken)
   at System.Text.Json.Serialization.Converters.IAsyncEnumerableOfTConverter`2.OnWriteResume(Utf8JsonWriter writer, TAsyncEnumerable value, JsonSerializerOptions options, WriteStack& state)
   at System.Text.Json.Serialization.JsonCollectionConverter`2.OnTryWrite(Utf8JsonWriter writer, TCollection value, JsonSerializerOptions options, WriteStack& state)
   at System.Text.Json.Serialization.Converters.IAsyncEnumerableOfTConverter`2.OnTryWrite(Utf8JsonWriter writer, TAsyncEnumerable value, JsonSerializerOptions options, WriteStack& state)
   at System.Text.Json.Serialization.JsonConverter`1.TryWrite(Utf8JsonWriter writer, T& value, JsonSerializerOptions options, WriteStack& state)
   at System.Text.Json.Serialization.JsonConverter`1.WriteCore(Utf8JsonWriter writer, T& value, JsonSerializerOptions options, WriteStack& state)
   at System.Text.Json.Serialization.JsonConverter`1.WriteCoreAsObject(Utf8JsonWriter writer, Object value, JsonSerializerOptions options, WriteStack& state)
   at System.Text.Json.JsonSerializer.WriteCore[TValue](JsonConverter jsonConverter, Utf8JsonWriter writer, TValue& value, JsonSerializerOptions options, WriteStack& state)
   at System.Text.Json.JsonSerializer.WriteStreamAsync[TValue](Stream utf8Json, TValue value, JsonTypeInfo jsonTypeInfo, CancellationToken cancellationToken)
   at System.Text.Json.JsonSerializer.WriteStreamAsync[TValue](Stream utf8Json, TValue value, JsonTypeInfo jsonTypeInfo, CancellationToken cancellationToken)
   at System.Text.Json.JsonSerializer.WriteStreamAsync[TValue](Stream utf8Json, TValue value, JsonTypeInfo jsonTypeInfo, CancellationToken cancellationToken)
   at Microsoft.AspNetCore.Mvc.Formatters.SystemTextJsonOutputFormatter.WriteResponseBodyAsync(OutputFormatterWriteContext context, Encoding selectedEncoding)
   at Microsoft.AspNetCore.Mvc.Infrastructure.ResourceInvoker.<InvokeResultAsync>g__Logged|22_0(ResourceInvoker invoker, IActionResult result)
   at Microsoft.AspNetCore.Mvc.Infrastructure.ResourceInvoker.<InvokeNextResultFilterAsync>g__Awaited|30_0[TFilter,TFilterAsync](ResourceInvoker invoker, Task lastTask, State next, Scope scope, Object state, Boolean isCompleted)
   at Microsoft.AspNetCore.Mvc.Infrastructure.ResourceInvoker.Rethrow(ResultExecutedContextSealed context)
   at Microsoft.AspNetCore.Mvc.Infrastructure.ResourceInvoker.ResultNext[TFilter,TFilterAsync](State& next, Scope& scope, Object& state, Boolean& isCompleted)
   at Microsoft.AspNetCore.Mvc.Infrastructure.ResourceInvoker.InvokeResultFilters()
--- End of stack trace from previous location ---
   at Microsoft.AspNetCore.Mvc.Infrastructure.ResourceInvoker.<InvokeFilterPipelineAsync>g__Awaited|20_0(ResourceInvoker invoker, Task lastTask, State next, Scope scope, Object state, Boolean isCompleted)
   at Microsoft.AspNetCore.Mvc.Infrastructure.ResourceInvoker.<InvokeAsync>g__Logged|17_1(ResourceInvoker invoker)
   at Microsoft.AspNetCore.Mvc.Infrastructure.ResourceInvoker.<InvokeAsync>g__Logged|17_1(ResourceInvoker invoker)
   at Microsoft.AspNetCore.Routing.EndpointMiddleware.<Invoke>g__AwaitRequestTask|6_0(Endpoint endpoint, Task requestTask, ILogger logger)
   at Microsoft.AspNetCore.Authorization.AuthorizationMiddleware.Invoke(HttpContext context)
   at Microsoft.AspNetCore.Authentication.AuthenticationMiddleware.Invoke(HttpContext context)
   at Swashbuckle.AspNetCore.SwaggerUI.SwaggerUIMiddleware.Invoke(HttpContext httpContext)
   at Swashbuckle.AspNetCore.Swagger.SwaggerMiddleware.Invoke(HttpContext httpContext, ISwaggerProvider swaggerProvider)
   at Microsoft.AspNetCore.Diagnostics.DeveloperExceptionPageMiddleware.Invoke(HttpContext context)|url: https://localhost/fir|action: GetTagsHints|Microsoft.AspNetCore.Diagnostics.DiagnosticsLoggerExtensions.UnhandledException
2022-08-30 10:01:59.4756|0|INFO|Microsoft.Hosting.Lifetime|Now listening on: https://localhost:7006 |url: |action: |Microsoft.AspNetCore.Hosting.GenericWebHostService.StartAsync
2022-08-30 10:01:59.4756|0|INFO|Microsoft.Hosting.Lifetime|Now listening on: http://localhost:5006 |url: |action: |Microsoft.AspNetCore.Hosting.GenericWebHostService.StartAsync
2022-08-30 10:01:59.4756|0|INFO|Microsoft.Hosting.Lifetime|Application started. Press Ctrl+C to shut down. |url: |action: |Microsoft.Extensions.Hosting.Internal.ConsoleLifetime.OnApplicationStarted
2022-08-30 10:01:59.4756|0|INFO|Microsoft.Hosting.Lifetime|Hosting environment: Development |url: |action: |Microsoft.Extensions.Hosting.Internal.ConsoleLifetime.OnApplicationStarted
2022-08-30 10:01:59.4756|0|INFO|Microsoft.Hosting.Lifetime|Content root path: C:\Users\USER\Downloads\3d-Viwer\Resource3dModelsApi\Resource3dModelsApi\ |url: |action: |Microsoft.Extensions.Hosting.Internal.ConsoleLifetime.OnApplicationStarted
2022-08-30 10:02:40.5079|0|INFO|Microsoft.Hosting.Lifetime|Now listening on: https://localhost:7006 |url: |action: |Microsoft.AspNetCore.Hosting.GenericWebHostService.StartAsync
2022-08-30 10:02:40.5079|0|INFO|Microsoft.Hosting.Lifetime|Now listening on: http://localhost:5006 |url: |action: |Microsoft.AspNetCore.Hosting.GenericWebHostService.StartAsync
2022-08-30 10:02:40.5079|0|INFO|Microsoft.Hosting.Lifetime|Application started. Press Ctrl+C to shut down. |url: |action: |Microsoft.Extensions.Hosting.Internal.ConsoleLifetime.OnApplicationStarted
2022-08-30 10:02:40.5079|0|INFO|Microsoft.Hosting.Lifetime|Hosting environment: Development |url: |action: |Microsoft.Extensions.Hosting.Internal.ConsoleLifetime.OnApplicationStarted
2022-08-30 10:02:40.5079|0|INFO|Microsoft.Hosting.Lifetime|Content root path: C:\Users\USER\Downloads\3d-Viwer\Resource3dModelsApi\Resource3dModelsApi\ |url: |action: |Microsoft.Extensions.Hosting.Internal.ConsoleLifetime.OnApplicationStarted
2022-08-30 10:03:16.7628|0|INFO|Microsoft.Hosting.Lifetime|Now listening on: https://localhost:7006 |url: |action: |Microsoft.AspNetCore.Hosting.GenericWebHostService.StartAsync
2022-08-30 10:03:16.7719|0|INFO|Microsoft.Hosting.Lifetime|Now listening on: http://localhost:5006 |url: |action: |Microsoft.AspNetCore.Hosting.GenericWebHostService.StartAsync
2022-08-30 10:03:16.7719|0|INFO|Microsoft.Hosting.Lifetime|Application started. Press Ctrl+C to shut down. |url: |action: |Microsoft.Extensions.Hosting.Internal.ConsoleLifetime.OnApplicationStarted
2022-08-30 10:03:16.7719|0|INFO|Microsoft.Hosting.Lifetime|Hosting environment: Development |url: |action: |Microsoft.Extensions.Hosting.Internal.ConsoleLifetime.OnApplicationStarted
2022-08-30 10:03:16.7719|0|INFO|Microsoft.Hosting.Lifetime|Content root path: C:\Users\USER\Downloads\3d-Viwer\Resource3dModelsApi\Resource3dModelsApi\ |url: |action: |Microsoft.Extensions.Hosting.Internal.ConsoleLifetime.OnApplicationStarted
2022-08-30 10:03:32.6692|0|WARN|Microsoft.EntityFrameworkCore.Query|The query uses a row limiting operator ('Skip'/'Take') without an 'OrderBy' operator. This may lead to unpredictable results. If the 'Distinct' operator is used after 'OrderBy', then make sure to use the 'OrderBy' operator after 'Distinct' as the ordering would otherwise get erased. |url: https://localhost/fir|action: GetTagsHints|Microsoft.EntityFrameworkCore.Diagnostics.CoreLoggerExtensions.RowLimitingOperationWithoutOrderByWarning
2022-08-30 10:08:23.2368|0|INFO|Microsoft.Hosting.Lifetime|Now listening on: https://localhost:7006 |url: |action: |Microsoft.AspNetCore.Hosting.GenericWebHostService.StartAsync
2022-08-30 10:08:23.2456|0|INFO|Microsoft.Hosting.Lifetime|Now listening on: http://localhost:5006 |url: |action: |Microsoft.AspNetCore.Hosting.GenericWebHostService.StartAsync
2022-08-30 10:08:23.2456|0|INFO|Microsoft.Hosting.Lifetime|Application started. Press Ctrl+C to shut down. |url: |action: |Microsoft.Extensions.Hosting.Internal.ConsoleLifetime.OnApplicationStarted
2022-08-30 10:08:23.2456|0|INFO|Microsoft.Hosting.Lifetime|Hosting environment: Development |url: |action: |Microsoft.Extensions.Hosting.Internal.ConsoleLifetime.OnApplicationStarted
2022-08-30 10:08:23.2456|0|INFO|Microsoft.Hosting.Lifetime|Content root path: C:\Users\USER\Downloads\3d-Viwer\Resource3dModelsApi\Resource3dModelsApi\ |url: |action: |Microsoft.Extensions.Hosting.Internal.ConsoleLifetime.OnApplicationStarted
2022-08-30 10:08:35.0171|0|WARN|Microsoft.EntityFrameworkCore.Query|The query uses a row limiting operator ('Skip'/'Take') without an 'OrderBy' operator. This may lead to unpredictable results. If the 'Distinct' operator is used after 'OrderBy', then make sure to use the 'OrderBy' operator after 'Distinct' as the ordering would otherwise get erased. |url: https://localhost/fir|action: GetTagsHints|Microsoft.EntityFrameworkCore.Diagnostics.CoreLoggerExtensions.RowLimitingOperationWithoutOrderByWarning
2022-08-30 10:09:02.5202|0|INFO|Microsoft.Hosting.Lifetime|Now listening on: https://localhost:7006 |url: |action: |Microsoft.AspNetCore.Hosting.GenericWebHostService.StartAsync
2022-08-30 10:09:02.5274|0|INFO|Microsoft.Hosting.Lifetime|Now listening on: http://localhost:5006 |url: |action: |Microsoft.AspNetCore.Hosting.GenericWebHostService.StartAsync
2022-08-30 10:09:02.5274|0|INFO|Microsoft.Hosting.Lifetime|Application started. Press Ctrl+C to shut down. |url: |action: |Microsoft.Extensions.Hosting.Internal.ConsoleLifetime.OnApplicationStarted
2022-08-30 10:09:02.5274|0|INFO|Microsoft.Hosting.Lifetime|Hosting environment: Development |url: |action: |Microsoft.Extensions.Hosting.Internal.ConsoleLifetime.OnApplicationStarted
2022-08-30 10:09:02.5274|0|INFO|Microsoft.Hosting.Lifetime|Content root path: C:\Users\USER\Downloads\3d-Viwer\Resource3dModelsApi\Resource3dModelsApi\ |url: |action: |Microsoft.Extensions.Hosting.Internal.ConsoleLifetime.OnApplicationStarted
2022-08-30 10:09:11.8859|0|WARN|Microsoft.EntityFrameworkCore.Query|The query uses a row limiting operator ('Skip'/'Take') without an 'OrderBy' operator. This may lead to unpredictable results. If the 'Distinct' operator is used after 'OrderBy', then make sure to use the 'OrderBy' operator after 'Distinct' as the ordering would otherwise get erased. |url: https://localhost/api/Tag/fir|action: GetTagsHints|Microsoft.EntityFrameworkCore.Diagnostics.CoreLoggerExtensions.RowLimitingOperationWithoutOrderByWarning
2022-08-30 10:39:11.6782|0|ERROR|Microsoft.AspNetCore.Diagnostics.DeveloperExceptionPageMiddleware|An unhandled exception has occurred while executing the request. System.Exception: Incorrect category
   at Resource3dModelsApi.Infrastructure._Commands._3DModelCommands.Create_3dModel.Create_3dModelCommandHandler.Handle(Create_3dModelCommand request, CancellationToken cancellationToken) in C:\Users\USER\Downloads\3d-Viwer\Resource3dModelsApi\Resource3dModelsApi.Infrastructure\_Commands\_3DModelCommands\Create_3dModel\Create_3dModelCommandHandler.cs:line 51
   at MediatR.Pipeline.RequestExceptionProcessorBehavior`2.Handle(TRequest request, CancellationToken cancellationToken, RequestHandlerDelegate`1 next)
   at MediatR.Pipeline.RequestExceptionProcessorBehavior`2.Handle(TRequest request, CancellationToken cancellationToken, RequestHandlerDelegate`1 next)
   at MediatR.Pipeline.RequestExceptionActionProcessorBehavior`2.Handle(TRequest request, CancellationToken cancellationToken, RequestHandlerDelegate`1 next)
   at MediatR.Pipeline.RequestExceptionActionProcessorBehavior`2.Handle(TRequest request, CancellationToken cancellationToken, RequestHandlerDelegate`1 next)
   at MediatR.Pipeline.RequestPostProcessorBehavior`2.Handle(TRequest request, CancellationToken cancellationToken, RequestHandlerDelegate`1 next)
   at MediatR.Pipeline.RequestPreProcessorBehavior`2.Handle(TRequest request, CancellationToken cancellationToken, RequestHandlerDelegate`1 next)
   at Resource3dModelsApi.Infrastructure.ValidationPipeline.ValidationBehavior`2.Handle(TRequest request, CancellationToken cancellationToken, RequestHandlerDelegate`1 next) in C:\Users\USER\Downloads\3d-Viwer\Resource3dModelsApi\Resource3dModelsApi.Infrastructure\ValidationPipeline\ValidationBehavior.cs:line 37
   at Resource3dModelsApi.Controllers._3dModelController.Post(Create_3dModelCommand create_3DModelCommand) in C:\Users\USER\Downloads\3d-Viwer\Resource3dModelsApi\Resource3dModelsApi\Controllers\_3dModelController.cs:line 79
   at Microsoft.AspNetCore.Mvc.Infrastructure.ActionMethodExecutor.TaskOfIActionResultExecutor.Execute(IActionResultTypeMapper mapper, ObjectMethodExecutor executor, Object controller, Object[] arguments)
   at Microsoft.AspNetCore.Mvc.Infrastructure.ControllerActionInvoker.<InvokeActionMethodAsync>g__Logged|12_1(ControllerActionInvoker invoker)
   at Microsoft.AspNetCore.Mvc.Infrastructure.ControllerActionInvoker.<InvokeNextActionFilterAsync>g__Awaited|10_0(ControllerActionInvoker invoker, Task lastTask, State next, Scope scope, Object state, Boolean isCompleted)
   at Microsoft.AspNetCore.Mvc.Infrastructure.ControllerActionInvoker.Rethrow(ActionExecutedContextSealed context)
   at Microsoft.AspNetCore.Mvc.Infrastructure.ControllerActionInvoker.Next(State& next, Scope& scope, Object& state, Boolean& isCompleted)
   at Microsoft.AspNetCore.Mvc.Infrastructure.ControllerActionInvoker.<InvokeInnerFilterAsync>g__Awaited|13_0(ControllerActionInvoker invoker, Task lastTask, State next, Scope scope, Object state, Boolean isCompleted)
   at Microsoft.AspNetCore.Mvc.Infrastructure.ResourceInvoker.<InvokeFilterPipelineAsync>g__Awaited|20_0(ResourceInvoker invoker, Task lastTask, State next, Scope scope, Object state, Boolean isCompleted)
   at Microsoft.AspNetCore.Mvc.Infrastructure.ResourceInvoker.<InvokeAsync>g__Logged|17_1(ResourceInvoker invoker)
   at Microsoft.AspNetCore.Mvc.Infrastructure.ResourceInvoker.<InvokeAsync>g__Logged|17_1(ResourceInvoker invoker)
   at Microsoft.AspNetCore.Routing.EndpointMiddleware.<Invoke>g__AwaitRequestTask|6_0(Endpoint endpoint, Task requestTask, ILogger logger)
   at Microsoft.AspNetCore.Authorization.Policy.AuthorizationMiddlewareResultHandler.HandleAsync(RequestDelegate next, HttpContext context, AuthorizationPolicy policy, PolicyAuthorizationResult authorizeResult)
   at Microsoft.AspNetCore.Authorization.AuthorizationMiddleware.Invoke(HttpContext context)
   at Microsoft.AspNetCore.Authentication.AuthenticationMiddleware.Invoke(HttpContext context)
   at Swashbuckle.AspNetCore.SwaggerUI.SwaggerUIMiddleware.Invoke(HttpContext httpContext)
   at Swashbuckle.AspNetCore.Swagger.SwaggerMiddleware.Invoke(HttpContext httpContext, ISwaggerProvider swaggerProvider)
   at Microsoft.AspNetCore.Diagnostics.DeveloperExceptionPageMiddleware.Invoke(HttpContext context)|url: https://localhost/api/_3dModel|action: Post|Microsoft.AspNetCore.Diagnostics.DiagnosticsLoggerExtensions.UnhandledException
2022-08-30 10:39:50.0445|0|ERROR|Microsoft.AspNetCore.Diagnostics.DeveloperExceptionPageMiddleware|An unhandled exception has occurred while executing the request. System.Exception: Incorrect category
   at Resource3dModelsApi.Infrastructure._Commands._3DModelCommands.Create_3dModel.Create_3dModelCommandHandler.Handle(Create_3dModelCommand request, CancellationToken cancellationToken) in C:\Users\USER\Downloads\3d-Viwer\Resource3dModelsApi\Resource3dModelsApi.Infrastructure\_Commands\_3DModelCommands\Create_3dModel\Create_3dModelCommandHandler.cs:line 51
   at MediatR.Pipeline.RequestExceptionProcessorBehavior`2.Handle(TRequest request, CancellationToken cancellationToken, RequestHandlerDelegate`1 next)
   at MediatR.Pipeline.RequestExceptionProcessorBehavior`2.Handle(TRequest request, CancellationToken cancellationToken, RequestHandlerDelegate`1 next)
   at MediatR.Pipeline.RequestExceptionActionProcessorBehavior`2.Handle(TRequest request, CancellationToken cancellationToken, RequestHandlerDelegate`1 next)
   at MediatR.Pipeline.RequestExceptionActionProcessorBehavior`2.Handle(TRequest request, CancellationToken cancellationToken, RequestHandlerDelegate`1 next)
   at MediatR.Pipeline.RequestPostProcessorBehavior`2.Handle(TRequest request, CancellationToken cancellationToken, RequestHandlerDelegate`1 next)
   at MediatR.Pipeline.RequestPreProcessorBehavior`2.Handle(TRequest request, CancellationToken cancellationToken, RequestHandlerDelegate`1 next)
   at Resource3dModelsApi.Infrastructure.ValidationPipeline.ValidationBehavior`2.Handle(TRequest request, CancellationToken cancellationToken, RequestHandlerDelegate`1 next) in C:\Users\USER\Downloads\3d-Viwer\Resource3dModelsApi\Resource3dModelsApi.Infrastructure\ValidationPipeline\ValidationBehavior.cs:line 37
   at Resource3dModelsApi.Controllers._3dModelController.Post(Create_3dModelCommand create_3DModelCommand) in C:\Users\USER\Downloads\3d-Viwer\Resource3dModelsApi\Resource3dModelsApi\Controllers\_3dModelController.cs:line 79
   at Microsoft.AspNetCore.Mvc.Infrastructure.ActionMethodExecutor.TaskOfIActionResultExecutor.Execute(IActionResultTypeMapper mapper, ObjectMethodExecutor executor, Object controller, Object[] arguments)
   at Microsoft.AspNetCore.Mvc.Infrastructure.ControllerActionInvoker.<InvokeActionMethodAsync>g__Logged|12_1(ControllerActionInvoker invoker)
   at Microsoft.AspNetCore.Mvc.Infrastructure.ControllerActionInvoker.<InvokeNextActionFilterAsync>g__Awaited|10_0(ControllerActionInvoker invoker, Task lastTask, State next, Scope scope, Object state, Boolean isCompleted)
   at Microsoft.AspNetCore.Mvc.Infrastructure.ControllerActionInvoker.Rethrow(ActionExecutedContextSealed context)
   at Microsoft.AspNetCore.Mvc.Infrastructure.ControllerActionInvoker.Next(State& next, Scope& scope, Object& state, Boolean& isCompleted)
   at Microsoft.AspNetCore.Mvc.Infrastructure.ControllerActionInvoker.<InvokeInnerFilterAsync>g__Awaited|13_0(ControllerActionInvoker invoker, Task lastTask, State next, Scope scope, Object state, Boolean isCompleted)
   at Microsoft.AspNetCore.Mvc.Infrastructure.ResourceInvoker.<InvokeFilterPipelineAsync>g__Awaited|20_0(ResourceInvoker invoker, Task lastTask, State next, Scope scope, Object state, Boolean isCompleted)
   at Microsoft.AspNetCore.Mvc.Infrastructure.ResourceInvoker.<InvokeAsync>g__Logged|17_1(ResourceInvoker invoker)
   at Microsoft.AspNetCore.Mvc.Infrastructure.ResourceInvoker.<InvokeAsync>g__Logged|17_1(ResourceInvoker invoker)
   at Microsoft.AspNetCore.Routing.EndpointMiddleware.<Invoke>g__AwaitRequestTask|6_0(Endpoint endpoint, Task requestTask, ILogger logger)
   at Microsoft.AspNetCore.Authorization.Policy.AuthorizationMiddlewareResultHandler.HandleAsync(RequestDelegate next, HttpContext context, AuthorizationPolicy policy, PolicyAuthorizationResult authorizeResult)
   at Microsoft.AspNetCore.Authorization.AuthorizationMiddleware.Invoke(HttpContext context)
   at Microsoft.AspNetCore.Authentication.AuthenticationMiddleware.Invoke(HttpContext context)
   at Swashbuckle.AspNetCore.SwaggerUI.SwaggerUIMiddleware.Invoke(HttpContext httpContext)
   at Swashbuckle.AspNetCore.Swagger.SwaggerMiddleware.Invoke(HttpContext httpContext, ISwaggerProvider swaggerProvider)
   at Microsoft.AspNetCore.Diagnostics.DeveloperExceptionPageMiddleware.Invoke(HttpContext context)|url: https://localhost/api/_3dModel|action: Post|Microsoft.AspNetCore.Diagnostics.DiagnosticsLoggerExtensions.UnhandledException
2022-08-30 10:39:53.5209|0|ERROR|Microsoft.AspNetCore.Diagnostics.DeveloperExceptionPageMiddleware|An unhandled exception has occurred while executing the request. System.Exception: Incorrect category
   at Resource3dModelsApi.Infrastructure._Commands._3DModelCommands.Create_3dModel.Create_3dModelCommandHandler.Handle(Create_3dModelCommand request, CancellationToken cancellationToken) in C:\Users\USER\Downloads\3d-Viwer\Resource3dModelsApi\Resource3dModelsApi.Infrastructure\_Commands\_3DModelCommands\Create_3dModel\Create_3dModelCommandHandler.cs:line 51
   at MediatR.Pipeline.RequestExceptionProcessorBehavior`2.Handle(TRequest request, CancellationToken cancellationToken, RequestHandlerDelegate`1 next)
   at MediatR.Pipeline.RequestExceptionProcessorBehavior`2.Handle(TRequest request, CancellationToken cancellationToken, RequestHandlerDelegate`1 next)
   at MediatR.Pipeline.RequestExceptionActionProcessorBehavior`2.Handle(TRequest request, CancellationToken cancellationToken, RequestHandlerDelegate`1 next)
   at MediatR.Pipeline.RequestExceptionActionProcessorBehavior`2.Handle(TRequest request, CancellationToken cancellationToken, RequestHandlerDelegate`1 next)
   at MediatR.Pipeline.RequestPostProcessorBehavior`2.Handle(TRequest request, CancellationToken cancellationToken, RequestHandlerDelegate`1 next)
   at MediatR.Pipeline.RequestPreProcessorBehavior`2.Handle(TRequest request, CancellationToken cancellationToken, RequestHandlerDelegate`1 next)
   at Resource3dModelsApi.Infrastructure.ValidationPipeline.ValidationBehavior`2.Handle(TRequest request, CancellationToken cancellationToken, RequestHandlerDelegate`1 next) in C:\Users\USER\Downloads\3d-Viwer\Resource3dModelsApi\Resource3dModelsApi.Infrastructure\ValidationPipeline\ValidationBehavior.cs:line 37
   at Resource3dModelsApi.Controllers._3dModelController.Post(Create_3dModelCommand create_3DModelCommand) in C:\Users\USER\Downloads\3d-Viwer\Resource3dModelsApi\Resource3dModelsApi\Controllers\_3dModelController.cs:line 79
   at Microsoft.AspNetCore.Mvc.Infrastructure.ActionMethodExecutor.TaskOfIActionResultExecutor.Execute(IActionResultTypeMapper mapper, ObjectMethodExecutor executor, Object controller, Object[] arguments)
   at Microsoft.AspNetCore.Mvc.Infrastructure.ControllerActionInvoker.<InvokeActionMethodAsync>g__Logged|12_1(ControllerActionInvoker invoker)
   at Microsoft.AspNetCore.Mvc.Infrastructure.ControllerActionInvoker.<InvokeNextActionFilterAsync>g__Awaited|10_0(ControllerActionInvoker invoker, Task lastTask, State next, Scope scope, Object state, Boolean isCompleted)
   at Microsoft.AspNetCore.Mvc.Infrastructure.ControllerActionInvoker.Rethrow(ActionExecutedContextSealed context)
   at Microsoft.AspNetCore.Mvc.Infrastructure.ControllerActionInvoker.Next(State& next, Scope& scope, Object& state, Boolean& isCompleted)
   at Microsoft.AspNetCore.Mvc.Infrastructure.ControllerActionInvoker.<InvokeInnerFilterAsync>g__Awaited|13_0(ControllerActionInvoker invoker, Task lastTask, State next, Scope scope, Object state, Boolean isCompleted)
   at Microsoft.AspNetCore.Mvc.Infrastructure.ResourceInvoker.<InvokeFilterPipelineAsync>g__Awaited|20_0(ResourceInvoker invoker, Task lastTask, State next, Scope scope, Object state, Boolean isCompleted)
   at Microsoft.AspNetCore.Mvc.Infrastructure.ResourceInvoker.<InvokeAsync>g__Logged|17_1(ResourceInvoker invoker)
   at Microsoft.AspNetCore.Mvc.Infrastructure.ResourceInvoker.<InvokeAsync>g__Logged|17_1(ResourceInvoker invoker)
   at Microsoft.AspNetCore.Routing.EndpointMiddleware.<Invoke>g__AwaitRequestTask|6_0(Endpoint endpoint, Task requestTask, ILogger logger)
   at Microsoft.AspNetCore.Authorization.Policy.AuthorizationMiddlewareResultHandler.HandleAsync(RequestDelegate next, HttpContext context, AuthorizationPolicy policy, PolicyAuthorizationResult authorizeResult)
   at Microsoft.AspNetCore.Authorization.AuthorizationMiddleware.Invoke(HttpContext context)
   at Microsoft.AspNetCore.Authentication.AuthenticationMiddleware.Invoke(HttpContext context)
   at Swashbuckle.AspNetCore.SwaggerUI.SwaggerUIMiddleware.Invoke(HttpContext httpContext)
   at Swashbuckle.AspNetCore.Swagger.SwaggerMiddleware.Invoke(HttpContext httpContext, ISwaggerProvider swaggerProvider)
   at Microsoft.AspNetCore.Diagnostics.DeveloperExceptionPageMiddleware.Invoke(HttpContext context)|url: https://localhost/api/_3dModel|action: Post|Microsoft.AspNetCore.Diagnostics.DiagnosticsLoggerExtensions.UnhandledException
2022-08-30 10:44:55.8152|0|ERROR|Microsoft.AspNetCore.Diagnostics.DeveloperExceptionPageMiddleware|An unhandled exception has occurred while executing the request. System.Exception: Incorrect category
   at Resource3dModelsApi.Infrastructure._Commands._3DModelCommands.Create_3dModel.Create_3dModelCommandHandler.Handle(Create_3dModelCommand request, CancellationToken cancellationToken) in C:\Users\USER\Downloads\3d-Viwer\Resource3dModelsApi\Resource3dModelsApi.Infrastructure\_Commands\_3DModelCommands\Create_3dModel\Create_3dModelCommandHandler.cs:line 51
   at MediatR.Pipeline.RequestExceptionProcessorBehavior`2.Handle(TRequest request, CancellationToken cancellationToken, RequestHandlerDelegate`1 next)
   at MediatR.Pipeline.RequestExceptionProcessorBehavior`2.Handle(TRequest request, CancellationToken cancellationToken, RequestHandlerDelegate`1 next)
   at MediatR.Pipeline.RequestExceptionActionProcessorBehavior`2.Handle(TRequest request, CancellationToken cancellationToken, RequestHandlerDelegate`1 next)
   at MediatR.Pipeline.RequestExceptionActionProcessorBehavior`2.Handle(TRequest request, CancellationToken cancellationToken, RequestHandlerDelegate`1 next)
   at MediatR.Pipeline.RequestPostProcessorBehavior`2.Handle(TRequest request, CancellationToken cancellationToken, RequestHandlerDelegate`1 next)
   at MediatR.Pipeline.RequestPreProcessorBehavior`2.Handle(TRequest request, CancellationToken cancellationToken, RequestHandlerDelegate`1 next)
   at Resource3dModelsApi.Infrastructure.ValidationPipeline.ValidationBehavior`2.Handle(TRequest request, CancellationToken cancellationToken, RequestHandlerDelegate`1 next) in C:\Users\USER\Downloads\3d-Viwer\Resource3dModelsApi\Resource3dModelsApi.Infrastructure\ValidationPipeline\ValidationBehavior.cs:line 37
   at Resource3dModelsApi.Controllers._3dModelController.Post(Create_3dModelCommand create_3DModelCommand) in C:\Users\USER\Downloads\3d-Viwer\Resource3dModelsApi\Resource3dModelsApi\Controllers\_3dModelController.cs:line 79
   at Microsoft.AspNetCore.Mvc.Infrastructure.ActionMethodExecutor.TaskOfIActionResultExecutor.Execute(IActionResultTypeMapper mapper, ObjectMethodExecutor executor, Object controller, Object[] arguments)
   at Microsoft.AspNetCore.Mvc.Infrastructure.ControllerActionInvoker.<InvokeActionMethodAsync>g__Logged|12_1(ControllerActionInvoker invoker)
   at Microsoft.AspNetCore.Mvc.Infrastructure.ControllerActionInvoker.<InvokeNextActionFilterAsync>g__Awaited|10_0(ControllerActionInvoker invoker, Task lastTask, State next, Scope scope, Object state, Boolean isCompleted)
   at Microsoft.AspNetCore.Mvc.Infrastructure.ControllerActionInvoker.Rethrow(ActionExecutedContextSealed context)
   at Microsoft.AspNetCore.Mvc.Infrastructure.ControllerActionInvoker.Next(State& next, Scope& scope, Object& state, Boolean& isCompleted)
   at Microsoft.AspNetCore.Mvc.Infrastructure.ControllerActionInvoker.<InvokeInnerFilterAsync>g__Awaited|13_0(ControllerActionInvoker invoker, Task lastTask, State next, Scope scope, Object state, Boolean isCompleted)
   at Microsoft.AspNetCore.Mvc.Infrastructure.ResourceInvoker.<InvokeFilterPipelineAsync>g__Awaited|20_0(ResourceInvoker invoker, Task lastTask, State next, Scope scope, Object state, Boolean isCompleted)
   at Microsoft.AspNetCore.Mvc.Infrastructure.ResourceInvoker.<InvokeAsync>g__Logged|17_1(ResourceInvoker invoker)
   at Microsoft.AspNetCore.Mvc.Infrastructure.ResourceInvoker.<InvokeAsync>g__Logged|17_1(ResourceInvoker invoker)
   at Microsoft.AspNetCore.Routing.EndpointMiddleware.<Invoke>g__AwaitRequestTask|6_0(Endpoint endpoint, Task requestTask, ILogger logger)
   at Microsoft.AspNetCore.Authorization.Policy.AuthorizationMiddlewareResultHandler.HandleAsync(RequestDelegate next, HttpContext context, AuthorizationPolicy policy, PolicyAuthorizationResult authorizeResult)
   at Microsoft.AspNetCore.Authorization.AuthorizationMiddleware.Invoke(HttpContext context)
   at Microsoft.AspNetCore.Authentication.AuthenticationMiddleware.Invoke(HttpContext context)
   at Swashbuckle.AspNetCore.SwaggerUI.SwaggerUIMiddleware.Invoke(HttpContext httpContext)
   at Swashbuckle.AspNetCore.Swagger.SwaggerMiddleware.Invoke(HttpContext httpContext, ISwaggerProvider swaggerProvider)
   at Microsoft.AspNetCore.Diagnostics.DeveloperExceptionPageMiddleware.Invoke(HttpContext context)|url: https://localhost/api/_3dModel|action: Post|Microsoft.AspNetCore.Diagnostics.DiagnosticsLoggerExtensions.UnhandledException
2022-08-30 10:45:44.5114|0|ERROR|Microsoft.AspNetCore.Diagnostics.DeveloperExceptionPageMiddleware|An unhandled exception has occurred while executing the request. System.Exception: Incorrect category
   at Resource3dModelsApi.Infrastructure._Commands._3DModelCommands.Create_3dModel.Create_3dModelCommandHandler.Handle(Create_3dModelCommand request, CancellationToken cancellationToken) in C:\Users\USER\Downloads\3d-Viwer\Resource3dModelsApi\Resource3dModelsApi.Infrastructure\_Commands\_3DModelCommands\Create_3dModel\Create_3dModelCommandHandler.cs:line 51
   at MediatR.Pipeline.RequestExceptionProcessorBehavior`2.Handle(TRequest request, CancellationToken cancellationToken, RequestHandlerDelegate`1 next)
   at MediatR.Pipeline.RequestExceptionProcessorBehavior`2.Handle(TRequest request, CancellationToken cancellationToken, RequestHandlerDelegate`1 next)
   at MediatR.Pipeline.RequestExceptionActionProcessorBehavior`2.Handle(TRequest request, CancellationToken cancellationToken, RequestHandlerDelegate`1 next)
   at MediatR.Pipeline.RequestExceptionActionProcessorBehavior`2.Handle(TRequest request, CancellationToken cancellationToken, RequestHandlerDelegate`1 next)
   at MediatR.Pipeline.RequestPostProcessorBehavior`2.Handle(TRequest request, CancellationToken cancellationToken, RequestHandlerDelegate`1 next)
   at MediatR.Pipeline.RequestPreProcessorBehavior`2.Handle(TRequest request, CancellationToken cancellationToken, RequestHandlerDelegate`1 next)
   at Resource3dModelsApi.Infrastructure.ValidationPipeline.ValidationBehavior`2.Handle(TRequest request, CancellationToken cancellationToken, RequestHandlerDelegate`1 next) in C:\Users\USER\Downloads\3d-Viwer\Resource3dModelsApi\Resource3dModelsApi.Infrastructure\ValidationPipeline\ValidationBehavior.cs:line 37
   at Resource3dModelsApi.Controllers._3dModelController.Post(Create_3dModelCommand create_3DModelCommand) in C:\Users\USER\Downloads\3d-Viwer\Resource3dModelsApi\Resource3dModelsApi\Controllers\_3dModelController.cs:line 79
   at Microsoft.AspNetCore.Mvc.Infrastructure.ActionMethodExecutor.TaskOfIActionResultExecutor.Execute(IActionResultTypeMapper mapper, ObjectMethodExecutor executor, Object controller, Object[] arguments)
   at Microsoft.AspNetCore.Mvc.Infrastructure.ControllerActionInvoker.<InvokeActionMethodAsync>g__Logged|12_1(ControllerActionInvoker invoker)
   at Microsoft.AspNetCore.Mvc.Infrastructure.ControllerActionInvoker.<InvokeNextActionFilterAsync>g__Awaited|10_0(ControllerActionInvoker invoker, Task lastTask, State next, Scope scope, Object state, Boolean isCompleted)
   at Microsoft.AspNetCore.Mvc.Infrastructure.ControllerActionInvoker.Rethrow(ActionExecutedContextSealed context)
   at Microsoft.AspNetCore.Mvc.Infrastructure.ControllerActionInvoker.Next(State& next, Scope& scope, Object& state, Boolean& isCompleted)
   at Microsoft.AspNetCore.Mvc.Infrastructure.ControllerActionInvoker.<InvokeInnerFilterAsync>g__Awaited|13_0(ControllerActionInvoker invoker, Task lastTask, State next, Scope scope, Object state, Boolean isCompleted)
   at Microsoft.AspNetCore.Mvc.Infrastructure.ResourceInvoker.<InvokeFilterPipelineAsync>g__Awaited|20_0(ResourceInvoker invoker, Task lastTask, State next, Scope scope, Object state, Boolean isCompleted)
   at Microsoft.AspNetCore.Mvc.Infrastructure.ResourceInvoker.<InvokeAsync>g__Logged|17_1(ResourceInvoker invoker)
   at Microsoft.AspNetCore.Mvc.Infrastructure.ResourceInvoker.<InvokeAsync>g__Logged|17_1(ResourceInvoker invoker)
   at Microsoft.AspNetCore.Routing.EndpointMiddleware.<Invoke>g__AwaitRequestTask|6_0(Endpoint endpoint, Task requestTask, ILogger logger)
   at Microsoft.AspNetCore.Authorization.Policy.AuthorizationMiddlewareResultHandler.HandleAsync(RequestDelegate next, HttpContext context, AuthorizationPolicy policy, PolicyAuthorizationResult authorizeResult)
   at Microsoft.AspNetCore.Authorization.AuthorizationMiddleware.Invoke(HttpContext context)
   at Microsoft.AspNetCore.Authentication.AuthenticationMiddleware.Invoke(HttpContext context)
   at Swashbuckle.AspNetCore.SwaggerUI.SwaggerUIMiddleware.Invoke(HttpContext httpContext)
   at Swashbuckle.AspNetCore.Swagger.SwaggerMiddleware.Invoke(HttpContext httpContext, ISwaggerProvider swaggerProvider)
   at Microsoft.AspNetCore.Diagnostics.DeveloperExceptionPageMiddleware.Invoke(HttpContext context)|url: https://localhost/api/_3dModel|action: Post|Microsoft.AspNetCore.Diagnostics.DiagnosticsLoggerExtensions.UnhandledException
2022-08-30 10:46:10.2113|0|ERROR|Microsoft.AspNetCore.Diagnostics.DeveloperExceptionPageMiddleware|An unhandled exception has occurred while executing the request. System.Exception: Incorrect category
   at Resource3dModelsApi.Infrastructure._Commands._3DModelCommands.Create_3dModel.Create_3dModelCommandHandler.Handle(Create_3dModelCommand request, CancellationToken cancellationToken) in C:\Users\USER\Downloads\3d-Viwer\Resource3dModelsApi\Resource3dModelsApi.Infrastructure\_Commands\_3DModelCommands\Create_3dModel\Create_3dModelCommandHandler.cs:line 51
   at MediatR.Pipeline.RequestExceptionProcessorBehavior`2.Handle(TRequest request, CancellationToken cancellationToken, RequestHandlerDelegate`1 next)
   at MediatR.Pipeline.RequestExceptionProcessorBehavior`2.Handle(TRequest request, CancellationToken cancellationToken, RequestHandlerDelegate`1 next)
   at MediatR.Pipeline.RequestExceptionActionProcessorBehavior`2.Handle(TRequest request, CancellationToken cancellationToken, RequestHandlerDelegate`1 next)
   at MediatR.Pipeline.RequestExceptionActionProcessorBehavior`2.Handle(TRequest request, CancellationToken cancellationToken, RequestHandlerDelegate`1 next)
   at MediatR.Pipeline.RequestPostProcessorBehavior`2.Handle(TRequest request, CancellationToken cancellationToken, RequestHandlerDelegate`1 next)
   at MediatR.Pipeline.RequestPreProcessorBehavior`2.Handle(TRequest request, CancellationToken cancellationToken, RequestHandlerDelegate`1 next)
   at Resource3dModelsApi.Infrastructure.ValidationPipeline.ValidationBehavior`2.Handle(TRequest request, CancellationToken cancellationToken, RequestHandlerDelegate`1 next) in C:\Users\USER\Downloads\3d-Viwer\Resource3dModelsApi\Resource3dModelsApi.Infrastructure\ValidationPipeline\ValidationBehavior.cs:line 37
   at Resource3dModelsApi.Controllers._3dModelController.Post(Create_3dModelCommand create_3DModelCommand) in C:\Users\USER\Downloads\3d-Viwer\Resource3dModelsApi\Resource3dModelsApi\Controllers\_3dModelController.cs:line 79
   at Microsoft.AspNetCore.Mvc.Infrastructure.ActionMethodExecutor.TaskOfIActionResultExecutor.Execute(IActionResultTypeMapper mapper, ObjectMethodExecutor executor, Object controller, Object[] arguments)
   at Microsoft.AspNetCore.Mvc.Infrastructure.ControllerActionInvoker.<InvokeActionMethodAsync>g__Logged|12_1(ControllerActionInvoker invoker)
   at Microsoft.AspNetCore.Mvc.Infrastructure.ControllerActionInvoker.<InvokeNextActionFilterAsync>g__Awaited|10_0(ControllerActionInvoker invoker, Task lastTask, State next, Scope scope, Object state, Boolean isCompleted)
   at Microsoft.AspNetCore.Mvc.Infrastructure.ControllerActionInvoker.Rethrow(ActionExecutedContextSealed context)
   at Microsoft.AspNetCore.Mvc.Infrastructure.ControllerActionInvoker.Next(State& next, Scope& scope, Object& state, Boolean& isCompleted)
   at Microsoft.AspNetCore.Mvc.Infrastructure.ControllerActionInvoker.<InvokeInnerFilterAsync>g__Awaited|13_0(ControllerActionInvoker invoker, Task lastTask, State next, Scope scope, Object state, Boolean isCompleted)
   at Microsoft.AspNetCore.Mvc.Infrastructure.ResourceInvoker.<InvokeFilterPipelineAsync>g__Awaited|20_0(ResourceInvoker invoker, Task lastTask, State next, Scope scope, Object state, Boolean isCompleted)
   at Microsoft.AspNetCore.Mvc.Infrastructure.ResourceInvoker.<InvokeAsync>g__Logged|17_1(ResourceInvoker invoker)
   at Microsoft.AspNetCore.Mvc.Infrastructure.ResourceInvoker.<InvokeAsync>g__Logged|17_1(ResourceInvoker invoker)
   at Microsoft.AspNetCore.Routing.EndpointMiddleware.<Invoke>g__AwaitRequestTask|6_0(Endpoint endpoint, Task requestTask, ILogger logger)
   at Microsoft.AspNetCore.Authorization.Policy.AuthorizationMiddlewareResultHandler.HandleAsync(RequestDelegate next, HttpContext context, AuthorizationPolicy policy, PolicyAuthorizationResult authorizeResult)
   at Microsoft.AspNetCore.Authorization.AuthorizationMiddleware.Invoke(HttpContext context)
   at Microsoft.AspNetCore.Authentication.AuthenticationMiddleware.Invoke(HttpContext context)
   at Swashbuckle.AspNetCore.SwaggerUI.SwaggerUIMiddleware.Invoke(HttpContext httpContext)
   at Swashbuckle.AspNetCore.Swagger.SwaggerMiddleware.Invoke(HttpContext httpContext, ISwaggerProvider swaggerProvider)
   at Microsoft.AspNetCore.Diagnostics.DeveloperExceptionPageMiddleware.Invoke(HttpContext context)|url: https://localhost/api/_3dModel|action: Post|Microsoft.AspNetCore.Diagnostics.DiagnosticsLoggerExtensions.UnhandledException
2022-08-30 11:16:33.8739|0|INFO|Microsoft.Hosting.Lifetime|Now listening on: https://localhost:7006 |url: |action: |Microsoft.AspNetCore.Hosting.GenericWebHostService.StartAsync
2022-08-30 11:16:33.8826|0|INFO|Microsoft.Hosting.Lifetime|Now listening on: http://localhost:5006 |url: |action: |Microsoft.AspNetCore.Hosting.GenericWebHostService.StartAsync
2022-08-30 11:16:33.8826|0|INFO|Microsoft.Hosting.Lifetime|Application started. Press Ctrl+C to shut down. |url: |action: |Microsoft.Extensions.Hosting.Internal.ConsoleLifetime.OnApplicationStarted
2022-08-30 11:16:33.8826|0|INFO|Microsoft.Hosting.Lifetime|Hosting environment: Development |url: |action: |Microsoft.Extensions.Hosting.Internal.ConsoleLifetime.OnApplicationStarted
2022-08-30 11:16:33.8826|0|INFO|Microsoft.Hosting.Lifetime|Content root path: C:\Users\USER\Downloads\3d-Viwer\Resource3dModelsApi\Resource3dModelsApi\ |url: |action: |Microsoft.Extensions.Hosting.Internal.ConsoleLifetime.OnApplicationStarted
2022-08-30 11:16:48.0526|0|WARN|Microsoft.EntityFrameworkCore.Query|The query uses a row limiting operator ('Skip'/'Take') without an 'OrderBy' operator. This may lead to unpredictable results. If the 'Distinct' operator is used after 'OrderBy', then make sure to use the 'OrderBy' operator after 'Distinct' as the ordering would otherwise get erased. |url: https://localhost/api/Tag/firs|action: GetTagsHints|Microsoft.EntityFrameworkCore.Diagnostics.CoreLoggerExtensions.RowLimitingOperationWithoutOrderByWarning
2022-08-30 14:54:33.5163|0|INFO|Microsoft.Hosting.Lifetime|Now listening on: https://localhost:7006 |url: |action: |Microsoft.AspNetCore.Hosting.GenericWebHostService.StartAsync
2022-08-30 14:54:33.5257|0|INFO|Microsoft.Hosting.Lifetime|Now listening on: http://localhost:5006 |url: |action: |Microsoft.AspNetCore.Hosting.GenericWebHostService.StartAsync
2022-08-30 14:54:33.5257|0|INFO|Microsoft.Hosting.Lifetime|Application started. Press Ctrl+C to shut down. |url: |action: |Microsoft.Extensions.Hosting.Internal.ConsoleLifetime.OnApplicationStarted
2022-08-30 14:54:33.5257|0|INFO|Microsoft.Hosting.Lifetime|Hosting environment: Development |url: |action: |Microsoft.Extensions.Hosting.Internal.ConsoleLifetime.OnApplicationStarted
2022-08-30 14:54:33.5257|0|INFO|Microsoft.Hosting.Lifetime|Content root path: C:\Users\USER\Downloads\3d-Viwer\Resource3dModelsApi\Resource3dModelsApi\ |url: |action: |Microsoft.Extensions.Hosting.Internal.ConsoleLifetime.OnApplicationStarted
2022-08-30 14:54:46.0574|0|WARN|Microsoft.EntityFrameworkCore.Query|The query uses a row limiting operator ('Skip'/'Take') without an 'OrderBy' operator. This may lead to unpredictable results. If the 'Distinct' operator is used after 'OrderBy', then make sure to use the 'OrderBy' operator after 'Distinct' as the ordering would otherwise get erased. |url: https://localhost/api/_3dModel/Get/0|action: Get|Microsoft.EntityFrameworkCore.Diagnostics.CoreLoggerExtensions.RowLimitingOperationWithoutOrderByWarning
2022-08-30 14:54:46.0574|0|WARN|Microsoft.EntityFrameworkCore.Query|The query uses a row limiting operator ('Skip'/'Take') without an 'OrderBy' operator. This may lead to unpredictable results. If the 'Distinct' operator is used after 'OrderBy', then make sure to use the 'OrderBy' operator after 'Distinct' as the ordering would otherwise get erased. |url: https://localhost/api/_3dModel/Get/0|action: Get|Microsoft.EntityFrameworkCore.Diagnostics.CoreLoggerExtensions.RowLimitingOperationWithoutOrderByWarning
2022-08-30 14:54:48.5215|0|WARN|Microsoft.EntityFrameworkCore.Query|The query uses a row limiting operator ('Skip'/'Take') without an 'OrderBy' operator. This may lead to unpredictable results. If the 'Distinct' operator is used after 'OrderBy', then make sure to use the 'OrderBy' operator after 'Distinct' as the ordering would otherwise get erased. |url: https://localhost/api/_3dModel/Get/0|action: Get|Microsoft.EntityFrameworkCore.Diagnostics.CoreLoggerExtensions.RowLimitingOperationWithoutOrderByWarning
2022-08-30 14:54:48.5387|0|WARN|Microsoft.EntityFrameworkCore.Query|The query uses a row limiting operator ('Skip'/'Take') without an 'OrderBy' operator. This may lead to unpredictable results. If the 'Distinct' operator is used after 'OrderBy', then make sure to use the 'OrderBy' operator after 'Distinct' as the ordering would otherwise get erased. |url: https://localhost/api/_3dModel/Get/0|action: Get|Microsoft.EntityFrameworkCore.Diagnostics.CoreLoggerExtensions.RowLimitingOperationWithoutOrderByWarning
