2022-09-04 16:57:09.7308|0|INFO|Microsoft.Hosting.Lifetime|Now listening on: https://localhost:7006 |url: |action: |Microsoft.AspNetCore.Hosting.GenericWebHostService.StartAsync
2022-09-04 16:57:09.7715|0|INFO|Microsoft.Hosting.Lifetime|Now listening on: http://localhost:5006 |url: |action: |Microsoft.AspNetCore.Hosting.GenericWebHostService.StartAsync
2022-09-04 16:57:09.7715|0|INFO|Microsoft.Hosting.Lifetime|Application started. Press Ctrl+C to shut down. |url: |action: |Microsoft.Extensions.Hosting.Internal.ConsoleLifetime.OnApplicationStarted
2022-09-04 16:57:09.7715|0|INFO|Microsoft.Hosting.Lifetime|Hosting environment: Development |url: |action: |Microsoft.Extensions.Hosting.Internal.ConsoleLifetime.OnApplicationStarted
2022-09-04 16:57:09.7715|0|INFO|Microsoft.Hosting.Lifetime|Content root path: C:\Users\USER\Downloads\3d-Viwer\Resource3dModelsApi\Resource3dModelsApi\ |url: |action: |Microsoft.Extensions.Hosting.Internal.ConsoleLifetime.OnApplicationStarted
2022-09-04 16:59:00.8674|0|WARN|Microsoft.EntityFrameworkCore.Query|The query uses a row limiting operator ('Skip'/'Take') without an 'OrderBy' operator. This may lead to unpredictable results. If the 'Distinct' operator is used after 'OrderBy', then make sure to use the 'OrderBy' operator after 'Distinct' as the ordering would otherwise get erased. |url: https://localhost/api/_3dModel/GetMyModels/0|action: GetMy_3dModels|Microsoft.EntityFrameworkCore.Diagnostics.CoreLoggerExtensions.RowLimitingOperationWithoutOrderByWarning
2022-09-04 16:59:00.8674|0|WARN|Microsoft.EntityFrameworkCore.Query|The query uses a row limiting operator ('Skip'/'Take') without an 'OrderBy' operator. This may lead to unpredictable results. If the 'Distinct' operator is used after 'OrderBy', then make sure to use the 'OrderBy' operator after 'Distinct' as the ordering would otherwise get erased. |url: https://localhost/api/_3dModel/GetMyModels/0|action: GetMy_3dModels|Microsoft.EntityFrameworkCore.Diagnostics.CoreLoggerExtensions.RowLimitingOperationWithoutOrderByWarning
2022-09-04 17:01:53.6243|0|INFO|Microsoft.Hosting.Lifetime|Now listening on: https://localhost:7006 |url: |action: |Microsoft.AspNetCore.Hosting.GenericWebHostService.StartAsync
2022-09-04 17:01:53.6501|0|INFO|Microsoft.Hosting.Lifetime|Now listening on: http://localhost:5006 |url: |action: |Microsoft.AspNetCore.Hosting.GenericWebHostService.StartAsync
2022-09-04 17:01:53.6501|0|INFO|Microsoft.Hosting.Lifetime|Application started. Press Ctrl+C to shut down. |url: |action: |Microsoft.Extensions.Hosting.Internal.ConsoleLifetime.OnApplicationStarted
2022-09-04 17:01:53.6501|0|INFO|Microsoft.Hosting.Lifetime|Hosting environment: Development |url: |action: |Microsoft.Extensions.Hosting.Internal.ConsoleLifetime.OnApplicationStarted
2022-09-04 17:01:53.6501|0|INFO|Microsoft.Hosting.Lifetime|Content root path: C:\Users\USER\Downloads\3d-Viwer\Resource3dModelsApi\Resource3dModelsApi\ |url: |action: |Microsoft.Extensions.Hosting.Internal.ConsoleLifetime.OnApplicationStarted
2022-09-04 17:02:35.0786|0|WARN|Microsoft.EntityFrameworkCore.Query|The query uses a row limiting operator ('Skip'/'Take') without an 'OrderBy' operator. This may lead to unpredictable results. If the 'Distinct' operator is used after 'OrderBy', then make sure to use the 'OrderBy' operator after 'Distinct' as the ordering would otherwise get erased. |url: https://localhost/api/_3dModel/GetMyModels/0|action: GetMy_3dModels|Microsoft.EntityFrameworkCore.Diagnostics.CoreLoggerExtensions.RowLimitingOperationWithoutOrderByWarning
2022-09-04 17:02:35.0859|0|WARN|Microsoft.EntityFrameworkCore.Query|The query uses a row limiting operator ('Skip'/'Take') without an 'OrderBy' operator. This may lead to unpredictable results. If the 'Distinct' operator is used after 'OrderBy', then make sure to use the 'OrderBy' operator after 'Distinct' as the ordering would otherwise get erased. |url: https://localhost/api/_3dModel/GetMyModels/0|action: GetMy_3dModels|Microsoft.EntityFrameworkCore.Diagnostics.CoreLoggerExtensions.RowLimitingOperationWithoutOrderByWarning
2022-09-04 17:03:47.5806|0|INFO|Microsoft.Hosting.Lifetime|Now listening on: https://localhost:7006 |url: |action: |Microsoft.AspNetCore.Hosting.GenericWebHostService.StartAsync
2022-09-04 17:03:47.5989|0|INFO|Microsoft.Hosting.Lifetime|Now listening on: http://localhost:5006 |url: |action: |Microsoft.AspNetCore.Hosting.GenericWebHostService.StartAsync
2022-09-04 17:03:47.5989|0|INFO|Microsoft.Hosting.Lifetime|Application started. Press Ctrl+C to shut down. |url: |action: |Microsoft.Extensions.Hosting.Internal.ConsoleLifetime.OnApplicationStarted
2022-09-04 17:03:47.5989|0|INFO|Microsoft.Hosting.Lifetime|Hosting environment: Development |url: |action: |Microsoft.Extensions.Hosting.Internal.ConsoleLifetime.OnApplicationStarted
2022-09-04 17:03:47.5989|0|INFO|Microsoft.Hosting.Lifetime|Content root path: C:\Users\USER\Downloads\3d-Viwer\Resource3dModelsApi\Resource3dModelsApi\ |url: |action: |Microsoft.Extensions.Hosting.Internal.ConsoleLifetime.OnApplicationStarted
2022-09-04 17:04:03.2942|0|WARN|Microsoft.EntityFrameworkCore.Query|The query uses a row limiting operator ('Skip'/'Take') without an 'OrderBy' operator. This may lead to unpredictable results. If the 'Distinct' operator is used after 'OrderBy', then make sure to use the 'OrderBy' operator after 'Distinct' as the ordering would otherwise get erased. |url: https://localhost/api/_3dModel/GetMyModels/0|action: GetMy_3dModels|Microsoft.EntityFrameworkCore.Diagnostics.CoreLoggerExtensions.RowLimitingOperationWithoutOrderByWarning
2022-09-04 17:04:03.2942|0|WARN|Microsoft.EntityFrameworkCore.Query|The query uses a row limiting operator ('Skip'/'Take') without an 'OrderBy' operator. This may lead to unpredictable results. If the 'Distinct' operator is used after 'OrderBy', then make sure to use the 'OrderBy' operator after 'Distinct' as the ordering would otherwise get erased. |url: https://localhost/api/_3dModel/GetMyModels/0|action: GetMy_3dModels|Microsoft.EntityFrameworkCore.Diagnostics.CoreLoggerExtensions.RowLimitingOperationWithoutOrderByWarning
2022-09-04 17:05:04.0948|0|INFO|Microsoft.Hosting.Lifetime|Now listening on: https://localhost:7006 |url: |action: |Microsoft.AspNetCore.Hosting.GenericWebHostService.StartAsync
2022-09-04 17:05:04.1200|0|INFO|Microsoft.Hosting.Lifetime|Now listening on: http://localhost:5006 |url: |action: |Microsoft.AspNetCore.Hosting.GenericWebHostService.StartAsync
2022-09-04 17:05:04.1200|0|INFO|Microsoft.Hosting.Lifetime|Application started. Press Ctrl+C to shut down. |url: |action: |Microsoft.Extensions.Hosting.Internal.ConsoleLifetime.OnApplicationStarted
2022-09-04 17:05:04.1200|0|INFO|Microsoft.Hosting.Lifetime|Hosting environment: Development |url: |action: |Microsoft.Extensions.Hosting.Internal.ConsoleLifetime.OnApplicationStarted
2022-09-04 17:05:04.1200|0|INFO|Microsoft.Hosting.Lifetime|Content root path: C:\Users\USER\Downloads\3d-Viwer\Resource3dModelsApi\Resource3dModelsApi\ |url: |action: |Microsoft.Extensions.Hosting.Internal.ConsoleLifetime.OnApplicationStarted
2022-09-04 17:06:32.0635|0|INFO|Microsoft.Hosting.Lifetime|Now listening on: https://localhost:7006 |url: |action: |Microsoft.AspNetCore.Hosting.GenericWebHostService.StartAsync
2022-09-04 17:06:32.0782|0|INFO|Microsoft.Hosting.Lifetime|Now listening on: http://localhost:5006 |url: |action: |Microsoft.AspNetCore.Hosting.GenericWebHostService.StartAsync
2022-09-04 17:06:32.0782|0|INFO|Microsoft.Hosting.Lifetime|Application started. Press Ctrl+C to shut down. |url: |action: |Microsoft.Extensions.Hosting.Internal.ConsoleLifetime.OnApplicationStarted
2022-09-04 17:06:32.0782|0|INFO|Microsoft.Hosting.Lifetime|Hosting environment: Development |url: |action: |Microsoft.Extensions.Hosting.Internal.ConsoleLifetime.OnApplicationStarted
2022-09-04 17:06:32.0782|0|INFO|Microsoft.Hosting.Lifetime|Content root path: C:\Users\USER\Downloads\3d-Viwer\Resource3dModelsApi\Resource3dModelsApi\ |url: |action: |Microsoft.Extensions.Hosting.Internal.ConsoleLifetime.OnApplicationStarted
2022-09-04 17:08:36.6149|0|INFO|Microsoft.Hosting.Lifetime|Now listening on: https://localhost:7006 |url: |action: |Microsoft.AspNetCore.Hosting.GenericWebHostService.StartAsync
2022-09-04 17:08:36.6348|0|INFO|Microsoft.Hosting.Lifetime|Now listening on: http://localhost:5006 |url: |action: |Microsoft.AspNetCore.Hosting.GenericWebHostService.StartAsync
2022-09-04 17:08:36.6348|0|INFO|Microsoft.Hosting.Lifetime|Application started. Press Ctrl+C to shut down. |url: |action: |Microsoft.Extensions.Hosting.Internal.ConsoleLifetime.OnApplicationStarted
2022-09-04 17:08:36.6348|0|INFO|Microsoft.Hosting.Lifetime|Hosting environment: Development |url: |action: |Microsoft.Extensions.Hosting.Internal.ConsoleLifetime.OnApplicationStarted
2022-09-04 17:08:36.6348|0|INFO|Microsoft.Hosting.Lifetime|Content root path: C:\Users\USER\Downloads\3d-Viwer\Resource3dModelsApi\Resource3dModelsApi\ |url: |action: |Microsoft.Extensions.Hosting.Internal.ConsoleLifetime.OnApplicationStarted
2022-09-04 17:09:01.1968|0|WARN|Microsoft.EntityFrameworkCore.Query|The query uses a row limiting operator ('Skip'/'Take') without an 'OrderBy' operator. This may lead to unpredictable results. If the 'Distinct' operator is used after 'OrderBy', then make sure to use the 'OrderBy' operator after 'Distinct' as the ordering would otherwise get erased. |url: https://localhost/api/_3dModel/GetMyModels/0|action: GetMy_3dModels|Microsoft.EntityFrameworkCore.Diagnostics.CoreLoggerExtensions.RowLimitingOperationWithoutOrderByWarning
2022-09-04 17:09:01.1968|0|WARN|Microsoft.EntityFrameworkCore.Query|The query uses a row limiting operator ('Skip'/'Take') without an 'OrderBy' operator. This may lead to unpredictable results. If the 'Distinct' operator is used after 'OrderBy', then make sure to use the 'OrderBy' operator after 'Distinct' as the ordering would otherwise get erased. |url: https://localhost/api/_3dModel/GetMyModels/0|action: GetMy_3dModels|Microsoft.EntityFrameworkCore.Diagnostics.CoreLoggerExtensions.RowLimitingOperationWithoutOrderByWarning
2022-09-04 17:09:14.3547|0|INFO|Microsoft.Hosting.Lifetime|Now listening on: https://localhost:7006 |url: |action: |Microsoft.AspNetCore.Hosting.GenericWebHostService.StartAsync
2022-09-04 17:09:14.3705|0|INFO|Microsoft.Hosting.Lifetime|Now listening on: http://localhost:5006 |url: |action: |Microsoft.AspNetCore.Hosting.GenericWebHostService.StartAsync
2022-09-04 17:09:14.3705|0|INFO|Microsoft.Hosting.Lifetime|Application started. Press Ctrl+C to shut down. |url: |action: |Microsoft.Extensions.Hosting.Internal.ConsoleLifetime.OnApplicationStarted
2022-09-04 17:09:14.3705|0|INFO|Microsoft.Hosting.Lifetime|Hosting environment: Development |url: |action: |Microsoft.Extensions.Hosting.Internal.ConsoleLifetime.OnApplicationStarted
2022-09-04 17:09:14.3705|0|INFO|Microsoft.Hosting.Lifetime|Content root path: C:\Users\USER\Downloads\3d-Viwer\Resource3dModelsApi\Resource3dModelsApi\ |url: |action: |Microsoft.Extensions.Hosting.Internal.ConsoleLifetime.OnApplicationStarted
2022-09-04 17:10:04.7507|0|WARN|Microsoft.EntityFrameworkCore.Query|The query uses a row limiting operator ('Skip'/'Take') without an 'OrderBy' operator. This may lead to unpredictable results. If the 'Distinct' operator is used after 'OrderBy', then make sure to use the 'OrderBy' operator after 'Distinct' as the ordering would otherwise get erased. |url: https://localhost/api/_3dModel/GetMyModels/0|action: GetMy_3dModels|Microsoft.EntityFrameworkCore.Diagnostics.CoreLoggerExtensions.RowLimitingOperationWithoutOrderByWarning
2022-09-04 17:10:04.7507|0|WARN|Microsoft.EntityFrameworkCore.Query|The query uses a row limiting operator ('Skip'/'Take') without an 'OrderBy' operator. This may lead to unpredictable results. If the 'Distinct' operator is used after 'OrderBy', then make sure to use the 'OrderBy' operator after 'Distinct' as the ordering would otherwise get erased. |url: https://localhost/api/_3dModel/GetMyModels/0|action: GetMy_3dModels|Microsoft.EntityFrameworkCore.Diagnostics.CoreLoggerExtensions.RowLimitingOperationWithoutOrderByWarning
2022-09-04 17:12:59.8943|0|INFO|Microsoft.Hosting.Lifetime|Now listening on: https://localhost:7006 |url: |action: |Microsoft.AspNetCore.Hosting.GenericWebHostService.StartAsync
2022-09-04 17:12:59.9155|0|INFO|Microsoft.Hosting.Lifetime|Now listening on: http://localhost:5006 |url: |action: |Microsoft.AspNetCore.Hosting.GenericWebHostService.StartAsync
2022-09-04 17:12:59.9155|0|INFO|Microsoft.Hosting.Lifetime|Application started. Press Ctrl+C to shut down. |url: |action: |Microsoft.Extensions.Hosting.Internal.ConsoleLifetime.OnApplicationStarted
2022-09-04 17:12:59.9155|0|INFO|Microsoft.Hosting.Lifetime|Hosting environment: Development |url: |action: |Microsoft.Extensions.Hosting.Internal.ConsoleLifetime.OnApplicationStarted
2022-09-04 17:12:59.9155|0|INFO|Microsoft.Hosting.Lifetime|Content root path: C:\Users\USER\Downloads\3d-Viwer\Resource3dModelsApi\Resource3dModelsApi\ |url: |action: |Microsoft.Extensions.Hosting.Internal.ConsoleLifetime.OnApplicationStarted
2022-09-04 17:14:17.5054|0|INFO|Microsoft.Hosting.Lifetime|Now listening on: https://localhost:7006 |url: |action: |Microsoft.AspNetCore.Hosting.GenericWebHostService.StartAsync
2022-09-04 17:14:17.5235|0|INFO|Microsoft.Hosting.Lifetime|Now listening on: http://localhost:5006 |url: |action: |Microsoft.AspNetCore.Hosting.GenericWebHostService.StartAsync
2022-09-04 17:14:17.5235|0|INFO|Microsoft.Hosting.Lifetime|Application started. Press Ctrl+C to shut down. |url: |action: |Microsoft.Extensions.Hosting.Internal.ConsoleLifetime.OnApplicationStarted
2022-09-04 17:14:17.5235|0|INFO|Microsoft.Hosting.Lifetime|Hosting environment: Development |url: |action: |Microsoft.Extensions.Hosting.Internal.ConsoleLifetime.OnApplicationStarted
2022-09-04 17:14:17.5235|0|INFO|Microsoft.Hosting.Lifetime|Content root path: C:\Users\USER\Downloads\3d-Viwer\Resource3dModelsApi\Resource3dModelsApi\ |url: |action: |Microsoft.Extensions.Hosting.Internal.ConsoleLifetime.OnApplicationStarted
2022-09-04 17:14:37.2964|0|WARN|Microsoft.EntityFrameworkCore.Query|The query uses a row limiting operator ('Skip'/'Take') without an 'OrderBy' operator. This may lead to unpredictable results. If the 'Distinct' operator is used after 'OrderBy', then make sure to use the 'OrderBy' operator after 'Distinct' as the ordering would otherwise get erased. |url: https://localhost/api/_3dModel/GetMyModels/0|action: GetMy_3dModels|Microsoft.EntityFrameworkCore.Diagnostics.CoreLoggerExtensions.RowLimitingOperationWithoutOrderByWarning
2022-09-04 17:14:37.2964|0|WARN|Microsoft.EntityFrameworkCore.Query|The query uses a row limiting operator ('Skip'/'Take') without an 'OrderBy' operator. This may lead to unpredictable results. If the 'Distinct' operator is used after 'OrderBy', then make sure to use the 'OrderBy' operator after 'Distinct' as the ordering would otherwise get erased. |url: https://localhost/api/_3dModel/GetMyModels/0|action: GetMy_3dModels|Microsoft.EntityFrameworkCore.Diagnostics.CoreLoggerExtensions.RowLimitingOperationWithoutOrderByWarning
2022-09-04 17:15:43.6182|0|INFO|Microsoft.Hosting.Lifetime|Now listening on: https://localhost:7006 |url: |action: |Microsoft.AspNetCore.Hosting.GenericWebHostService.StartAsync
2022-09-04 17:15:43.6340|0|INFO|Microsoft.Hosting.Lifetime|Now listening on: http://localhost:5006 |url: |action: |Microsoft.AspNetCore.Hosting.GenericWebHostService.StartAsync
2022-09-04 17:15:43.6340|0|INFO|Microsoft.Hosting.Lifetime|Application started. Press Ctrl+C to shut down. |url: |action: |Microsoft.Extensions.Hosting.Internal.ConsoleLifetime.OnApplicationStarted
2022-09-04 17:15:43.6340|0|INFO|Microsoft.Hosting.Lifetime|Hosting environment: Development |url: |action: |Microsoft.Extensions.Hosting.Internal.ConsoleLifetime.OnApplicationStarted
2022-09-04 17:15:43.6340|0|INFO|Microsoft.Hosting.Lifetime|Content root path: C:\Users\USER\Downloads\3d-Viwer\Resource3dModelsApi\Resource3dModelsApi\ |url: |action: |Microsoft.Extensions.Hosting.Internal.ConsoleLifetime.OnApplicationStarted
2022-09-04 17:17:12.7439|0|WARN|Microsoft.EntityFrameworkCore.Query|The query uses a row limiting operator ('Skip'/'Take') without an 'OrderBy' operator. This may lead to unpredictable results. If the 'Distinct' operator is used after 'OrderBy', then make sure to use the 'OrderBy' operator after 'Distinct' as the ordering would otherwise get erased. |url: https://localhost/api/_3dModel/GetMyModels/0|action: GetMy_3dModels|Microsoft.EntityFrameworkCore.Diagnostics.CoreLoggerExtensions.RowLimitingOperationWithoutOrderByWarning
2022-09-04 17:17:12.7439|0|WARN|Microsoft.EntityFrameworkCore.Query|The query uses a row limiting operator ('Skip'/'Take') without an 'OrderBy' operator. This may lead to unpredictable results. If the 'Distinct' operator is used after 'OrderBy', then make sure to use the 'OrderBy' operator after 'Distinct' as the ordering would otherwise get erased. |url: https://localhost/api/_3dModel/GetMyModels/0|action: GetMy_3dModels|Microsoft.EntityFrameworkCore.Diagnostics.CoreLoggerExtensions.RowLimitingOperationWithoutOrderByWarning
2022-09-04 17:19:21.5653|0|INFO|Microsoft.Hosting.Lifetime|Now listening on: https://localhost:7006 |url: |action: |Microsoft.AspNetCore.Hosting.GenericWebHostService.StartAsync
2022-09-04 17:19:21.5948|0|INFO|Microsoft.Hosting.Lifetime|Now listening on: http://localhost:5006 |url: |action: |Microsoft.AspNetCore.Hosting.GenericWebHostService.StartAsync
2022-09-04 17:19:21.5948|0|INFO|Microsoft.Hosting.Lifetime|Application started. Press Ctrl+C to shut down. |url: |action: |Microsoft.Extensions.Hosting.Internal.ConsoleLifetime.OnApplicationStarted
2022-09-04 17:19:21.5948|0|INFO|Microsoft.Hosting.Lifetime|Hosting environment: Development |url: |action: |Microsoft.Extensions.Hosting.Internal.ConsoleLifetime.OnApplicationStarted
2022-09-04 17:19:21.5948|0|INFO|Microsoft.Hosting.Lifetime|Content root path: C:\Users\USER\Downloads\3d-Viwer\Resource3dModelsApi\Resource3dModelsApi\ |url: |action: |Microsoft.Extensions.Hosting.Internal.ConsoleLifetime.OnApplicationStarted
2022-09-04 17:23:06.3745|0|WARN|Microsoft.EntityFrameworkCore.Query|The query uses a row limiting operator ('Skip'/'Take') without an 'OrderBy' operator. This may lead to unpredictable results. If the 'Distinct' operator is used after 'OrderBy', then make sure to use the 'OrderBy' operator after 'Distinct' as the ordering would otherwise get erased. |url: https://localhost/api/_3dModel/GetMyModels/0|action: GetMy_3dModels|Microsoft.EntityFrameworkCore.Diagnostics.CoreLoggerExtensions.RowLimitingOperationWithoutOrderByWarning
2022-09-04 17:23:06.3745|0|WARN|Microsoft.EntityFrameworkCore.Query|The query uses a row limiting operator ('Skip'/'Take') without an 'OrderBy' operator. This may lead to unpredictable results. If the 'Distinct' operator is used after 'OrderBy', then make sure to use the 'OrderBy' operator after 'Distinct' as the ordering would otherwise get erased. |url: https://localhost/api/_3dModel/GetMyModels/0|action: GetMy_3dModels|Microsoft.EntityFrameworkCore.Diagnostics.CoreLoggerExtensions.RowLimitingOperationWithoutOrderByWarning
2022-09-04 17:32:29.9894|0|INFO|Microsoft.Hosting.Lifetime|Now listening on: https://localhost:7006 |url: |action: |Microsoft.AspNetCore.Hosting.GenericWebHostService.StartAsync
2022-09-04 17:32:30.0095|0|INFO|Microsoft.Hosting.Lifetime|Now listening on: http://localhost:5006 |url: |action: |Microsoft.AspNetCore.Hosting.GenericWebHostService.StartAsync
2022-09-04 17:32:30.0095|0|INFO|Microsoft.Hosting.Lifetime|Application started. Press Ctrl+C to shut down. |url: |action: |Microsoft.Extensions.Hosting.Internal.ConsoleLifetime.OnApplicationStarted
2022-09-04 17:32:30.0095|0|INFO|Microsoft.Hosting.Lifetime|Hosting environment: Development |url: |action: |Microsoft.Extensions.Hosting.Internal.ConsoleLifetime.OnApplicationStarted
2022-09-04 17:32:30.0095|0|INFO|Microsoft.Hosting.Lifetime|Content root path: C:\Users\USER\Downloads\3d-Viwer\Resource3dModelsApi\Resource3dModelsApi\ |url: |action: |Microsoft.Extensions.Hosting.Internal.ConsoleLifetime.OnApplicationStarted
2022-09-04 17:40:47.7306|0|INFO|Microsoft.Hosting.Lifetime|Now listening on: https://localhost:7006 |url: |action: |Microsoft.AspNetCore.Hosting.GenericWebHostService.StartAsync
2022-09-04 17:40:47.7492|0|INFO|Microsoft.Hosting.Lifetime|Now listening on: http://localhost:5006 |url: |action: |Microsoft.AspNetCore.Hosting.GenericWebHostService.StartAsync
2022-09-04 17:40:47.7492|0|INFO|Microsoft.Hosting.Lifetime|Application started. Press Ctrl+C to shut down. |url: |action: |Microsoft.Extensions.Hosting.Internal.ConsoleLifetime.OnApplicationStarted
2022-09-04 17:40:47.7492|0|INFO|Microsoft.Hosting.Lifetime|Hosting environment: Development |url: |action: |Microsoft.Extensions.Hosting.Internal.ConsoleLifetime.OnApplicationStarted
2022-09-04 17:40:47.7492|0|INFO|Microsoft.Hosting.Lifetime|Content root path: C:\Users\USER\Downloads\3d-Viwer\Resource3dModelsApi\Resource3dModelsApi\ |url: |action: |Microsoft.Extensions.Hosting.Internal.ConsoleLifetime.OnApplicationStarted
2022-09-04 17:41:27.9919|0|INFO|Microsoft.Hosting.Lifetime|Now listening on: https://localhost:7006 |url: |action: |Microsoft.AspNetCore.Hosting.GenericWebHostService.StartAsync
2022-09-04 17:41:28.0102|0|INFO|Microsoft.Hosting.Lifetime|Now listening on: http://localhost:5006 |url: |action: |Microsoft.AspNetCore.Hosting.GenericWebHostService.StartAsync
2022-09-04 17:41:28.0102|0|INFO|Microsoft.Hosting.Lifetime|Application started. Press Ctrl+C to shut down. |url: |action: |Microsoft.Extensions.Hosting.Internal.ConsoleLifetime.OnApplicationStarted
2022-09-04 17:41:28.0102|0|INFO|Microsoft.Hosting.Lifetime|Hosting environment: Development |url: |action: |Microsoft.Extensions.Hosting.Internal.ConsoleLifetime.OnApplicationStarted
2022-09-04 17:41:28.0102|0|INFO|Microsoft.Hosting.Lifetime|Content root path: C:\Users\USER\Downloads\3d-Viwer\Resource3dModelsApi\Resource3dModelsApi\ |url: |action: |Microsoft.Extensions.Hosting.Internal.ConsoleLifetime.OnApplicationStarted
2022-09-04 17:42:07.9025|0|INFO|Microsoft.Hosting.Lifetime|Now listening on: https://localhost:7006 |url: |action: |Microsoft.AspNetCore.Hosting.GenericWebHostService.StartAsync
2022-09-04 17:42:07.9272|0|INFO|Microsoft.Hosting.Lifetime|Now listening on: http://localhost:5006 |url: |action: |Microsoft.AspNetCore.Hosting.GenericWebHostService.StartAsync
2022-09-04 17:42:07.9272|0|INFO|Microsoft.Hosting.Lifetime|Application started. Press Ctrl+C to shut down. |url: |action: |Microsoft.Extensions.Hosting.Internal.ConsoleLifetime.OnApplicationStarted
2022-09-04 17:42:07.9272|0|INFO|Microsoft.Hosting.Lifetime|Hosting environment: Development |url: |action: |Microsoft.Extensions.Hosting.Internal.ConsoleLifetime.OnApplicationStarted
2022-09-04 17:42:07.9272|0|INFO|Microsoft.Hosting.Lifetime|Content root path: C:\Users\USER\Downloads\3d-Viwer\Resource3dModelsApi\Resource3dModelsApi\ |url: |action: |Microsoft.Extensions.Hosting.Internal.ConsoleLifetime.OnApplicationStarted
2022-09-04 17:43:04.9447|0|INFO|Microsoft.Hosting.Lifetime|Now listening on: https://localhost:7006 |url: |action: |Microsoft.AspNetCore.Hosting.GenericWebHostService.StartAsync
2022-09-04 17:43:04.9748|0|INFO|Microsoft.Hosting.Lifetime|Now listening on: http://localhost:5006 |url: |action: |Microsoft.AspNetCore.Hosting.GenericWebHostService.StartAsync
2022-09-04 17:43:04.9780|0|INFO|Microsoft.Hosting.Lifetime|Application started. Press Ctrl+C to shut down. |url: |action: |Microsoft.Extensions.Hosting.Internal.ConsoleLifetime.OnApplicationStarted
2022-09-04 17:43:04.9780|0|INFO|Microsoft.Hosting.Lifetime|Hosting environment: Development |url: |action: |Microsoft.Extensions.Hosting.Internal.ConsoleLifetime.OnApplicationStarted
2022-09-04 17:43:04.9780|0|INFO|Microsoft.Hosting.Lifetime|Content root path: C:\Users\USER\Downloads\3d-Viwer\Resource3dModelsApi\Resource3dModelsApi\ |url: |action: |Microsoft.Extensions.Hosting.Internal.ConsoleLifetime.OnApplicationStarted
2022-09-04 17:45:08.2940|0|INFO|Microsoft.Hosting.Lifetime|Now listening on: https://localhost:7006 |url: |action: |Microsoft.AspNetCore.Hosting.GenericWebHostService.StartAsync
2022-09-04 17:45:08.3161|0|INFO|Microsoft.Hosting.Lifetime|Now listening on: http://localhost:5006 |url: |action: |Microsoft.AspNetCore.Hosting.GenericWebHostService.StartAsync
2022-09-04 17:45:08.3161|0|INFO|Microsoft.Hosting.Lifetime|Application started. Press Ctrl+C to shut down. |url: |action: |Microsoft.Extensions.Hosting.Internal.ConsoleLifetime.OnApplicationStarted
2022-09-04 17:45:08.3161|0|INFO|Microsoft.Hosting.Lifetime|Hosting environment: Development |url: |action: |Microsoft.Extensions.Hosting.Internal.ConsoleLifetime.OnApplicationStarted
2022-09-04 17:45:08.3161|0|INFO|Microsoft.Hosting.Lifetime|Content root path: C:\Users\USER\Downloads\3d-Viwer\Resource3dModelsApi\Resource3dModelsApi\ |url: |action: |Microsoft.Extensions.Hosting.Internal.ConsoleLifetime.OnApplicationStarted
2022-09-04 17:47:57.6906|0|INFO|Microsoft.Hosting.Lifetime|Now listening on: https://localhost:7006 |url: |action: |Microsoft.AspNetCore.Hosting.GenericWebHostService.StartAsync
2022-09-04 17:47:57.7098|0|INFO|Microsoft.Hosting.Lifetime|Now listening on: http://localhost:5006 |url: |action: |Microsoft.AspNetCore.Hosting.GenericWebHostService.StartAsync
2022-09-04 17:47:57.7102|0|INFO|Microsoft.Hosting.Lifetime|Application started. Press Ctrl+C to shut down. |url: |action: |Microsoft.Extensions.Hosting.Internal.ConsoleLifetime.OnApplicationStarted
2022-09-04 17:47:57.7102|0|INFO|Microsoft.Hosting.Lifetime|Hosting environment: Development |url: |action: |Microsoft.Extensions.Hosting.Internal.ConsoleLifetime.OnApplicationStarted
2022-09-04 17:47:57.7102|0|INFO|Microsoft.Hosting.Lifetime|Content root path: C:\Users\USER\Downloads\3d-Viwer\Resource3dModelsApi\Resource3dModelsApi\ |url: |action: |Microsoft.Extensions.Hosting.Internal.ConsoleLifetime.OnApplicationStarted
2022-09-04 17:58:23.9902|0|INFO|Microsoft.Hosting.Lifetime|Now listening on: https://localhost:7006 |url: |action: |Microsoft.AspNetCore.Hosting.GenericWebHostService.StartAsync
2022-09-04 17:58:24.0082|0|INFO|Microsoft.Hosting.Lifetime|Now listening on: http://localhost:5006 |url: |action: |Microsoft.AspNetCore.Hosting.GenericWebHostService.StartAsync
2022-09-04 17:58:24.0082|0|INFO|Microsoft.Hosting.Lifetime|Application started. Press Ctrl+C to shut down. |url: |action: |Microsoft.Extensions.Hosting.Internal.ConsoleLifetime.OnApplicationStarted
2022-09-04 17:58:24.0082|0|INFO|Microsoft.Hosting.Lifetime|Hosting environment: Development |url: |action: |Microsoft.Extensions.Hosting.Internal.ConsoleLifetime.OnApplicationStarted
2022-09-04 17:58:24.0082|0|INFO|Microsoft.Hosting.Lifetime|Content root path: C:\Users\USER\Downloads\3d-Viwer\Resource3dModelsApi\Resource3dModelsApi\ |url: |action: |Microsoft.Extensions.Hosting.Internal.ConsoleLifetime.OnApplicationStarted
2022-09-04 18:01:19.7601|0|INFO|Microsoft.Hosting.Lifetime|Now listening on: https://localhost:7006 |url: |action: |Microsoft.AspNetCore.Hosting.GenericWebHostService.StartAsync
2022-09-04 18:01:19.7776|0|INFO|Microsoft.Hosting.Lifetime|Now listening on: http://localhost:5006 |url: |action: |Microsoft.AspNetCore.Hosting.GenericWebHostService.StartAsync
2022-09-04 18:01:19.7776|0|INFO|Microsoft.Hosting.Lifetime|Application started. Press Ctrl+C to shut down. |url: |action: |Microsoft.Extensions.Hosting.Internal.ConsoleLifetime.OnApplicationStarted
2022-09-04 18:01:19.7776|0|INFO|Microsoft.Hosting.Lifetime|Hosting environment: Development |url: |action: |Microsoft.Extensions.Hosting.Internal.ConsoleLifetime.OnApplicationStarted
2022-09-04 18:01:19.7776|0|INFO|Microsoft.Hosting.Lifetime|Content root path: C:\Users\USER\Downloads\3d-Viwer\Resource3dModelsApi\Resource3dModelsApi\ |url: |action: |Microsoft.Extensions.Hosting.Internal.ConsoleLifetime.OnApplicationStarted
2022-09-04 18:01:48.6770|0|WARN|Microsoft.EntityFrameworkCore.Query|The query uses a row limiting operator ('Skip'/'Take') without an 'OrderBy' operator. This may lead to unpredictable results. If the 'Distinct' operator is used after 'OrderBy', then make sure to use the 'OrderBy' operator after 'Distinct' as the ordering would otherwise get erased. |url: https://localhost/api/_3dModel/GetMyModels/0|action: GetMy_3dModels|Microsoft.EntityFrameworkCore.Diagnostics.CoreLoggerExtensions.RowLimitingOperationWithoutOrderByWarning
2022-09-04 18:01:48.6849|0|WARN|Microsoft.EntityFrameworkCore.Query|The query uses a row limiting operator ('Skip'/'Take') without an 'OrderBy' operator. This may lead to unpredictable results. If the 'Distinct' operator is used after 'OrderBy', then make sure to use the 'OrderBy' operator after 'Distinct' as the ordering would otherwise get erased. |url: https://localhost/api/_3dModel/GetMyModels/0|action: GetMy_3dModels|Microsoft.EntityFrameworkCore.Diagnostics.CoreLoggerExtensions.RowLimitingOperationWithoutOrderByWarning
2022-09-04 18:26:11.8328|0|INFO|Microsoft.Hosting.Lifetime|Now listening on: https://localhost:7006 |url: |action: |Microsoft.AspNetCore.Hosting.GenericWebHostService.StartAsync
2022-09-04 18:26:11.8512|0|INFO|Microsoft.Hosting.Lifetime|Now listening on: http://localhost:5006 |url: |action: |Microsoft.AspNetCore.Hosting.GenericWebHostService.StartAsync
2022-09-04 18:26:11.8515|0|INFO|Microsoft.Hosting.Lifetime|Application started. Press Ctrl+C to shut down. |url: |action: |Microsoft.Extensions.Hosting.Internal.ConsoleLifetime.OnApplicationStarted
2022-09-04 18:26:11.8515|0|INFO|Microsoft.Hosting.Lifetime|Hosting environment: Development |url: |action: |Microsoft.Extensions.Hosting.Internal.ConsoleLifetime.OnApplicationStarted
2022-09-04 18:26:11.8515|0|INFO|Microsoft.Hosting.Lifetime|Content root path: C:\Users\USER\Downloads\3d-Viwer\Resource3dModelsApi\Resource3dModelsApi\ |url: |action: |Microsoft.Extensions.Hosting.Internal.ConsoleLifetime.OnApplicationStarted
2022-09-04 18:26:49.7500|0|ERROR|Microsoft.AspNetCore.Diagnostics.DeveloperExceptionPageMiddleware|An unhandled exception has occurred while executing the request. System.InvalidOperationException: No authenticationScheme was specified, and there was no DefaultChallengeScheme found. The default schemes can be set using either AddAuthentication(string defaultScheme) or AddAuthentication(Action<AuthenticationOptions> configureOptions).
   at Microsoft.AspNetCore.Authentication.AuthenticationService.ChallengeAsync(HttpContext context, String scheme, AuthenticationProperties properties)
   at Microsoft.AspNetCore.Authorization.Policy.AuthorizationMiddlewareResultHandler.HandleAsync(RequestDelegate next, HttpContext context, AuthorizationPolicy policy, PolicyAuthorizationResult authorizeResult)
   at Microsoft.AspNetCore.Authorization.AuthorizationMiddleware.Invoke(HttpContext context)
   at Microsoft.AspNetCore.Authentication.AuthenticationMiddleware.Invoke(HttpContext context)
   at Swashbuckle.AspNetCore.SwaggerUI.SwaggerUIMiddleware.Invoke(HttpContext httpContext)
   at Swashbuckle.AspNetCore.Swagger.SwaggerMiddleware.Invoke(HttpContext httpContext, ISwaggerProvider swaggerProvider)
   at Microsoft.AspNetCore.Diagnostics.DeveloperExceptionPageMiddleware.Invoke(HttpContext context)|url: https://localhost/api/_3dModel/GetMyModels/0|action: GetMy_3dModels|Microsoft.AspNetCore.Diagnostics.DiagnosticsLoggerExtensions.UnhandledException
2022-09-04 18:26:54.6052|0|ERROR|Microsoft.AspNetCore.Diagnostics.DeveloperExceptionPageMiddleware|An unhandled exception has occurred while executing the request. System.InvalidOperationException: No authenticationScheme was specified, and there was no DefaultChallengeScheme found. The default schemes can be set using either AddAuthentication(string defaultScheme) or AddAuthentication(Action<AuthenticationOptions> configureOptions).
   at Microsoft.AspNetCore.Authentication.AuthenticationService.ChallengeAsync(HttpContext context, String scheme, AuthenticationProperties properties)
   at Microsoft.AspNetCore.Authorization.Policy.AuthorizationMiddlewareResultHandler.HandleAsync(RequestDelegate next, HttpContext context, AuthorizationPolicy policy, PolicyAuthorizationResult authorizeResult)
   at Microsoft.AspNetCore.Authorization.AuthorizationMiddleware.Invoke(HttpContext context)
   at Microsoft.AspNetCore.Authentication.AuthenticationMiddleware.Invoke(HttpContext context)
   at Swashbuckle.AspNetCore.SwaggerUI.SwaggerUIMiddleware.Invoke(HttpContext httpContext)
   at Swashbuckle.AspNetCore.Swagger.SwaggerMiddleware.Invoke(HttpContext httpContext, ISwaggerProvider swaggerProvider)
   at Microsoft.AspNetCore.Diagnostics.DeveloperExceptionPageMiddleware.Invoke(HttpContext context)|url: https://localhost/api/_3dModel/GetMyModels/0|action: GetMy_3dModels|Microsoft.AspNetCore.Diagnostics.DiagnosticsLoggerExtensions.UnhandledException
2022-09-04 18:28:10.2429|0|ERROR|Microsoft.AspNetCore.Diagnostics.DeveloperExceptionPageMiddleware|An unhandled exception has occurred while executing the request. System.InvalidOperationException: No authenticationScheme was specified, and there was no DefaultChallengeScheme found. The default schemes can be set using either AddAuthentication(string defaultScheme) or AddAuthentication(Action<AuthenticationOptions> configureOptions).
   at Microsoft.AspNetCore.Authentication.AuthenticationService.ChallengeAsync(HttpContext context, String scheme, AuthenticationProperties properties)
   at Microsoft.AspNetCore.Authorization.Policy.AuthorizationMiddlewareResultHandler.HandleAsync(RequestDelegate next, HttpContext context, AuthorizationPolicy policy, PolicyAuthorizationResult authorizeResult)
   at Microsoft.AspNetCore.Authorization.AuthorizationMiddleware.Invoke(HttpContext context)
   at Microsoft.AspNetCore.Authentication.AuthenticationMiddleware.Invoke(HttpContext context)
   at Swashbuckle.AspNetCore.SwaggerUI.SwaggerUIMiddleware.Invoke(HttpContext httpContext)
   at Swashbuckle.AspNetCore.Swagger.SwaggerMiddleware.Invoke(HttpContext httpContext, ISwaggerProvider swaggerProvider)
   at Microsoft.AspNetCore.Diagnostics.DeveloperExceptionPageMiddleware.Invoke(HttpContext context)|url: https://localhost/api/_3dModel/GetMyModels/0|action: GetMy_3dModels|Microsoft.AspNetCore.Diagnostics.DiagnosticsLoggerExtensions.UnhandledException
2022-09-04 18:28:52.1294|0|INFO|Microsoft.Hosting.Lifetime|Now listening on: https://localhost:7006 |url: |action: |Microsoft.AspNetCore.Hosting.GenericWebHostService.StartAsync
2022-09-04 18:28:52.1535|0|INFO|Microsoft.Hosting.Lifetime|Now listening on: http://localhost:5006 |url: |action: |Microsoft.AspNetCore.Hosting.GenericWebHostService.StartAsync
2022-09-04 18:28:52.1535|0|INFO|Microsoft.Hosting.Lifetime|Application started. Press Ctrl+C to shut down. |url: |action: |Microsoft.Extensions.Hosting.Internal.ConsoleLifetime.OnApplicationStarted
2022-09-04 18:28:52.1535|0|INFO|Microsoft.Hosting.Lifetime|Hosting environment: Development |url: |action: |Microsoft.Extensions.Hosting.Internal.ConsoleLifetime.OnApplicationStarted
2022-09-04 18:28:52.1535|0|INFO|Microsoft.Hosting.Lifetime|Content root path: C:\Users\USER\Downloads\3d-Viwer\Resource3dModelsApi\Resource3dModelsApi\ |url: |action: |Microsoft.Extensions.Hosting.Internal.ConsoleLifetime.OnApplicationStarted
2022-09-04 18:29:03.4875|0|ERROR|Microsoft.AspNetCore.Diagnostics.DeveloperExceptionPageMiddleware|An unhandled exception has occurred while executing the request. System.InvalidOperationException: No authenticationScheme was specified, and there was no DefaultChallengeScheme found. The default schemes can be set using either AddAuthentication(string defaultScheme) or AddAuthentication(Action<AuthenticationOptions> configureOptions).
   at Microsoft.AspNetCore.Authentication.AuthenticationService.ChallengeAsync(HttpContext context, String scheme, AuthenticationProperties properties)
   at Microsoft.AspNetCore.Authorization.Policy.AuthorizationMiddlewareResultHandler.HandleAsync(RequestDelegate next, HttpContext context, AuthorizationPolicy policy, PolicyAuthorizationResult authorizeResult)
   at Microsoft.AspNetCore.Authorization.AuthorizationMiddleware.Invoke(HttpContext context)
   at Microsoft.AspNetCore.Authentication.AuthenticationMiddleware.Invoke(HttpContext context)
   at Resource3dModelsApi.Infrastructure.Midlewares.CheckTokenMidleware.InvokeAsync(HttpContext httpContent) in C:\Users\USER\Downloads\3d-Viwer\Resource3dModelsApi\Resource3dModelsApi.Infrastructure\Midlewares\CheckTokenMidleware.cs:line 77
   at Swashbuckle.AspNetCore.SwaggerUI.SwaggerUIMiddleware.Invoke(HttpContext httpContext)
   at Swashbuckle.AspNetCore.Swagger.SwaggerMiddleware.Invoke(HttpContext httpContext, ISwaggerProvider swaggerProvider)
   at Microsoft.AspNetCore.Diagnostics.DeveloperExceptionPageMiddleware.Invoke(HttpContext context)|url: https://localhost/api/_3dModel/GetMyModels/0|action: GetMy_3dModels|Microsoft.AspNetCore.Diagnostics.DiagnosticsLoggerExtensions.UnhandledException
2022-09-04 18:30:11.4385|0|ERROR|Microsoft.AspNetCore.Diagnostics.DeveloperExceptionPageMiddleware|An unhandled exception has occurred while executing the request. System.InvalidOperationException: No authenticationScheme was specified, and there was no DefaultChallengeScheme found. The default schemes can be set using either AddAuthentication(string defaultScheme) or AddAuthentication(Action<AuthenticationOptions> configureOptions).
   at Microsoft.AspNetCore.Authentication.AuthenticationService.ChallengeAsync(HttpContext context, String scheme, AuthenticationProperties properties)
   at Microsoft.AspNetCore.Authorization.Policy.AuthorizationMiddlewareResultHandler.HandleAsync(RequestDelegate next, HttpContext context, AuthorizationPolicy policy, PolicyAuthorizationResult authorizeResult)
   at Microsoft.AspNetCore.Authorization.AuthorizationMiddleware.Invoke(HttpContext context)
   at Microsoft.AspNetCore.Authentication.AuthenticationMiddleware.Invoke(HttpContext context)
   at Resource3dModelsApi.Infrastructure.Midlewares.CheckTokenMidleware.InvokeAsync(HttpContext httpContent) in C:\Users\USER\Downloads\3d-Viwer\Resource3dModelsApi\Resource3dModelsApi.Infrastructure\Midlewares\CheckTokenMidleware.cs:line 77
   at Swashbuckle.AspNetCore.SwaggerUI.SwaggerUIMiddleware.Invoke(HttpContext httpContext)
   at Swashbuckle.AspNetCore.Swagger.SwaggerMiddleware.Invoke(HttpContext httpContext, ISwaggerProvider swaggerProvider)
   at Microsoft.AspNetCore.Diagnostics.DeveloperExceptionPageMiddleware.Invoke(HttpContext context)|url: https://localhost/api/_3dModel/GetMyModels/0|action: GetMy_3dModels|Microsoft.AspNetCore.Diagnostics.DiagnosticsLoggerExtensions.UnhandledException
2022-09-04 18:32:29.1786|0|INFO|Microsoft.Hosting.Lifetime|Now listening on: https://localhost:7006 |url: |action: |Microsoft.AspNetCore.Hosting.GenericWebHostService.StartAsync
2022-09-04 18:32:29.2107|0|INFO|Microsoft.Hosting.Lifetime|Now listening on: http://localhost:5006 |url: |action: |Microsoft.AspNetCore.Hosting.GenericWebHostService.StartAsync
2022-09-04 18:32:29.2107|0|INFO|Microsoft.Hosting.Lifetime|Application started. Press Ctrl+C to shut down. |url: |action: |Microsoft.Extensions.Hosting.Internal.ConsoleLifetime.OnApplicationStarted
2022-09-04 18:32:29.2107|0|INFO|Microsoft.Hosting.Lifetime|Hosting environment: Development |url: |action: |Microsoft.Extensions.Hosting.Internal.ConsoleLifetime.OnApplicationStarted
2022-09-04 18:32:29.2107|0|INFO|Microsoft.Hosting.Lifetime|Content root path: C:\Users\USER\Downloads\3d-Viwer\Resource3dModelsApi\Resource3dModelsApi\ |url: |action: |Microsoft.Extensions.Hosting.Internal.ConsoleLifetime.OnApplicationStarted
2022-09-04 18:32:46.1093|0|ERROR|Microsoft.AspNetCore.Diagnostics.DeveloperExceptionPageMiddleware|An unhandled exception has occurred while executing the request. System.InvalidOperationException: No authenticationScheme was specified, and there was no DefaultChallengeScheme found. The default schemes can be set using either AddAuthentication(string defaultScheme) or AddAuthentication(Action<AuthenticationOptions> configureOptions).
   at Microsoft.AspNetCore.Authentication.AuthenticationService.ChallengeAsync(HttpContext context, String scheme, AuthenticationProperties properties)
   at Microsoft.AspNetCore.Authorization.Policy.AuthorizationMiddlewareResultHandler.HandleAsync(RequestDelegate next, HttpContext context, AuthorizationPolicy policy, PolicyAuthorizationResult authorizeResult)
   at Microsoft.AspNetCore.Authorization.AuthorizationMiddleware.Invoke(HttpContext context)
   at Microsoft.AspNetCore.Authentication.AuthenticationMiddleware.Invoke(HttpContext context)
   at Resource3dModelsApi.Infrastructure.Midlewares.CheckTokenMidleware.InvokeAsync(HttpContext httpContent) in C:\Users\USER\Downloads\3d-Viwer\Resource3dModelsApi\Resource3dModelsApi.Infrastructure\Midlewares\CheckTokenMidleware.cs:line 77
   at Swashbuckle.AspNetCore.SwaggerUI.SwaggerUIMiddleware.Invoke(HttpContext httpContext)
   at Swashbuckle.AspNetCore.Swagger.SwaggerMiddleware.Invoke(HttpContext httpContext, ISwaggerProvider swaggerProvider)
   at Microsoft.AspNetCore.Diagnostics.DeveloperExceptionPageMiddleware.Invoke(HttpContext context)|url: https://localhost/api/_3dModel/GetMyModels/0|action: GetMy_3dModels|Microsoft.AspNetCore.Diagnostics.DiagnosticsLoggerExtensions.UnhandledException
2022-09-04 18:33:29.6775|0|ERROR|Microsoft.AspNetCore.Diagnostics.DeveloperExceptionPageMiddleware|An unhandled exception has occurred while executing the request. System.InvalidOperationException: No authenticationScheme was specified, and there was no DefaultChallengeScheme found. The default schemes can be set using either AddAuthentication(string defaultScheme) or AddAuthentication(Action<AuthenticationOptions> configureOptions).
   at Microsoft.AspNetCore.Authentication.AuthenticationService.ChallengeAsync(HttpContext context, String scheme, AuthenticationProperties properties)
   at Microsoft.AspNetCore.Authorization.Policy.AuthorizationMiddlewareResultHandler.HandleAsync(RequestDelegate next, HttpContext context, AuthorizationPolicy policy, PolicyAuthorizationResult authorizeResult)
   at Microsoft.AspNetCore.Authorization.AuthorizationMiddleware.Invoke(HttpContext context)
   at Microsoft.AspNetCore.Authentication.AuthenticationMiddleware.Invoke(HttpContext context)
   at Resource3dModelsApi.Infrastructure.Midlewares.CheckTokenMidleware.InvokeAsync(HttpContext httpContent) in C:\Users\USER\Downloads\3d-Viwer\Resource3dModelsApi\Resource3dModelsApi.Infrastructure\Midlewares\CheckTokenMidleware.cs:line 77
   at Swashbuckle.AspNetCore.SwaggerUI.SwaggerUIMiddleware.Invoke(HttpContext httpContext)
   at Swashbuckle.AspNetCore.Swagger.SwaggerMiddleware.Invoke(HttpContext httpContext, ISwaggerProvider swaggerProvider)
   at Microsoft.AspNetCore.Diagnostics.DeveloperExceptionPageMiddleware.Invoke(HttpContext context)|url: https://localhost/api/_3dModel/GetMyModels/0|action: GetMy_3dModels|Microsoft.AspNetCore.Diagnostics.DiagnosticsLoggerExtensions.UnhandledException
2022-09-04 18:33:50.6678|0|INFO|Microsoft.Hosting.Lifetime|Now listening on: https://localhost:7006 |url: |action: |Microsoft.AspNetCore.Hosting.GenericWebHostService.StartAsync
2022-09-04 18:33:50.6877|0|INFO|Microsoft.Hosting.Lifetime|Now listening on: http://localhost:5006 |url: |action: |Microsoft.AspNetCore.Hosting.GenericWebHostService.StartAsync
2022-09-04 18:33:50.6877|0|INFO|Microsoft.Hosting.Lifetime|Application started. Press Ctrl+C to shut down. |url: |action: |Microsoft.Extensions.Hosting.Internal.ConsoleLifetime.OnApplicationStarted
2022-09-04 18:33:50.6877|0|INFO|Microsoft.Hosting.Lifetime|Hosting environment: Development |url: |action: |Microsoft.Extensions.Hosting.Internal.ConsoleLifetime.OnApplicationStarted
2022-09-04 18:33:50.6877|0|INFO|Microsoft.Hosting.Lifetime|Content root path: C:\Users\USER\Downloads\3d-Viwer\Resource3dModelsApi\Resource3dModelsApi\ |url: |action: |Microsoft.Extensions.Hosting.Internal.ConsoleLifetime.OnApplicationStarted
2022-09-04 18:35:52.4848|0|ERROR|Microsoft.AspNetCore.Diagnostics.DeveloperExceptionPageMiddleware|An unhandled exception has occurred while executing the request. System.InvalidOperationException: No authenticationScheme was specified, and there was no DefaultChallengeScheme found. The default schemes can be set using either AddAuthentication(string defaultScheme) or AddAuthentication(Action<AuthenticationOptions> configureOptions).
   at Microsoft.AspNetCore.Authentication.AuthenticationService.ChallengeAsync(HttpContext context, String scheme, AuthenticationProperties properties)
   at Microsoft.AspNetCore.Authorization.Policy.AuthorizationMiddlewareResultHandler.HandleAsync(RequestDelegate next, HttpContext context, AuthorizationPolicy policy, PolicyAuthorizationResult authorizeResult)
   at Microsoft.AspNetCore.Authorization.AuthorizationMiddleware.Invoke(HttpContext context)
   at Microsoft.AspNetCore.Authentication.AuthenticationMiddleware.Invoke(HttpContext context)
   at Resource3dModelsApi.Infrastructure.Midlewares.CheckTokenMidleware.InvokeAsync(HttpContext httpContent) in C:\Users\USER\Downloads\3d-Viwer\Resource3dModelsApi\Resource3dModelsApi.Infrastructure\Midlewares\CheckTokenMidleware.cs:line 77
   at Swashbuckle.AspNetCore.SwaggerUI.SwaggerUIMiddleware.Invoke(HttpContext httpContext)
   at Swashbuckle.AspNetCore.Swagger.SwaggerMiddleware.Invoke(HttpContext httpContext, ISwaggerProvider swaggerProvider)
   at Microsoft.AspNetCore.Diagnostics.DeveloperExceptionPageMiddleware.Invoke(HttpContext context)|url: https://localhost/api/_3dModel/GetMyModels/0|action: GetMy_3dModels|Microsoft.AspNetCore.Diagnostics.DiagnosticsLoggerExtensions.UnhandledException
