2022-09-02 09:22:31.0521|0|ERROR|Microsoft.EntityFrameworkCore.Database.Connection|An error occurred using the connection to database 'ResourceApi_3d' on server '(localdb)\mssqllocaldb'. |url: |action: |Microsoft.EntityFrameworkCore.Diagnostics.Internal.RelationalConnectionDiagnosticsLogger.ConnectionError
2022-09-02 09:22:31.1408|0|ERROR|Microsoft.EntityFrameworkCore.Query|An exception occurred while iterating over the results of a query for context type 'Resource3dModelsApi.Infrastructure.Data.AppDbContext'.
Microsoft.Data.SqlClient.SqlException (0x80131904): A network-related or instance-specific error occurred while establishing a connection to SQL Server. The server was not found or was not accessible. Verify that the instance name is correct and that SQL Server is configured to allow remote connections. (provider: SNI_PN11, error: 50 - Local Database Runtime error occurred. Error occurred during LocalDB instance startup: SQL Server process failed to start.
)
 ---> System.ComponentModel.Win32Exception (0x89C5010A): Unknown error (0x89c5010a)
   at Microsoft.Data.SqlClient.TdsParser.ThrowExceptionAndWarning(TdsParserStateObject stateObj, Boolean callerHasConnectionLock, Boolean asyncClose)
   at Microsoft.Data.SqlClient.TdsParser.Connect(ServerInfo serverInfo, SqlInternalConnectionTds connHandler, Boolean ignoreSniOpenTimeout, Int64 timerExpire, Boolean encrypt, Boolean trustServerCert, Boolean integratedSecurity, Boolean withFailover, SqlAuthenticationMethod authType)
   at Microsoft.Data.SqlClient.SqlInternalConnectionTds.AttemptOneLogin(ServerInfo serverInfo, String newPassword, SecureString newSecurePassword, Boolean ignoreSniOpenTimeout, TimeoutTimer timeout, Boolean withFailover)
   at Microsoft.Data.SqlClient.SqlInternalConnectionTds.LoginNoFailover(ServerInfo serverInfo, String newPassword, SecureString newSecurePassword, Boolean redirectedUserInstance, SqlConnectionString connectionOptions, SqlCredential credential, TimeoutTimer timeout)
   at Microsoft.Data.SqlClient.SqlInternalConnectionTds.OpenLoginEnlist(TimeoutTimer timeout, SqlConnectionString connectionOptions, SqlCredential credential, String newPassword, SecureString newSecurePassword, Boolean redirectedUserInstance)
   at Microsoft.Data.SqlClient.SqlInternalConnectionTds..ctor(DbConnectionPoolIdentity identity, SqlConnectionString connectionOptions, SqlCredential credential, Object providerInfo, String newPassword, SecureString newSecurePassword, Boolean redirectedUserInstance, SqlConnectionString userConnectionOptions, SessionData reconnectSessionData, Boolean applyTransientFaultHandling, String accessToken, DbConnectionPool pool)
   at Microsoft.Data.SqlClient.SqlConnectionFactory.CreateConnection(DbConnectionOptions options, DbConnectionPoolKey poolKey, Object poolGroupProviderInfo, DbConnectionPool pool, DbConnection owningConnection, DbConnectionOptions userOptions)
   at Microsoft.Data.ProviderBase.DbConnectionFactory.CreatePooledConnection(DbConnectionPool pool, DbConnection owningObject, DbConnectionOptions options, DbConnectionPoolKey poolKey, DbConnectionOptions userOptions)
   at Microsoft.Data.ProviderBase.DbConnectionPool.CreateObject(DbConnection owningObject, DbConnectionOptions userOptions, DbConnectionInternal oldConnection)
   at Microsoft.Data.ProviderBase.DbConnectionPool.UserCreateRequest(DbConnection owningObject, DbConnectionOptions userOptions, DbConnectionInternal oldConnection)
   at Microsoft.Data.ProviderBase.DbConnectionPool.TryGetConnection(DbConnection owningObject, UInt32 waitForMultipleObjectsTimeout, Boolean allowCreate, Boolean onlyOneCheckConnection, DbConnectionOptions userOptions, DbConnectionInternal& connection)
   at Microsoft.Data.ProviderBase.DbConnectionPool.TryGetConnection(DbConnection owningObject, TaskCompletionSource`1 retry, DbConnectionOptions userOptions, DbConnectionInternal& connection)
   at Microsoft.Data.ProviderBase.DbConnectionFactory.TryGetConnection(DbConnection owningConnection, TaskCompletionSource`1 retry, DbConnectionOptions userOptions, DbConnectionInternal oldConnection, DbConnectionInternal& connection)
   at Microsoft.Data.ProviderBase.DbConnectionInternal.TryOpenConnectionInternal(DbConnection outerConnection, DbConnectionFactory connectionFactory, TaskCompletionSource`1 retry, DbConnectionOptions userOptions)
   at Microsoft.Data.SqlClient.SqlConnection.TryOpen(TaskCompletionSource`1 retry, SqlConnectionOverrides overrides)
   at Microsoft.Data.SqlClient.SqlConnection.Open(SqlConnectionOverrides overrides)
   at Microsoft.EntityFrameworkCore.Storage.RelationalConnection.OpenInternal(Boolean errorsExpected)
   at Microsoft.EntityFrameworkCore.Storage.RelationalConnection.Open(Boolean errorsExpected)
   at Microsoft.EntityFrameworkCore.Storage.RelationalCommand.ExecuteReader(RelationalCommandParameterObject parameterObject)
   at Microsoft.EntityFrameworkCore.Query.Internal.SingleQueryingEnumerable`1.Enumerator.InitializeReader(Enumerator enumerator)
   at Microsoft.EntityFrameworkCore.SqlServer.Storage.Internal.SqlServerExecutionStrategy.Execute[TState,TResult](TState state, Func`3 operation, Func`3 verifySucceeded)
   at Microsoft.EntityFrameworkCore.Query.Internal.SingleQueryingEnumerable`1.Enumerator.MoveNext()
ClientConnectionId:00000000-0000-0000-0000-000000000000
Error Number:-1983577846,State:0,Class:20 Microsoft.Data.SqlClient.SqlException (0x80131904): A network-related or instance-specific error occurred while establishing a connection to SQL Server. The server was not found or was not accessible. Verify that the instance name is correct and that SQL Server is configured to allow remote connections. (provider: SNI_PN11, error: 50 - Local Database Runtime error occurred. Error occurred during LocalDB instance startup: SQL Server process failed to start.
)
 ---> System.ComponentModel.Win32Exception (0x89C5010A): Unknown error (0x89c5010a)
   at Microsoft.Data.SqlClient.TdsParser.ThrowExceptionAndWarning(TdsParserStateObject stateObj, Boolean callerHasConnectionLock, Boolean asyncClose)
   at Microsoft.Data.SqlClient.TdsParser.Connect(ServerInfo serverInfo, SqlInternalConnectionTds connHandler, Boolean ignoreSniOpenTimeout, Int64 timerExpire, Boolean encrypt, Boolean trustServerCert, Boolean integratedSecurity, Boolean withFailover, SqlAuthenticationMethod authType)
   at Microsoft.Data.SqlClient.SqlInternalConnectionTds.AttemptOneLogin(ServerInfo serverInfo, String newPassword, SecureString newSecurePassword, Boolean ignoreSniOpenTimeout, TimeoutTimer timeout, Boolean withFailover)
   at Microsoft.Data.SqlClient.SqlInternalConnectionTds.LoginNoFailover(ServerInfo serverInfo, String newPassword, SecureString newSecurePassword, Boolean redirectedUserInstance, SqlConnectionString connectionOptions, SqlCredential credential, TimeoutTimer timeout)
   at Microsoft.Data.SqlClient.SqlInternalConnectionTds.OpenLoginEnlist(TimeoutTimer timeout, SqlConnectionString connectionOptions, SqlCredential credential, String newPassword, SecureString newSecurePassword, Boolean redirectedUserInstance)
   at Microsoft.Data.SqlClient.SqlInternalConnectionTds..ctor(DbConnectionPoolIdentity identity, SqlConnectionString connectionOptions, SqlCredential credential, Object providerInfo, String newPassword, SecureString newSecurePassword, Boolean redirectedUserInstance, SqlConnectionString userConnectionOptions, SessionData reconnectSessionData, Boolean applyTransientFaultHandling, String accessToken, DbConnectionPool pool)
   at Microsoft.Data.SqlClient.SqlConnectionFactory.CreateConnection(DbConnectionOptions options, DbConnectionPoolKey poolKey, Object poolGroupProviderInfo, DbConnectionPool pool, DbConnection owningConnection, DbConnectionOptions userOptions)
   at Microsoft.Data.ProviderBase.DbConnectionFactory.CreatePooledConnection(DbConnectionPool pool, DbConnection owningObject, DbConnectionOptions options, DbConnectionPoolKey poolKey, DbConnectionOptions userOptions)
   at Microsoft.Data.ProviderBase.DbConnectionPool.CreateObject(DbConnection owningObject, DbConnectionOptions userOptions, DbConnectionInternal oldConnection)
   at Microsoft.Data.ProviderBase.DbConnectionPool.UserCreateRequest(DbConnection owningObject, DbConnectionOptions userOptions, DbConnectionInternal oldConnection)
   at Microsoft.Data.ProviderBase.DbConnectionPool.TryGetConnection(DbConnection owningObject, UInt32 waitForMultipleObjectsTimeout, Boolean allowCreate, Boolean onlyOneCheckConnection, DbConnectionOptions userOptions, DbConnectionInternal& connection)
   at Microsoft.Data.ProviderBase.DbConnectionPool.TryGetConnection(DbConnection owningObject, TaskCompletionSource`1 retry, DbConnectionOptions userOptions, DbConnectionInternal& connection)
   at Microsoft.Data.ProviderBase.DbConnectionFactory.TryGetConnection(DbConnection owningConnection, TaskCompletionSource`1 retry, DbConnectionOptions userOptions, DbConnectionInternal oldConnection, DbConnectionInternal& connection)
   at Microsoft.Data.ProviderBase.DbConnectionInternal.TryOpenConnectionInternal(DbConnection outerConnection, DbConnectionFactory connectionFactory, TaskCompletionSource`1 retry, DbConnectionOptions userOptions)
   at Microsoft.Data.SqlClient.SqlConnection.TryOpen(TaskCompletionSource`1 retry, SqlConnectionOverrides overrides)
   at Microsoft.Data.SqlClient.SqlConnection.Open(SqlConnectionOverrides overrides)
   at Microsoft.EntityFrameworkCore.Storage.RelationalConnection.OpenInternal(Boolean errorsExpected)
   at Microsoft.EntityFrameworkCore.Storage.RelationalConnection.Open(Boolean errorsExpected)
   at Microsoft.EntityFrameworkCore.Storage.RelationalCommand.ExecuteReader(RelationalCommandParameterObject parameterObject)
   at Microsoft.EntityFrameworkCore.Query.Internal.SingleQueryingEnumerable`1.Enumerator.InitializeReader(Enumerator enumerator)
   at Microsoft.EntityFrameworkCore.SqlServer.Storage.Internal.SqlServerExecutionStrategy.Execute[TState,TResult](TState state, Func`3 operation, Func`3 verifySucceeded)
   at Microsoft.EntityFrameworkCore.Query.Internal.SingleQueryingEnumerable`1.Enumerator.MoveNext()
ClientConnectionId:00000000-0000-0000-0000-000000000000
Error Number:-1983577846,State:0,Class:20|url: |action: |Microsoft.EntityFrameworkCore.Diagnostics.CoreLoggerExtensions.QueryIterationFailed
2022-09-02 09:22:32.0656|0|INFO|Microsoft.Hosting.Lifetime|Now listening on: https://localhost:7006 |url: |action: |Microsoft.AspNetCore.Hosting.GenericWebHostService.StartAsync
2022-09-02 09:22:32.0656|0|INFO|Microsoft.Hosting.Lifetime|Now listening on: http://localhost:5006 |url: |action: |Microsoft.AspNetCore.Hosting.GenericWebHostService.StartAsync
2022-09-02 09:22:32.0656|0|INFO|Microsoft.Hosting.Lifetime|Application started. Press Ctrl+C to shut down. |url: |action: |Microsoft.Extensions.Hosting.Internal.ConsoleLifetime.OnApplicationStarted
2022-09-02 09:22:32.0656|0|INFO|Microsoft.Hosting.Lifetime|Hosting environment: Development |url: |action: |Microsoft.Extensions.Hosting.Internal.ConsoleLifetime.OnApplicationStarted
2022-09-02 09:22:32.0656|0|INFO|Microsoft.Hosting.Lifetime|Content root path: C:\Users\USER\Downloads\3d-Viwer\Resource3dModelsApi\Resource3dModelsApi\ |url: |action: |Microsoft.Extensions.Hosting.Internal.ConsoleLifetime.OnApplicationStarted
2022-09-02 20:14:35.6325|0|INFO|Microsoft.Hosting.Lifetime|Now listening on: https://localhost:7006 |url: |action: |Microsoft.AspNetCore.Hosting.GenericWebHostService.StartAsync
2022-09-02 20:14:35.6744|0|INFO|Microsoft.Hosting.Lifetime|Now listening on: http://localhost:5006 |url: |action: |Microsoft.AspNetCore.Hosting.GenericWebHostService.StartAsync
2022-09-02 20:14:35.6744|0|INFO|Microsoft.Hosting.Lifetime|Application started. Press Ctrl+C to shut down. |url: |action: |Microsoft.Extensions.Hosting.Internal.ConsoleLifetime.OnApplicationStarted
2022-09-02 20:14:35.6744|0|INFO|Microsoft.Hosting.Lifetime|Hosting environment: Development |url: |action: |Microsoft.Extensions.Hosting.Internal.ConsoleLifetime.OnApplicationStarted
2022-09-02 20:14:35.6744|0|INFO|Microsoft.Hosting.Lifetime|Content root path: C:\Users\USER\Downloads\3d-Viwer\Resource3dModelsApi\Resource3dModelsApi\ |url: |action: |Microsoft.Extensions.Hosting.Internal.ConsoleLifetime.OnApplicationStarted
2022-09-02 20:15:47.2678|0|WARN|Microsoft.EntityFrameworkCore.Query|The query uses a row limiting operator ('Skip'/'Take') without an 'OrderBy' operator. This may lead to unpredictable results. If the 'Distinct' operator is used after 'OrderBy', then make sure to use the 'OrderBy' operator after 'Distinct' as the ordering would otherwise get erased. |url: https://localhost/api/_3dModel/Get/0|action: Get|Microsoft.EntityFrameworkCore.Diagnostics.CoreLoggerExtensions.RowLimitingOperationWithoutOrderByWarning
2022-09-02 20:15:47.2678|0|WARN|Microsoft.EntityFrameworkCore.Query|The query uses a row limiting operator ('Skip'/'Take') without an 'OrderBy' operator. This may lead to unpredictable results. If the 'Distinct' operator is used after 'OrderBy', then make sure to use the 'OrderBy' operator after 'Distinct' as the ordering would otherwise get erased. |url: https://localhost/api/_3dModel/Get/0|action: Get|Microsoft.EntityFrameworkCore.Diagnostics.CoreLoggerExtensions.RowLimitingOperationWithoutOrderByWarning
2022-09-02 20:15:49.4644|0|WARN|Microsoft.EntityFrameworkCore.Query|The query uses a row limiting operator ('Skip'/'Take') without an 'OrderBy' operator. This may lead to unpredictable results. If the 'Distinct' operator is used after 'OrderBy', then make sure to use the 'OrderBy' operator after 'Distinct' as the ordering would otherwise get erased. |url: https://localhost/api/_3dModel/Get/0|action: Get|Microsoft.EntityFrameworkCore.Diagnostics.CoreLoggerExtensions.RowLimitingOperationWithoutOrderByWarning
2022-09-02 20:15:49.4644|0|WARN|Microsoft.EntityFrameworkCore.Query|The query uses a row limiting operator ('Skip'/'Take') without an 'OrderBy' operator. This may lead to unpredictable results. If the 'Distinct' operator is used after 'OrderBy', then make sure to use the 'OrderBy' operator after 'Distinct' as the ordering would otherwise get erased. |url: https://localhost/api/_3dModel/Get/0|action: Get|Microsoft.EntityFrameworkCore.Diagnostics.CoreLoggerExtensions.RowLimitingOperationWithoutOrderByWarning
2022-09-02 20:17:59.6210|0|INFO|Microsoft.Hosting.Lifetime|Now listening on: https://localhost:7006 |url: |action: |Microsoft.AspNetCore.Hosting.GenericWebHostService.StartAsync
2022-09-02 20:17:59.6376|0|INFO|Microsoft.Hosting.Lifetime|Now listening on: http://localhost:5006 |url: |action: |Microsoft.AspNetCore.Hosting.GenericWebHostService.StartAsync
2022-09-02 20:17:59.6376|0|INFO|Microsoft.Hosting.Lifetime|Application started. Press Ctrl+C to shut down. |url: |action: |Microsoft.Extensions.Hosting.Internal.ConsoleLifetime.OnApplicationStarted
2022-09-02 20:17:59.6376|0|INFO|Microsoft.Hosting.Lifetime|Hosting environment: Development |url: |action: |Microsoft.Extensions.Hosting.Internal.ConsoleLifetime.OnApplicationStarted
2022-09-02 20:17:59.6376|0|INFO|Microsoft.Hosting.Lifetime|Content root path: C:\Users\USER\Downloads\3d-Viwer\Resource3dModelsApi\Resource3dModelsApi\ |url: |action: |Microsoft.Extensions.Hosting.Internal.ConsoleLifetime.OnApplicationStarted
2022-09-02 20:21:59.7811|0|ERROR|Microsoft.AspNetCore.Diagnostics.DeveloperExceptionPageMiddleware|An unhandled exception has occurred while executing the request. System.InvalidOperationException: No authenticationScheme was specified, and there was no DefaultChallengeScheme found. The default schemes can be set using either AddAuthentication(string defaultScheme) or AddAuthentication(Action<AuthenticationOptions> configureOptions).
   at Microsoft.AspNetCore.Authentication.AuthenticationService.ChallengeAsync(HttpContext context, String scheme, AuthenticationProperties properties)
   at Microsoft.AspNetCore.Authorization.Policy.AuthorizationMiddlewareResultHandler.HandleAsync(RequestDelegate next, HttpContext context, AuthorizationPolicy policy, PolicyAuthorizationResult authorizeResult)
   at Microsoft.AspNetCore.Authorization.AuthorizationMiddleware.Invoke(HttpContext context)
   at Microsoft.AspNetCore.Authentication.AuthenticationMiddleware.Invoke(HttpContext context)
   at Swashbuckle.AspNetCore.SwaggerUI.SwaggerUIMiddleware.Invoke(HttpContext httpContext)
   at Swashbuckle.AspNetCore.Swagger.SwaggerMiddleware.Invoke(HttpContext httpContext, ISwaggerProvider swaggerProvider)
   at Microsoft.AspNetCore.Diagnostics.DeveloperExceptionPageMiddleware.Invoke(HttpContext context)|url: https://localhost/api/_3dModel/GetMyModels/0|action: GetMy_3dModels|Microsoft.AspNetCore.Diagnostics.DiagnosticsLoggerExtensions.UnhandledException
2022-09-02 20:22:58.9499|0|ERROR|Microsoft.AspNetCore.Diagnostics.DeveloperExceptionPageMiddleware|An unhandled exception has occurred while executing the request. System.InvalidOperationException: No authenticationScheme was specified, and there was no DefaultChallengeScheme found. The default schemes can be set using either AddAuthentication(string defaultScheme) or AddAuthentication(Action<AuthenticationOptions> configureOptions).
   at Microsoft.AspNetCore.Authentication.AuthenticationService.ChallengeAsync(HttpContext context, String scheme, AuthenticationProperties properties)
   at Microsoft.AspNetCore.Authorization.Policy.AuthorizationMiddlewareResultHandler.HandleAsync(RequestDelegate next, HttpContext context, AuthorizationPolicy policy, PolicyAuthorizationResult authorizeResult)
   at Microsoft.AspNetCore.Authorization.AuthorizationMiddleware.Invoke(HttpContext context)
   at Microsoft.AspNetCore.Authentication.AuthenticationMiddleware.Invoke(HttpContext context)
   at Swashbuckle.AspNetCore.SwaggerUI.SwaggerUIMiddleware.Invoke(HttpContext httpContext)
   at Swashbuckle.AspNetCore.Swagger.SwaggerMiddleware.Invoke(HttpContext httpContext, ISwaggerProvider swaggerProvider)
   at Microsoft.AspNetCore.Diagnostics.DeveloperExceptionPageMiddleware.Invoke(HttpContext context)|url: https://localhost/api/_3dModel/GetMyModels/0|action: GetMy_3dModels|Microsoft.AspNetCore.Diagnostics.DiagnosticsLoggerExtensions.UnhandledException
2022-09-02 20:24:05.8345|0|INFO|Microsoft.Hosting.Lifetime|Now listening on: https://localhost:7006 |url: |action: |Microsoft.AspNetCore.Hosting.GenericWebHostService.StartAsync
2022-09-02 20:24:05.8537|0|INFO|Microsoft.Hosting.Lifetime|Now listening on: http://localhost:5006 |url: |action: |Microsoft.AspNetCore.Hosting.GenericWebHostService.StartAsync
2022-09-02 20:24:05.8537|0|INFO|Microsoft.Hosting.Lifetime|Application started. Press Ctrl+C to shut down. |url: |action: |Microsoft.Extensions.Hosting.Internal.ConsoleLifetime.OnApplicationStarted
2022-09-02 20:24:05.8537|0|INFO|Microsoft.Hosting.Lifetime|Hosting environment: Development |url: |action: |Microsoft.Extensions.Hosting.Internal.ConsoleLifetime.OnApplicationStarted
2022-09-02 20:24:05.8537|0|INFO|Microsoft.Hosting.Lifetime|Content root path: C:\Users\USER\Downloads\3d-Viwer\Resource3dModelsApi\Resource3dModelsApi\ |url: |action: |Microsoft.Extensions.Hosting.Internal.ConsoleLifetime.OnApplicationStarted
2022-09-02 20:24:16.2434|0|ERROR|Microsoft.AspNetCore.Diagnostics.DeveloperExceptionPageMiddleware|An unhandled exception has occurred while executing the request. System.InvalidOperationException: No authenticationScheme was specified, and there was no DefaultChallengeScheme found. The default schemes can be set using either AddAuthentication(string defaultScheme) or AddAuthentication(Action<AuthenticationOptions> configureOptions).
   at Microsoft.AspNetCore.Authentication.AuthenticationService.ChallengeAsync(HttpContext context, String scheme, AuthenticationProperties properties)
   at Microsoft.AspNetCore.Authorization.Policy.AuthorizationMiddlewareResultHandler.HandleAsync(RequestDelegate next, HttpContext context, AuthorizationPolicy policy, PolicyAuthorizationResult authorizeResult)
   at Microsoft.AspNetCore.Authorization.AuthorizationMiddleware.Invoke(HttpContext context)
   at Microsoft.AspNetCore.Authentication.AuthenticationMiddleware.Invoke(HttpContext context)
   at Swashbuckle.AspNetCore.SwaggerUI.SwaggerUIMiddleware.Invoke(HttpContext httpContext)
   at Swashbuckle.AspNetCore.Swagger.SwaggerMiddleware.Invoke(HttpContext httpContext, ISwaggerProvider swaggerProvider)
   at Microsoft.AspNetCore.Diagnostics.DeveloperExceptionPageMiddleware.Invoke(HttpContext context)|url: https://localhost/api/_3dModel/GetMyModels/0|action: GetMy_3dModels|Microsoft.AspNetCore.Diagnostics.DiagnosticsLoggerExtensions.UnhandledException
2022-09-02 20:37:14.6817|0|INFO|Microsoft.Hosting.Lifetime|Now listening on: https://localhost:7006 |url: |action: |Microsoft.AspNetCore.Hosting.GenericWebHostService.StartAsync
2022-09-02 20:37:14.6973|0|INFO|Microsoft.Hosting.Lifetime|Now listening on: http://localhost:5006 |url: |action: |Microsoft.AspNetCore.Hosting.GenericWebHostService.StartAsync
2022-09-02 20:37:14.6973|0|INFO|Microsoft.Hosting.Lifetime|Application started. Press Ctrl+C to shut down. |url: |action: |Microsoft.Extensions.Hosting.Internal.ConsoleLifetime.OnApplicationStarted
2022-09-02 20:37:14.6973|0|INFO|Microsoft.Hosting.Lifetime|Hosting environment: Development |url: |action: |Microsoft.Extensions.Hosting.Internal.ConsoleLifetime.OnApplicationStarted
2022-09-02 20:37:14.6973|0|INFO|Microsoft.Hosting.Lifetime|Content root path: C:\Users\USER\Downloads\3d-Viwer\Resource3dModelsApi\Resource3dModelsApi\ |url: |action: |Microsoft.Extensions.Hosting.Internal.ConsoleLifetime.OnApplicationStarted
2022-09-02 20:41:50.3483|0|INFO|Microsoft.Hosting.Lifetime|Now listening on: https://localhost:7006 |url: |action: |Microsoft.AspNetCore.Hosting.GenericWebHostService.StartAsync
2022-09-02 20:41:50.3664|0|INFO|Microsoft.Hosting.Lifetime|Now listening on: http://localhost:5006 |url: |action: |Microsoft.AspNetCore.Hosting.GenericWebHostService.StartAsync
2022-09-02 20:41:50.3664|0|INFO|Microsoft.Hosting.Lifetime|Application started. Press Ctrl+C to shut down. |url: |action: |Microsoft.Extensions.Hosting.Internal.ConsoleLifetime.OnApplicationStarted
2022-09-02 20:41:50.3664|0|INFO|Microsoft.Hosting.Lifetime|Hosting environment: Development |url: |action: |Microsoft.Extensions.Hosting.Internal.ConsoleLifetime.OnApplicationStarted
2022-09-02 20:41:50.3664|0|INFO|Microsoft.Hosting.Lifetime|Content root path: C:\Users\USER\Downloads\3d-Viwer\Resource3dModelsApi\Resource3dModelsApi\ |url: |action: |Microsoft.Extensions.Hosting.Internal.ConsoleLifetime.OnApplicationStarted
2022-09-02 20:43:45.1136|0|INFO|Microsoft.Hosting.Lifetime|Now listening on: https://localhost:7006 |url: |action: |Microsoft.AspNetCore.Hosting.GenericWebHostService.StartAsync
2022-09-02 20:43:45.1327|0|INFO|Microsoft.Hosting.Lifetime|Now listening on: http://localhost:5006 |url: |action: |Microsoft.AspNetCore.Hosting.GenericWebHostService.StartAsync
2022-09-02 20:43:45.1327|0|INFO|Microsoft.Hosting.Lifetime|Application started. Press Ctrl+C to shut down. |url: |action: |Microsoft.Extensions.Hosting.Internal.ConsoleLifetime.OnApplicationStarted
2022-09-02 20:43:45.1335|0|INFO|Microsoft.Hosting.Lifetime|Hosting environment: Development |url: |action: |Microsoft.Extensions.Hosting.Internal.ConsoleLifetime.OnApplicationStarted
2022-09-02 20:43:45.1335|0|INFO|Microsoft.Hosting.Lifetime|Content root path: C:\Users\USER\Downloads\3d-Viwer\Resource3dModelsApi\Resource3dModelsApi\ |url: |action: |Microsoft.Extensions.Hosting.Internal.ConsoleLifetime.OnApplicationStarted
2022-09-02 20:44:10.0666|0|WARN|Microsoft.EntityFrameworkCore.Query|The query uses a row limiting operator ('Skip'/'Take') without an 'OrderBy' operator. This may lead to unpredictable results. If the 'Distinct' operator is used after 'OrderBy', then make sure to use the 'OrderBy' operator after 'Distinct' as the ordering would otherwise get erased. |url: https://localhost/api/_3dModel/GetMyModels/0|action: GetMy_3dModels|Microsoft.EntityFrameworkCore.Diagnostics.CoreLoggerExtensions.RowLimitingOperationWithoutOrderByWarning
2022-09-02 20:44:10.0722|0|WARN|Microsoft.EntityFrameworkCore.Query|The query uses a row limiting operator ('Skip'/'Take') without an 'OrderBy' operator. This may lead to unpredictable results. If the 'Distinct' operator is used after 'OrderBy', then make sure to use the 'OrderBy' operator after 'Distinct' as the ordering would otherwise get erased. |url: https://localhost/api/_3dModel/GetMyModels/0|action: GetMy_3dModels|Microsoft.EntityFrameworkCore.Diagnostics.CoreLoggerExtensions.RowLimitingOperationWithoutOrderByWarning
2022-09-02 20:48:29.1119|0|INFO|Microsoft.Hosting.Lifetime|Now listening on: https://localhost:7006 |url: |action: |Microsoft.AspNetCore.Hosting.GenericWebHostService.StartAsync
2022-09-02 20:48:29.1271|0|INFO|Microsoft.Hosting.Lifetime|Now listening on: http://localhost:5006 |url: |action: |Microsoft.AspNetCore.Hosting.GenericWebHostService.StartAsync
2022-09-02 20:48:29.1271|0|INFO|Microsoft.Hosting.Lifetime|Application started. Press Ctrl+C to shut down. |url: |action: |Microsoft.Extensions.Hosting.Internal.ConsoleLifetime.OnApplicationStarted
2022-09-02 20:48:29.1271|0|INFO|Microsoft.Hosting.Lifetime|Hosting environment: Development |url: |action: |Microsoft.Extensions.Hosting.Internal.ConsoleLifetime.OnApplicationStarted
2022-09-02 20:48:29.1271|0|INFO|Microsoft.Hosting.Lifetime|Content root path: C:\Users\USER\Downloads\3d-Viwer\Resource3dModelsApi\Resource3dModelsApi\ |url: |action: |Microsoft.Extensions.Hosting.Internal.ConsoleLifetime.OnApplicationStarted
2022-09-02 20:49:02.8736|0|INFO|Microsoft.Hosting.Lifetime|Now listening on: https://localhost:7006 |url: |action: |Microsoft.AspNetCore.Hosting.GenericWebHostService.StartAsync
2022-09-02 20:49:02.9018|0|INFO|Microsoft.Hosting.Lifetime|Now listening on: http://localhost:5006 |url: |action: |Microsoft.AspNetCore.Hosting.GenericWebHostService.StartAsync
2022-09-02 20:49:02.9018|0|INFO|Microsoft.Hosting.Lifetime|Application started. Press Ctrl+C to shut down. |url: |action: |Microsoft.Extensions.Hosting.Internal.ConsoleLifetime.OnApplicationStarted
2022-09-02 20:49:02.9018|0|INFO|Microsoft.Hosting.Lifetime|Hosting environment: Development |url: |action: |Microsoft.Extensions.Hosting.Internal.ConsoleLifetime.OnApplicationStarted
2022-09-02 20:49:02.9018|0|INFO|Microsoft.Hosting.Lifetime|Content root path: C:\Users\USER\Downloads\3d-Viwer\Resource3dModelsApi\Resource3dModelsApi\ |url: |action: |Microsoft.Extensions.Hosting.Internal.ConsoleLifetime.OnApplicationStarted
2022-09-02 20:49:41.8865|0|INFO|Microsoft.Hosting.Lifetime|Now listening on: https://localhost:7006 |url: |action: |Microsoft.AspNetCore.Hosting.GenericWebHostService.StartAsync
2022-09-02 20:49:41.9047|0|INFO|Microsoft.Hosting.Lifetime|Now listening on: http://localhost:5006 |url: |action: |Microsoft.AspNetCore.Hosting.GenericWebHostService.StartAsync
2022-09-02 20:49:41.9047|0|INFO|Microsoft.Hosting.Lifetime|Application started. Press Ctrl+C to shut down. |url: |action: |Microsoft.Extensions.Hosting.Internal.ConsoleLifetime.OnApplicationStarted
2022-09-02 20:49:41.9047|0|INFO|Microsoft.Hosting.Lifetime|Hosting environment: Development |url: |action: |Microsoft.Extensions.Hosting.Internal.ConsoleLifetime.OnApplicationStarted
2022-09-02 20:49:41.9047|0|INFO|Microsoft.Hosting.Lifetime|Content root path: C:\Users\USER\Downloads\3d-Viwer\Resource3dModelsApi\Resource3dModelsApi\ |url: |action: |Microsoft.Extensions.Hosting.Internal.ConsoleLifetime.OnApplicationStarted
2022-09-02 20:51:03.0193|0|INFO|Microsoft.Hosting.Lifetime|Now listening on: https://localhost:7006 |url: |action: |Microsoft.AspNetCore.Hosting.GenericWebHostService.StartAsync
2022-09-02 20:51:03.0424|0|INFO|Microsoft.Hosting.Lifetime|Now listening on: http://localhost:5006 |url: |action: |Microsoft.AspNetCore.Hosting.GenericWebHostService.StartAsync
2022-09-02 20:51:03.0424|0|INFO|Microsoft.Hosting.Lifetime|Application started. Press Ctrl+C to shut down. |url: |action: |Microsoft.Extensions.Hosting.Internal.ConsoleLifetime.OnApplicationStarted
2022-09-02 20:51:03.0424|0|INFO|Microsoft.Hosting.Lifetime|Hosting environment: Development |url: |action: |Microsoft.Extensions.Hosting.Internal.ConsoleLifetime.OnApplicationStarted
2022-09-02 20:51:03.0424|0|INFO|Microsoft.Hosting.Lifetime|Content root path: C:\Users\USER\Downloads\3d-Viwer\Resource3dModelsApi\Resource3dModelsApi\ |url: |action: |Microsoft.Extensions.Hosting.Internal.ConsoleLifetime.OnApplicationStarted
2022-09-02 20:51:34.3002|0|INFO|Microsoft.Hosting.Lifetime|Now listening on: https://localhost:7006 |url: |action: |Microsoft.AspNetCore.Hosting.GenericWebHostService.StartAsync
2022-09-02 20:51:34.3171|0|INFO|Microsoft.Hosting.Lifetime|Now listening on: http://localhost:5006 |url: |action: |Microsoft.AspNetCore.Hosting.GenericWebHostService.StartAsync
2022-09-02 20:51:34.3171|0|INFO|Microsoft.Hosting.Lifetime|Application started. Press Ctrl+C to shut down. |url: |action: |Microsoft.Extensions.Hosting.Internal.ConsoleLifetime.OnApplicationStarted
2022-09-02 20:51:34.3171|0|INFO|Microsoft.Hosting.Lifetime|Hosting environment: Development |url: |action: |Microsoft.Extensions.Hosting.Internal.ConsoleLifetime.OnApplicationStarted
2022-09-02 20:51:34.3171|0|INFO|Microsoft.Hosting.Lifetime|Content root path: C:\Users\USER\Downloads\3d-Viwer\Resource3dModelsApi\Resource3dModelsApi\ |url: |action: |Microsoft.Extensions.Hosting.Internal.ConsoleLifetime.OnApplicationStarted
2022-09-02 20:55:07.1646|0|INFO|Microsoft.Hosting.Lifetime|Now listening on: https://localhost:7006 |url: |action: |Microsoft.AspNetCore.Hosting.GenericWebHostService.StartAsync
2022-09-02 20:55:07.1864|0|INFO|Microsoft.Hosting.Lifetime|Now listening on: http://localhost:5006 |url: |action: |Microsoft.AspNetCore.Hosting.GenericWebHostService.StartAsync
2022-09-02 20:55:07.1864|0|INFO|Microsoft.Hosting.Lifetime|Application started. Press Ctrl+C to shut down. |url: |action: |Microsoft.Extensions.Hosting.Internal.ConsoleLifetime.OnApplicationStarted
2022-09-02 20:55:07.1864|0|INFO|Microsoft.Hosting.Lifetime|Hosting environment: Development |url: |action: |Microsoft.Extensions.Hosting.Internal.ConsoleLifetime.OnApplicationStarted
2022-09-02 20:55:07.1864|0|INFO|Microsoft.Hosting.Lifetime|Content root path: C:\Users\USER\Downloads\3d-Viwer\Resource3dModelsApi\Resource3dModelsApi\ |url: |action: |Microsoft.Extensions.Hosting.Internal.ConsoleLifetime.OnApplicationStarted
2022-09-02 20:55:47.4847|0|WARN|Microsoft.EntityFrameworkCore.Query|The query uses a row limiting operator ('Skip'/'Take') without an 'OrderBy' operator. This may lead to unpredictable results. If the 'Distinct' operator is used after 'OrderBy', then make sure to use the 'OrderBy' operator after 'Distinct' as the ordering would otherwise get erased. |url: https://localhost/api/_3dModel/GetMyModels/0|action: GetMy_3dModels|Microsoft.EntityFrameworkCore.Diagnostics.CoreLoggerExtensions.RowLimitingOperationWithoutOrderByWarning
2022-09-02 20:55:47.4847|0|WARN|Microsoft.EntityFrameworkCore.Query|The query uses a row limiting operator ('Skip'/'Take') without an 'OrderBy' operator. This may lead to unpredictable results. If the 'Distinct' operator is used after 'OrderBy', then make sure to use the 'OrderBy' operator after 'Distinct' as the ordering would otherwise get erased. |url: https://localhost/api/_3dModel/GetMyModels/0|action: GetMy_3dModels|Microsoft.EntityFrameworkCore.Diagnostics.CoreLoggerExtensions.RowLimitingOperationWithoutOrderByWarning
